[22:34:35] === SESJA ATOMIC START: 2026_04_14_22_34_35 ===
[22:34:44] VERTS | A1-sypialnia | [0, 1, 2, 3, 4, 5, 6, 7, 8, 9, 10, 11, 12, 13, 14, 15, 16, 17, 18, 19, 20, 21, 22, 23, 24, 25, 26, 27, 28, 29, 30, 31, 36, 37, 38, 43]
[22:34:49] KOMENDA: Edit Mode (OBJECT_OT_editmode_toggle)
[22:34:54] KOMENDA: Select (VIEW3D_OT_select)
[22:35:11] KOMENDA: Select (OUTLINER_OT_item_activate)
[22:35:18] KOMENDA: Edit Mode (OBJECT_OT_editmode_toggle)
[22:35:23] KOMENDA: Delete (MESH_OT_delete)
[22:35:25] KOMENDA: Edit Mode (OBJECT_OT_editmode_toggle)
[22:35:29] KOMENDA: Select (VIEW3D_OT_select)
[22:36:04] KOMENDA: Edit Mode (OBJECT_OT_editmode_toggle)
[22:36:07] KOMENDA: Box Select (VIEW3D_OT_select_box)
[22:36:10] KOMENDA: Select (VIEW3D_OT_select)
[22:36:55] KOMENDA: Duplicate Linked (OBJECT_OT_duplicate_move_linked)
[22:36:58] KOMENDA: Move (TRANSFORM_OT_translate)
[22:37:20] KOMENDA: Select (VIEW3D_OT_select)
[22:37:32] KOMENDA: Edit Mode (OBJECT_OT_editmode_toggle)
[22:37:55] KOMENDA: Select (VIEW3D_OT_select)
[22:38:14] KOMENDA: Set Origin (OBJECT_OT_origin_set)
[22:38:20] KOMENDA: Move (TRANSFORM_OT_translate)
[22:38:24] OBJECT_ORIGIN | A1-sypialnia.001 | TRANSFORMING...
  -> LOC: PRE(452.28, -892.36, 78.48) -> POST(452.28, -892.72, 77.98)
[22:38:24] OBJECT_ORIGIN | A1-sypialnia.001 | TRANSFORMING...
  -> LOC: PRE(452.28, -892.36, 78.48) -> POST(452.26, -892.79, 77.89)
[22:38:24] OBJECT_ORIGIN | A1-sypialnia.001 | TRANSFORMING...
  -> LOC: PRE(452.28, -892.36, 78.48) -> POST(452.25, -892.9, 77.74)
[22:38:24] OBJECT_ORIGIN | A1-sypialnia.001 | TRANSFORMING...
  -> LOC: PRE(452.28, -892.36, 78.48) -> POST(452.22, -892.95, 77.68)
[22:38:24] OBJECT_ORIGIN | A1-sypialnia.001 | TRANSFORMING...
  -> LOC: PRE(452.28, -892.36, 78.48) -> POST(452.2, -893.02, 77.59)
[22:38:24] OBJECT_ORIGIN | A1-sypialnia.001 | TRANSFORMING...
  -> LOC: PRE(452.28, -892.36, 78.48) -> POST(452.14, -893.1, 77.51)
[22:38:24] OBJECT_ORIGIN | A1-sypialnia.001 | TRANSFORMING...
  -> LOC: PRE(452.28, -892.36, 78.48) -> POST(452.48, -892.36, 78.08)
[22:38:25] OBJECT_ORIGIN | A1-sypialnia.001 | TRANSFORMING...
  -> LOC: PRE(452.28, -892.36, 78.48) -> POST(452.26, -893.29, 77.21)
[22:38:25] OBJECT_ORIGIN | A1-sypialnia.001 | TRANSFORMING...
  -> LOC: PRE(452.28, -892.36, 78.48) -> POST(452.5, -893.24, 77.21)
[22:38:25] OBJECT_ORIGIN | A1-sypialnia.001 | TRANSFORMING...
  -> LOC: PRE(452.28, -892.36, 78.48) -> POST(452.86, -893.18, 77.18)
[22:38:25] OBJECT_ORIGIN | A1-sypialnia.001 | TRANSFORMING...
  -> LOC: PRE(452.28, -892.36, 78.48) -> POST(453.17, -893.12, 77.18)
[22:38:25] OBJECT_ORIGIN | A1-sypialnia.001 | TRANSFORMING...
  -> LOC: PRE(452.28, -892.36, 78.48) -> POST(453.48, -893.05, 77.18)
[22:38:25] OBJECT_ORIGIN | A1-sypialnia.001 | TRANSFORMING...
  -> LOC: PRE(452.28, -892.36, 78.48) -> POST(453.72, -892.98, 77.21)
[22:38:25] OBJECT_ORIGIN | A1-sypialnia.001 | TRANSFORMING...
  -> LOC: PRE(452.28, -892.36, 78.48) -> POST(453.86, -892.9, 77.27)
[22:38:25] OBJECT_ORIGIN | A1-sypialnia.001 | TRANSFORMING...
  -> LOC: PRE(452.28, -892.36, 78.48) -> POST(453.89, -892.88, 77.3)
[22:38:25] OBJECT_ORIGIN | A1-sypialnia.001 | TRANSFORMING...
  -> LOC: PRE(452.28, -892.36, 78.48) -> POST(453.88, -892.84, 77.36)
[22:38:25] OBJECT_ORIGIN | A1-sypialnia.001 | TRANSFORMING...
  -> LOC: PRE(452.28, -892.36, 78.48) -> POST(453.76, -892.8, 77.45)
[22:38:25] OBJECT_ORIGIN | A1-sypialnia.001 | TRANSFORMING...
  -> LOC: PRE(452.28, -892.36, 78.48) -> POST(453.57, -892.75, 77.56)
[22:38:25] OBJECT_ORIGIN | A1-sypialnia.001 | TRANSFORMING...
  -> LOC: PRE(452.28, -892.36, 78.48) -> POST(453.38, -892.75, 77.62)
[22:38:25] OBJECT_ORIGIN | A1-sypialnia.001 | TRANSFORMING...
  -> LOC: PRE(452.28, -892.36, 78.48) -> POST(453.37, -892.68, 77.71)
[22:38:25] OBJECT_ORIGIN | A1-sypialnia.001 | TRANSFORMING...
  -> LOC: PRE(452.28, -892.36, 78.48) -> POST(453.36, -892.62, 77.8)
[22:38:25] OBJECT_ORIGIN | A1-sypialnia.001 | TRANSFORMING...
  -> LOC: PRE(452.28, -892.36, 78.48) -> POST(456.2, -892.53, 80.01)
[22:38:25] OBJECT_ORIGIN | A1-sypialnia.001 | TRANSFORMING...
  -> LOC: PRE(452.28, -892.36, 78.48) -> POST(456.2, -892.48, 80.01)
[22:38:25] OBJECT_ORIGIN | A1-sypialnia.001 | TRANSFORMING...
  -> LOC: PRE(452.28, -892.36, 78.48) -> POST(452.28, -892.36, 78.08)
[22:38:26] OBJECT_ORIGIN | A1-sypialnia.001 | TRANSFORMING...
  -> LOC: PRE(452.28, -892.36, 78.48) -> POST(452.48, -892.16, 78.08)
[22:38:26] OBJECT_ORIGIN | A1-sypialnia.001 | TRANSFORMING...
  -> LOC: PRE(452.28, -892.36, 78.48) -> POST(457.06, -892.53, 80.01)
[22:38:26] OBJECT_ORIGIN | A1-sypialnia.001 | TRANSFORMING...
  -> LOC: PRE(452.28, -892.36, 78.48) -> POST(452.48, -892.16, 78.08)
[22:38:26] OBJECT_ORIGIN | A1-sypialnia.001 | TRANSFORMING...
  -> LOC: PRE(452.28, -892.36, 78.48) -> POST(452.48, -892.36, 78.08)
[22:38:26] OBJECT_ORIGIN | A1-sypialnia.001 | TRANSFORMING...
  -> LOC: PRE(452.28, -892.36, 78.48) -> POST(457.06, -892.53, 80.01)
[22:38:28] KOMENDA: Select (VIEW3D_OT_select)
[22:38:30] KOMENDA: Move (TRANSFORM_OT_translate)
[22:39:16] OBJECT_ORIGIN | A1-sypialnia | TRANSFORMING...
  -> LOC: PRE(450.96, -892.36, 78.28) -> POST(450.87, -892.39, 78.28)
[22:39:16] OBJECT_ORIGIN | A1-sypialnia | TRANSFORMING...
  -> LOC: PRE(450.96, -892.36, 78.28) -> POST(450.73, -892.43, 78.33)
[22:39:16] OBJECT_ORIGIN | A1-sypialnia | TRANSFORMING...
  -> LOC: PRE(450.96, -892.36, 78.28) -> POST(450.55, -892.46, 78.41)
[22:39:16] OBJECT_ORIGIN | A1-sypialnia | TRANSFORMING...
  -> LOC: PRE(450.96, -892.36, 78.28) -> POST(450.32, -892.53, 78.45)
[22:39:16] OBJECT_ORIGIN | A1-sypialnia | TRANSFORMING...
  -> LOC: PRE(450.96, -892.36, 78.28) -> POST(449.87, -892.64, 78.63)
[22:39:16] OBJECT_ORIGIN | A1-sypialnia | TRANSFORMING...
  -> LOC: PRE(450.96, -892.36, 78.28) -> POST(449.59, -892.71, 78.71)
[22:39:17] OBJECT_ORIGIN | A1-sypialnia | TRANSFORMING...
  -> LOC: PRE(450.96, -892.36, 78.28) -> POST(449.66, -892.87, 78.29)
[22:39:17] OBJECT_ORIGIN | A1-sypialnia | TRANSFORMING...
  -> LOC: PRE(450.96, -892.36, 78.28) -> POST(449.93, -892.81, 78.16)
[22:39:17] OBJECT_ORIGIN | A1-sypialnia | TRANSFORMING...
  -> LOC: PRE(450.96, -892.36, 78.28) -> POST(450.03, -892.8, 78.12)
[22:39:17] OBJECT_ORIGIN | A1-sypialnia | TRANSFORMING...
  -> LOC: PRE(450.96, -892.36, 78.28) -> POST(450.08, -892.79, 78.07)
[22:39:17] OBJECT_ORIGIN | A1-sypialnia | TRANSFORMING...
  -> LOC: PRE(450.96, -892.36, 78.28) -> POST(450.08, -892.81, 78.03)
[22:39:22] OBJECT_ORIGIN | A1-sypialnia | TRANSFORMING...
  -> LOC: PRE(450.96, -892.36, 78.28) -> POST(450.96, -892.34, 78.31)
[22:39:22] OBJECT_ORIGIN | A1-sypialnia | TRANSFORMING...
  -> LOC: PRE(450.96, -892.36, 78.28) -> POST(451.01, -892.34, 78.37)
[22:39:22] OBJECT_ORIGIN | A1-sypialnia | TRANSFORMING...
  -> LOC: PRE(450.96, -892.36, 78.28) -> POST(451.12, -892.35, 78.47)
[22:39:22] OBJECT_ORIGIN | A1-sypialnia | TRANSFORMING...
  -> LOC: PRE(450.96, -892.36, 78.28) -> POST(451.23, -892.37, 78.56)
[22:39:22] OBJECT_ORIGIN | A1-sypialnia | TRANSFORMING...
  -> LOC: PRE(450.96, -892.36, 78.28) -> POST(455.54, -892.53, 80.01)
[22:39:22] OBJECT_ORIGIN | A1-sypialnia | TRANSFORMING...
  -> LOC: PRE(450.96, -892.36, 78.28) -> POST(460.56, -892.16, 78.08)
[22:39:22] OBJECT_ORIGIN | A1-sypialnia | TRANSFORMING...
  -> LOC: PRE(450.96, -892.36, 78.28) -> POST(455.54, -892.53, 80.01)
[22:39:22] OBJECT_ORIGIN | A1-sypialnia | TRANSFORMING...
  -> LOC: PRE(450.96, -892.36, 78.28) -> POST(450.96, -892.56, 78.28)
[22:39:23] OBJECT_ORIGIN | A1-sypialnia | TRANSFORMING...
  -> LOC: PRE(450.96, -892.36, 78.28) -> POST(452.15, -891.83, 80.65)
[22:39:23] OBJECT_ORIGIN | A1-sypialnia | TRANSFORMING...
  -> LOC: PRE(450.96, -892.36, 78.28) -> POST(460.56, -892.16, 78.48)
[22:39:23] OBJECT_ORIGIN | A1-sypialnia | TRANSFORMING...
  -> LOC: PRE(450.96, -892.36, 78.28) -> POST(460.56, -892.36, 78.28)
[22:39:23] OBJECT_ORIGIN | A1-sypialnia | TRANSFORMING...
  -> LOC: PRE(450.96, -892.36, 78.28) -> POST(452.35, -892.05, 80.43)
[22:39:23] OBJECT_ORIGIN | A1-sypialnia | TRANSFORMING...
  -> LOC: PRE(450.96, -892.36, 78.28) -> POST(455.54, -892.53, 80.01)
[22:39:23] OBJECT_ORIGIN | A1-sypialnia | TRANSFORMING...
  -> LOC: PRE(450.96, -892.36, 78.28) -> POST(455.34, -892.53, 80.01)
[22:39:23] OBJECT_ORIGIN | A1-sypialnia | TRANSFORMING...
  -> LOC: PRE(450.96, -892.36, 78.28) -> POST(451.06, -891.39, 80.34)
[22:39:23] OBJECT_ORIGIN | A1-sypialnia | TRANSFORMING...
  -> LOC: PRE(450.96, -892.36, 78.28) -> POST(450.76, -891.22, 80.34)
[22:39:23] OBJECT_ORIGIN | A1-sypialnia | TRANSFORMING...
  -> LOC: PRE(450.96, -892.36, 78.28) -> POST(450.61, -891.13, 80.33)
[22:39:23] OBJECT_ORIGIN | A1-sypialnia | TRANSFORMING...
  -> LOC: PRE(450.96, -892.36, 78.28) -> POST(450.58, -891.12, 80.33)
[22:39:23] OBJECT_ORIGIN | A1-sypialnia | TRANSFORMING...
  -> LOC: PRE(450.96, -892.36, 78.28) -> POST(450.55, -891.1, 80.33)
[22:39:24] OBJECT_ORIGIN | A1-sypialnia | TRANSFORMING...
  -> LOC: PRE(450.96, -892.36, 78.28) -> POST(450.58, -891.12, 80.33)
[22:39:24] OBJECT_ORIGIN | A1-sypialnia | TRANSFORMING...
  -> LOC: PRE(450.96, -892.36, 78.28) -> POST(450.67, -891.17, 80.33)
[22:39:24] OBJECT_ORIGIN | A1-sypialnia | TRANSFORMING...
  -> LOC: PRE(450.96, -892.36, 78.28) -> POST(450.79, -891.24, 80.34)
[22:39:24] OBJECT_ORIGIN | A1-sypialnia | TRANSFORMING...
  -> LOC: PRE(450.96, -892.36, 78.28) -> POST(450.94, -891.32, 80.34)
[22:39:24] OBJECT_ORIGIN | A1-sypialnia | TRANSFORMING...
  -> LOC: PRE(450.96, -892.36, 78.28) -> POST(455.34, -892.53, 80.01)
[22:39:24] OBJECT_ORIGIN | A1-sypialnia | TRANSFORMING...
  -> LOC: PRE(450.96, -892.36, 78.28) -> POST(455.54, -892.53, 80.01)
[22:39:24] OBJECT_ORIGIN | A1-sypialnia | TRANSFORMING...
  -> LOC: PRE(450.96, -892.36, 78.28) -> POST(460.56, -892.16, 78.08)
[22:39:24] OBJECT_ORIGIN | A1-sypialnia | TRANSFORMING...
  -> LOC: PRE(450.96, -892.36, 78.28) -> POST(460.76, -892.36, 78.08)
[22:39:24] OBJECT_ORIGIN | A1-sypialnia | TRANSFORMING...
  -> LOC: PRE(450.96, -892.36, 78.28) -> POST(458.48, -896.49, 78.28)
[22:39:25] OBJECT_ORIGIN | A1-sypialnia | TRANSFORMING...
  -> LOC: PRE(450.96, -892.36, 78.28) -> POST(458.24, -896.36, 78.28)
[22:39:25] OBJECT_ORIGIN | A1-sypialnia | TRANSFORMING...
  -> LOC: PRE(450.96, -892.36, 78.28) -> POST(451.83, -892.84, 78.28)
[22:39:25] OBJECT_ORIGIN | A1-sypialnia | TRANSFORMING...
  -> LOC: PRE(450.96, -892.36, 78.28) -> POST(454.55, -894.33, 78.28)
[22:39:25] OBJECT_ORIGIN | A1-sypialnia | TRANSFORMING...
  -> LOC: PRE(450.96, -892.36, 78.28) -> POST(454.4, -894.25, 78.28)
[22:39:25] OBJECT_ORIGIN | A1-sypialnia | TRANSFORMING...
  -> LOC: PRE(450.96, -892.36, 78.28) -> POST(451.94, -892.9, 78.28)
[22:39:25] OBJECT_ORIGIN | A1-sypialnia | TRANSFORMING...
  -> LOC: PRE(450.96, -892.36, 78.28) -> POST(451.04, -892.4, 78.28)
[22:39:34] KOMENDA: Select (VIEW3D_OT_select)
[22:39:38] KOMENDA: Move (TRANSFORM_OT_translate)
[22:39:39] KOMENDA: Edit Mode (OBJECT_OT_editmode_toggle)
[22:39:43] KOMENDA: Move (TRANSFORM_OT_translate)
[22:40:11] KOMENDA: Select (VIEW3D_OT_select)
[22:40:12] KOMENDA: Edit Mode (OBJECT_OT_editmode_toggle)
[22:41:24] KOMENDA: Select (VIEW3D_OT_select)
[22:41:50] KOMENDA: Edit Mode (OBJECT_OT_editmode_toggle)
[22:41:51] KOMENDA: Select (VIEW3D_OT_select)
[22:41:51] KOMENDA: Edit Mode (OBJECT_OT_editmode_toggle)
[22:41:52] KOMENDA: Select (VIEW3D_OT_select)
[22:41:56] KOMENDA: Edit Mode (OBJECT_OT_editmode_toggle)
[22:41:57] VERTS | A1-sypialnia | [4, 5, 8, 9]
[22:41:57] KOMENDA: Select (VIEW3D_OT_select)
[22:42:02] VERTS | A1-sypialnia | [5, 6, 9, 11]
[22:42:12] VERTS | A1-sypialnia | [0, 1, 2, 7]
[22:42:14] VERTS | A1-sypialnia | [0, 1, 2, 5, 6, 7, 9, 11]
[22:42:15] VERTS | A1-sypialnia | [5, 6, 9, 11]
[22:42:22] KOMENDA: Flip Normals (MESH_OT_flip_normals)
[22:42:24] VERTS | A1-sypialnia | [4, 5, 8, 9]
[22:42:24] KOMENDA: Select (VIEW3D_OT_select)
[22:42:26] VERTS | A1-sypialnia | [5, 6, 9, 11]
[22:42:58] VERTS | A1-sypialnia | [8, 9, 10, 11]
[22:42:59] KOMENDA: Edit Mode (OBJECT_OT_editmode_toggle)
[22:43:00] KOMENDA: Select (VIEW3D_OT_select)
[22:43:40] KOMENDA: Edit Mode (OBJECT_OT_editmode_toggle)
[22:43:40] KOMENDA: Select (VIEW3D_OT_select)
[22:43:41] KOMENDA: Edit Mode (OBJECT_OT_editmode_toggle)
[22:43:44] KOMENDA: Select (VIEW3D_OT_select)
[22:43:49] KOMENDA: Box Select (VIEW3D_OT_select_box)
[22:43:52] KOMENDA: Edit Mode (OBJECT_OT_editmode_toggle)
[22:43:53] KOMENDA: Select (VIEW3D_OT_select)
[22:43:54] VERTS | A1-sypialnia | [0, 1, 2, 7]
[22:43:56] KOMENDA: Select Mode (MESH_OT_select_mode)
[22:43:57] VERTS | A1-sypialnia | [1, 7]
[22:43:57] KOMENDA: Select (VIEW3D_OT_select)
[22:45:20] VERTS | A1-sypialnia | [9, 11]
[22:45:21] VERTS | A1-sypialnia | [0, 2]
[22:45:24] VERTS | A1-sypialnia | [0, 2, 6, 11]
[22:45:25] VERTS | A1-sypialnia | [10, 11]
[22:45:25] VERTS | A1-sypialnia | [8, 10]
[22:45:26] KOMENDA: Edit Mode (OBJECT_OT_editmode_toggle)
[22:45:26] KOMENDA: Select (VIEW3D_OT_select)
[22:45:27] KOMENDA: Edit Mode (OBJECT_OT_editmode_toggle)
[22:45:28] VERTS | A1-sypialnia | [0, 2]
[22:45:28] KOMENDA: Select (VIEW3D_OT_select)
[22:45:29] VERTS | A1-sypialnia | [0, 1, 2, 7]
[22:45:37] VERTS | A1-sypialnia | [1, 2]
[22:45:38] VERTS | A1-sypialnia | [0, 1, 2, 7]
[22:46:11] KOMENDA: Edit Mode (OBJECT_OT_editmode_toggle)
[22:46:56] KOMENDA: Select (VIEW3D_OT_select)
[22:47:22] KOMENDA: Edit Mode (OBJECT_OT_editmode_toggle)
[22:47:22] VERTS | A1-sypialnia | [8, 9]
[22:47:22] KOMENDA: Select (VIEW3D_OT_select)
[22:47:23] KOMENDA: Edit Mode (OBJECT_OT_editmode_toggle)
[22:47:23] KOMENDA: Select (VIEW3D_OT_select)
[22:47:24] KOMENDA: Edit Mode (OBJECT_OT_editmode_toggle)
[22:47:25] KOMENDA: Select (VIEW3D_OT_select)
[22:47:33] KOMENDA: Edit Mode (OBJECT_OT_editmode_toggle)
[22:47:33] VERTS | A1-sypialnia | [4, 8]
[22:47:33] KOMENDA: Select (VIEW3D_OT_select)
[22:47:34] KOMENDA: Select Mode (MESH_OT_select_mode)
[22:47:35] VERTS | A1-sypialnia | [5, 6, 9, 11]
[22:47:35] KOMENDA: Select (VIEW3D_OT_select)
[22:47:38] VERTS | A1-sypialnia | [0, 1, 2, 7]
[22:48:42] KOMENDA: Edit Mode (OBJECT_OT_editmode_toggle)
[22:48:46] KOMENDA: Select (VIEW3D_OT_select)
[22:48:57] KOMENDA: Duplicate Linked (OBJECT_OT_duplicate_move_linked)
[22:49:03] KOMENDA: Move (TRANSFORM_OT_translate)
[22:49:59] KOMENDA: Edit Mode (OBJECT_OT_editmode_toggle)
[22:50:19] KOMENDA: Remove Annotation Layer (GPENCIL_OT_layer_annotation_remove)
[22:50:33] KOMENDA: Edit Mode (OBJECT_OT_editmode_toggle)
[22:50:33] KOMENDA: Select (VIEW3D_OT_select)
[22:50:34] VERTS | A1_door_instance.001 | [14, 19, 20, 23]
[22:50:35] KOMENDA: Edit Mode (OBJECT_OT_editmode_toggle)
[22:50:39] KOMENDA: Remove Annotation Layer (GPENCIL_OT_layer_annotation_remove)
[22:50:44] KOMENDA: Select (VIEW3D_OT_select)
[22:51:24] KOMENDA: Edit Mode (OBJECT_OT_editmode_toggle)
[22:51:25] KOMENDA: Select (VIEW3D_OT_select)
[22:51:26] KOMENDA: Edit Mode (OBJECT_OT_editmode_toggle)
[22:51:26] VERTS | A1_door_instance.001 | [3, 10, 16, 18, 22]
[22:51:26] KOMENDA: Select (VIEW3D_OT_select)
[22:51:45] VERTS | A1_door_instance.001 | [4, 5, 6, 7, 9, 11]
[22:51:49] KOMENDA: Edit Mode (OBJECT_OT_editmode_toggle)
[22:51:52] VERTS | A1_door_instance.001 | [20, 21, 22, 23]
[22:51:52] KOMENDA: Select (VIEW3D_OT_select)
[22:51:58] KOMENDA: Select Mode (MESH_OT_select_mode)
[22:51:58] KOMENDA: Edit Mode (OBJECT_OT_editmode_toggle)
[22:51:59] KOMENDA: Select (VIEW3D_OT_select)
[22:52:00] KOMENDA: Edit Mode (OBJECT_OT_editmode_toggle)
[22:52:00] VERTS | A1-base_instantiator-rest_and_hygiene_quarters | [66]
[22:52:00] KOMENDA: Select (VIEW3D_OT_select)
[22:52:01] VERTS | A1-base_instantiator-rest_and_hygiene_quarters | [72]
[22:52:01] VERTS | A1-base_instantiator-rest_and_hygiene_quarters | [66]
[22:52:02] KOMENDA: Edit Mode (OBJECT_OT_editmode_toggle)
[22:52:03] KOMENDA: Select (VIEW3D_OT_select)
[22:52:03] VERTS | A1_door_instance.001 | [20, 21, 22, 23]
[22:52:03] KOMENDA: Edit Mode (OBJECT_OT_editmode_toggle)
[22:52:04] VERTS | A1_door_instance.001 | [2]
[22:52:04] KOMENDA: Select (VIEW3D_OT_select)
[22:52:06] VERTS | A1_door_instance.001 | [0]
[22:52:06] KOMENDA: Snap Cursor to Selected (VIEW3D_OT_snap_cursor_to_selected)
[22:52:08] KOMENDA: Edit Mode (OBJECT_OT_editmode_toggle)
[22:52:12] KOMENDA: Add Cube (MESH_OT_primitive_cube_add)
[22:52:13] VERTS | Cube | [0, 1, 2, 3, 4, 5, 6, 7]
[22:52:13] KOMENDA: Edit Mode (OBJECT_OT_editmode_toggle)
[22:52:18] KOMENDA: Select (VIEW3D_OT_select)
[22:52:19] KOMENDA: Edit Mode (OBJECT_OT_editmode_toggle)
[22:52:19] KOMENDA: Select (VIEW3D_OT_select)
[22:52:21] KOMENDA: Edit Mode (OBJECT_OT_editmode_toggle)
[22:52:23] VERTS | Cube | [4]
[22:52:23] KOMENDA: Select (VIEW3D_OT_select)
[22:52:23] KOMENDA: Edit Mode (OBJECT_OT_editmode_toggle)
[22:52:24] KOMENDA: Select (VIEW3D_OT_select)
[22:52:26] KOMENDA: Edit Mode (OBJECT_OT_editmode_toggle)
[22:52:35] VERTS | Cube | [6]
[22:52:35] KOMENDA: Box Select (VIEW3D_OT_select_box)
[22:52:40] VERTS | Cube | [2]
[22:52:48] VERTS | Cube | [7]
[22:52:53] VERTS | Cube | [5]
[22:53:12] VERTS | Cube | [4, 7]
[22:53:17] VERTS | Cube | [3]
[22:53:28] KOMENDA: Move (TRANSFORM_OT_translate)
[22:53:28] VERTS | Cube | [3]
  -> V3 PRE(459.29, -897.32, 78.29) -> POST(459.3, -897.3, 78.31)
[22:53:28] VERTS | Cube | [3]
  -> V3 PRE(459.29, -897.32, 78.29) -> POST(459.29, -897.28, 78.33)
[22:53:28] VERTS | Cube | [3]
  -> V3 PRE(459.29, -897.32, 78.29) -> POST(459.29, -897.26, 78.35)
[22:53:28] VERTS | Cube | [3]
  -> V3 PRE(459.29, -897.32, 78.29) -> POST(459.29, -897.23, 78.37)
[22:53:28] VERTS | Cube | [3]
  -> V3 PRE(459.29, -897.32, 78.29) -> POST(459.28, -897.21, 78.38)
[22:53:28] VERTS | Cube | [3]
  -> V3 PRE(459.29, -897.32, 78.29) -> POST(459.28, -897.2, 78.39)
[22:53:28] VERTS | Cube | [3]
  -> V3 PRE(459.29, -897.32, 78.29) -> POST(459.28, -897.2, 78.4)
[22:53:28] VERTS | Cube | [3]
  -> V3 PRE(459.29, -897.32, 78.29) -> POST(459.28, -897.19, 78.4)
[22:53:28] VERTS | Cube | [3]
  -> V3 PRE(459.29, -897.32, 78.29) -> POST(459.26, -897.11, 78.46)
[22:53:28] VERTS | Cube | [3]
  -> V3 PRE(459.29, -897.32, 78.29) -> POST(459.26, -897.09, 78.47)
[22:53:28] VERTS | Cube | [3]
  -> V3 PRE(459.29, -897.32, 78.29) -> POST(459.25, -897.07, 78.49)
[22:53:28] VERTS | Cube | [3]
  -> V3 PRE(459.29, -897.32, 78.29) -> POST(459.25, -897.04, 78.51)
[22:53:28] VERTS | Cube | [3]
  -> V3 PRE(459.29, -897.32, 78.29) -> POST(459.24, -897.01, 78.53)
[22:53:28] VERTS | Cube | [3]
  -> V3 PRE(459.29, -897.32, 78.29) -> POST(459.23, -896.98, 78.56)
[22:53:28] VERTS | Cube | [3]
  -> V3 PRE(459.29, -897.32, 78.29) -> POST(459.23, -896.95, 78.58)
[22:53:28] VERTS | Cube | [3]
  -> V3 PRE(459.29, -897.32, 78.29) -> POST(459.23, -896.93, 78.6)
[22:53:28] VERTS | Cube | [3]
  -> V3 PRE(459.29, -897.32, 78.29) -> POST(459.22, -896.92, 78.61)
[22:53:28] VERTS | Cube | [3]
  -> V3 PRE(459.29, -897.32, 78.29) -> POST(460.06, -895.59, 78.26)
[22:53:32] VERTS | Cube | [1]
[22:53:32] KOMENDA: Box Select (VIEW3D_OT_select_box)
[22:53:35] VERTS | Cube | [0]
[22:53:38] VERTS | Cube | [0, 1, 2, 3, 4, 5, 6, 7]
[22:53:38] KOMENDA: (De)select All (MESH_OT_select_all)
[22:53:43] KOMENDA: Edit Mode (OBJECT_OT_editmode_toggle)
[22:53:43] KOMENDA: Box Select (VIEW3D_OT_select_box)
[22:53:44] KOMENDA: Edit Mode (OBJECT_OT_editmode_toggle)
[22:53:45] VERTS | Cube | [0]
[22:53:45] KOMENDA: Box Select (VIEW3D_OT_select_box)
[22:53:53] KOMENDA: Move (TRANSFORM_OT_translate)
[22:53:53] VERTS | Cube | [0]
  -> V0 PRE(459.92, -897.16, 75.98) -> POST(460.06, -897.16, 75.98)
[22:53:53] VERTS | Cube | [0]
[22:53:59] VERTS | Cube | [0]
  -> V0 PRE(459.92, -897.16, 75.98) -> POST(459.93, -897.17, 76.0)
[22:53:59] VERTS | Cube | [0]
  -> V0 PRE(459.92, -897.16, 75.98) -> POST(459.96, -897.19, 76.07)
[22:53:59] VERTS | Cube | [0]
  -> V0 PRE(459.92, -897.16, 75.98) -> POST(460.0, -897.22, 76.15)
[22:53:59] VERTS | Cube | [0]
  -> V0 PRE(459.92, -897.16, 75.98) -> POST(460.03, -897.24, 76.2)
[22:53:59] VERTS | Cube | [0]
  -> V0 PRE(459.92, -897.16, 75.98) -> POST(460.06, -897.25, 76.25)
[22:53:59] VERTS | Cube | [0]
  -> V0 PRE(459.92, -897.16, 75.98) -> POST(460.06, -897.16, 75.98)
[22:54:00] VERTS | Cube | [0]
[22:54:00] VERTS | Cube | [0]
  -> V0 PRE(459.92, -897.16, 75.98) -> POST(460.06, -897.16, 75.98)
[22:54:01] VERTS | Cube | [0]
[22:54:04] KOMENDA: Box Select (VIEW3D_OT_select_box)
[22:54:04] VERTS | Cube | [2]
[22:54:08] VERTS | Cube | [0]
[22:54:28] KOMENDA: Select (VIEW3D_OT_select)
[22:54:28] KOMENDA: Edit Mode (OBJECT_OT_editmode_toggle)
[22:54:38] KOMENDA: Select (VIEW3D_OT_select)
[22:54:53] KOMENDA: Edit Mode (OBJECT_OT_editmode_toggle)
[22:54:54] KOMENDA: Select (VIEW3D_OT_select)
[22:54:56] KOMENDA: Edit Mode (OBJECT_OT_editmode_toggle)
[22:55:01] KOMENDA: Select (VIEW3D_OT_select)
[22:55:02] VERTS | A1-sypialnia | [6]
[22:55:02] KOMENDA: Edit Mode (OBJECT_OT_editmode_toggle)
[22:55:03] KOMENDA: Select (VIEW3D_OT_select)
[22:55:04] KOMENDA: Box Select (VIEW3D_OT_select_box)
[22:55:06] KOMENDA: Select (VIEW3D_OT_select)
[22:55:07] KOMENDA: Box Select (VIEW3D_OT_select_box)
[22:55:08] KOMENDA: Edit Mode (OBJECT_OT_editmode_toggle)
[22:55:09] KOMENDA: Select (VIEW3D_OT_select)
[22:55:09] KOMENDA: Edit Mode (OBJECT_OT_editmode_toggle)
[22:55:10] VERTS | Cube | [4]
[22:55:10] KOMENDA: Box Select (VIEW3D_OT_select_box)
[22:56:19] KOMENDA: Edit Mode (OBJECT_OT_editmode_toggle)
[22:56:36] KOMENDA: Select (OUTLINER_OT_item_activate)
[22:56:45] KOMENDA: Rename (OUTLINER_OT_item_rename)
[22:56:47] KOMENDA: Select (OUTLINER_OT_item_activate)
[22:56:51] KOMENDA: Rename (OUTLINER_OT_item_rename)
[22:56:56] KOMENDA: Select (OUTLINER_OT_item_activate)
[22:57:03] KOMENDA: Outliner ID Data Paste (OUTLINER_OT_id_paste)
[22:57:11] KOMENDA: Select (OUTLINER_OT_item_activate)
[22:57:20] KOMENDA: Rename (OUTLINER_OT_item_rename)
[22:57:23] KOMENDA: Select (OUTLINER_OT_item_activate)
[22:57:30] KOMENDA: Rename (OUTLINER_OT_item_rename)
[22:57:38] KOMENDA: Select (VIEW3D_OT_select)
[22:57:44] VERTS | A1-sypialnia | [6]
[22:57:44] KOMENDA: Edit Mode (OBJECT_OT_editmode_toggle)
[22:57:45] KOMENDA: Select (VIEW3D_OT_select)
[22:57:46] KOMENDA: Edit Mode (OBJECT_OT_editmode_toggle)
[22:57:46] KOMENDA: Select Mode (MESH_OT_select_mode)
[22:57:47] VERTS | A1-sypialnia | [0, 1, 2, 3, 4, 5, 6, 7, 8, 9, 10, 11]
[22:57:47] KOMENDA: Box Select (VIEW3D_OT_select_box)
[22:57:48] VERTS | A1-sypialnia | [0, 2, 9, 11]
[22:57:50] VERTS | A1-sypialnia | [0, 1, 2, 5, 6, 7, 9, 11]
[22:58:00] KOMENDA: Bridge Edge Loops (MESH_OT_bridge_edge_loops)
[22:58:06] KOMENDA: Edit Mode (OBJECT_OT_editmode_toggle)
[22:58:16] KOMENDA: Box Select (VIEW3D_OT_select_box)
[22:58:16] KOMENDA: Edit Mode (OBJECT_OT_editmode_toggle)
[22:58:41] KOMENDA: Select (VIEW3D_OT_select)
[22:58:43] KOMENDA: Hide Objects (OBJECT_OT_hide_view_set)
[22:58:46] KOMENDA: (De)select All (OBJECT_OT_select_all)
[22:58:47] KOMENDA: Select (VIEW3D_OT_select)
[22:58:48] KOMENDA: Hide Objects (OBJECT_OT_hide_view_set)
[22:58:55] KOMENDA: Edit Mode (OBJECT_OT_editmode_toggle)
[22:58:59] KOMENDA: Select (VIEW3D_OT_select)
[22:58:59] KOMENDA: Edit Mode (OBJECT_OT_editmode_toggle)
[22:59:02] KOMENDA: Select Mode (MESH_OT_select_mode)
[22:59:05] KOMENDA: Edit Mode (OBJECT_OT_editmode_toggle)
[22:59:05] KOMENDA: Select (VIEW3D_OT_select)
[22:59:05] KOMENDA: Edit Mode (OBJECT_OT_editmode_toggle)
[22:59:08] KOMENDA: Select (VIEW3D_OT_select)
[22:59:08] KOMENDA: Edit Mode (OBJECT_OT_editmode_toggle)
[22:59:13] VERTS | A1-sypialnia | [3, 4, 6, 8, 10, 11]
[22:59:13] KOMENDA: Box Select (VIEW3D_OT_select_box)
[22:59:13] VERTS | A1-sypialnia | [3, 6, 10, 11]
[22:59:14] KOMENDA: Select (VIEW3D_OT_select)
[22:59:15] KOMENDA: Edit Mode (OBJECT_OT_editmode_toggle)
[22:59:16] KOMENDA: Select (VIEW3D_OT_select)
[22:59:19] KOMENDA: Flip Normals (MESH_OT_flip_normals)
[22:59:21] VERTS | A1-sypialnia | [3, 4, 5, 6]
[22:59:21] KOMENDA: Select (VIEW3D_OT_select)
[22:59:22] KOMENDA: Flip Normals (MESH_OT_flip_normals)
[22:59:25] VERTS | A1-sypialnia | [4, 5, 8, 9]
[22:59:25] KOMENDA: Select (VIEW3D_OT_select)
[22:59:26] KOMENDA: Flip Normals (MESH_OT_flip_normals)
[22:59:27] VERTS | A1-sypialnia | [8, 9, 10, 11]
[22:59:27] KOMENDA: Select (VIEW3D_OT_select)
[22:59:28] KOMENDA: Flip Normals (MESH_OT_flip_normals)
[23:00:04] KOMENDA: Edit Mode (OBJECT_OT_editmode_toggle)
[23:00:05] KOMENDA: Select (VIEW3D_OT_select)
[23:00:12] KOMENDA: Edit Mode (OBJECT_OT_editmode_toggle)
[23:00:13] VERTS | A1-base_instantiator-rest_and_hygiene_quarters | [52, 54, 59, 60]
[23:00:13] KOMENDA: Select (VIEW3D_OT_select)
[23:00:27] KOMENDA: Select Mode (MESH_OT_select_mode)
[23:00:28] VERTS | A1-base_instantiator-rest_and_hygiene_quarters | [47, 50]
[23:00:28] KOMENDA: Select (VIEW3D_OT_select)
[23:00:29] VERTS | A1-base_instantiator-rest_and_hygiene_quarters | [41, 47]
[23:00:30] KOMENDA: Select Mode (MESH_OT_select_mode)
[23:00:30] VERTS | A1-base_instantiator-rest_and_hygiene_quarters | [41, 42, 47, 50]
[23:00:30] KOMENDA: Select (VIEW3D_OT_select)
[23:01:00] KOMENDA: Edit Mode (OBJECT_OT_editmode_toggle)
[23:01:01] KOMENDA: Select (VIEW3D_OT_select)
[23:01:02] KOMENDA: Edit Mode (OBJECT_OT_editmode_toggle)
[23:01:02] VERTS | A1-base_instantiator-rest_and_hygiene_quarters | [36, 48, 64, 65, 68, 69]
[23:01:02] KOMENDA: Select (VIEW3D_OT_select)
[23:01:04] KOMENDA: Edit Mode (OBJECT_OT_editmode_toggle)
[23:01:05] KOMENDA: Select (VIEW3D_OT_select)
[23:01:16] VERTS | A1-sypialnia.001 | [8, 9, 10, 11]
[23:01:16] KOMENDA: Edit Mode (OBJECT_OT_editmode_toggle)
[23:02:00] VERTS | A1-sypialnia.001 | [0, 1, 2, 7]
[23:02:00] KOMENDA: Select (VIEW3D_OT_select)
[23:02:05] KOMENDA: Select (OUTLINER_OT_item_activate)
[23:02:06] KOMENDA: Rename (OUTLINER_OT_item_rename)
[23:02:11] KOMENDA: Select (OUTLINER_OT_item_activate)
[23:02:15] VERTS | A1-sypialnia_instance | [0, 1, 2, 7]
[23:02:15] KOMENDA: Rename (OUTLINER_OT_item_rename)
[23:02:18] KOMENDA: Select (VIEW3D_OT_select)
[23:02:23] KOMENDA: Edit Mode (OBJECT_OT_editmode_toggle)
[23:02:33] KOMENDA: Ruler Add (VIEW3D_OT_ruler_add)
[23:02:36] KOMENDA: Duplicate Objects (OBJECT_OT_duplicate_move)
[23:02:55] KOMENDA: Move (TRANSFORM_OT_translate)
[23:02:59] OBJECT_ORIGIN | A1-sypialnia_instance.001 | TRANSFORMING...
  -> LOC: PRE(468.02, -876.07, 73.28) -> POST(467.82, -876.07, 73.28)
[23:02:59] OBJECT_ORIGIN | A1-sypialnia_instance.001 | TRANSFORMING...
  -> LOC: PRE(468.02, -876.07, 73.28) -> POST(464.6, -875.93, 72.98)
[23:02:59] OBJECT_ORIGIN | A1-sypialnia_instance.001 | TRANSFORMING...
  -> LOC: PRE(468.02, -876.07, 73.28) -> POST(463.73, -875.9, 72.9)
[23:02:59] OBJECT_ORIGIN | A1-sypialnia_instance.001 | TRANSFORMING...
  -> LOC: PRE(468.02, -876.07, 73.28) -> POST(462.78, -875.92, 72.78)
[23:02:59] OBJECT_ORIGIN | A1-sypialnia_instance.001 | TRANSFORMING...
  -> LOC: PRE(468.02, -876.07, 73.28) -> POST(461.91, -875.89, 72.69)
[23:02:59] OBJECT_ORIGIN | A1-sypialnia_instance.001 | TRANSFORMING...
  -> LOC: PRE(468.02, -876.07, 73.28) -> POST(461.17, -875.89, 72.61)
[23:02:59] OBJECT_ORIGIN | A1-sypialnia_instance.001 | TRANSFORMING...
  -> LOC: PRE(468.02, -876.07, 73.28) -> POST(464.82, -876.07, 73.28)
[23:02:59] OBJECT_ORIGIN | A1-sypialnia_instance.001 | TRANSFORMING...
  -> LOC: PRE(468.02, -876.07, 73.28) -> POST(456.08, -875.65, 72.19)
[23:02:59] OBJECT_ORIGIN | A1-sypialnia_instance.001 | TRANSFORMING...
  -> LOC: PRE(468.02, -876.07, 73.28) -> POST(454.94, -875.59, 72.11)
[23:02:59] OBJECT_ORIGIN | A1-sypialnia_instance.001 | TRANSFORMING...
  -> LOC: PRE(468.02, -876.07, 73.28) -> POST(454.27, -875.59, 72.03)
[23:02:59] OBJECT_ORIGIN | A1-sypialnia_instance.001 | TRANSFORMING...
  -> LOC: PRE(468.02, -876.07, 73.28) -> POST(454.13, -875.62, 71.98)
[23:02:59] OBJECT_ORIGIN | A1-sypialnia_instance.001 | TRANSFORMING...
  -> LOC: PRE(468.02, -876.07, 73.28) -> POST(454.06, -875.61, 71.98)
[23:02:59] OBJECT_ORIGIN | A1-sypialnia_instance.001 | TRANSFORMING...
  -> LOC: PRE(468.02, -876.07, 73.28) -> POST(453.86, -875.63, 71.94)
[23:02:59] OBJECT_ORIGIN | A1-sypialnia_instance.001 | TRANSFORMING...
  -> LOC: PRE(468.02, -876.07, 73.28) -> POST(453.46, -875.63, 71.9)
[23:03:00] OBJECT_ORIGIN | A1-sypialnia_instance.001 | TRANSFORMING...
  -> LOC: PRE(468.02, -876.07, 73.28) -> POST(449.75, -875.18, 71.81)
[23:03:00] OBJECT_ORIGIN | A1-sypialnia_instance.001 | TRANSFORMING...
  -> LOC: PRE(468.02, -876.07, 73.28) -> POST(449.41, -875.18, 71.77)
[23:03:00] OBJECT_ORIGIN | A1-sypialnia_instance.001 | TRANSFORMING...
  -> LOC: PRE(468.02, -876.07, 73.28) -> POST(449.28, -875.16, 71.77)
[23:03:00] OBJECT_ORIGIN | A1-sypialnia_instance.001 | TRANSFORMING...
  -> LOC: PRE(468.02, -876.07, 73.28) -> POST(449.22, -875.1, 71.81)
[23:03:00] OBJECT_ORIGIN | A1-sypialnia_instance.001 | TRANSFORMING...
  -> LOC: PRE(468.02, -876.07, 73.28) -> POST(449.1, -874.97, 71.89)
[23:03:00] OBJECT_ORIGIN | A1-sypialnia_instance.001 | TRANSFORMING...
  -> LOC: PRE(468.02, -876.07, 73.28) -> POST(448.98, -874.9, 71.93)
[23:03:00] OBJECT_ORIGIN | A1-sypialnia_instance.001 | TRANSFORMING...
  -> LOC: PRE(468.02, -876.07, 73.28) -> POST(448.92, -874.84, 71.97)
[23:03:00] OBJECT_ORIGIN | A1-sypialnia_instance.001 | TRANSFORMING...
  -> LOC: PRE(468.02, -876.07, 73.28) -> POST(448.85, -874.83, 71.97)
[23:03:00] OBJECT_ORIGIN | A1-sypialnia_instance.001 | TRANSFORMING...
  -> LOC: PRE(468.02, -876.07, 73.28) -> POST(448.84, -874.93, 71.89)
[23:03:00] OBJECT_ORIGIN | A1-sypialnia_instance.001 | TRANSFORMING...
  -> LOC: PRE(468.02, -876.07, 73.28) -> POST(448.8, -875.19, 71.69)
[23:03:00] OBJECT_ORIGIN | A1-sypialnia_instance.001 | TRANSFORMING...
  -> LOC: PRE(468.02, -876.07, 73.28) -> POST(448.71, -875.34, 71.57)
[23:03:00] OBJECT_ORIGIN | A1-sypialnia_instance.001 | TRANSFORMING...
  -> LOC: PRE(468.02, -876.07, 73.28) -> POST(448.7, -875.44, 71.48)
[23:03:00] OBJECT_ORIGIN | A1-sypialnia_instance.001 | TRANSFORMING...
  -> LOC: PRE(468.02, -876.07, 73.28) -> POST(448.62, -875.53, 71.4)
[23:03:00] OBJECT_ORIGIN | A1-sypialnia_instance.001 | TRANSFORMING...
  -> LOC: PRE(468.02, -876.07, 73.28) -> POST(448.6, -875.64, 71.32)
[23:03:00] OBJECT_ORIGIN | A1-sypialnia_instance.001 | TRANSFORMING...
  -> LOC: PRE(468.02, -876.07, 73.28) -> POST(448.59, -875.74, 71.24)
[23:03:00] OBJECT_ORIGIN | A1-sypialnia_instance.001 | TRANSFORMING...
  -> LOC: PRE(468.02, -876.07, 73.28) -> POST(448.57, -875.84, 71.16)
[23:03:00] OBJECT_ORIGIN | A1-sypialnia_instance.001 | TRANSFORMING...
  -> LOC: PRE(468.02, -876.07, 73.28) -> POST(448.55, -875.95, 71.08)
[23:03:00] OBJECT_ORIGIN | A1-sypialnia_instance.001 | TRANSFORMING...
  -> LOC: PRE(468.02, -876.07, 73.28) -> POST(448.55, -876.0, 71.04)
[23:03:00] OBJECT_ORIGIN | A1-sypialnia_instance.001 | TRANSFORMING...
  -> LOC: PRE(468.02, -876.07, 73.28) -> POST(448.54, -876.05, 71.0)
[23:03:00] OBJECT_ORIGIN | A1-sypialnia_instance.001 | TRANSFORMING...
  -> LOC: PRE(468.02, -876.07, 73.28) -> POST(448.53, -876.1, 70.96)
[23:03:00] OBJECT_ORIGIN | A1-sypialnia_instance.001 | TRANSFORMING...
  -> LOC: PRE(468.02, -876.07, 73.28) -> POST(448.52, -876.21, 70.88)
[23:03:00] OBJECT_ORIGIN | A1-sypialnia_instance.001 | TRANSFORMING...
  -> LOC: PRE(468.02, -876.07, 73.28) -> POST(448.5, -876.31, 70.8)
[23:03:00] OBJECT_ORIGIN | A1-sypialnia_instance.001 | TRANSFORMING...
  -> LOC: PRE(468.02, -876.07, 73.28) -> POST(448.67, -876.54, 70.64)
[23:03:00] OBJECT_ORIGIN | A1-sypialnia_instance.001 | TRANSFORMING...
  -> LOC: PRE(468.02, -876.07, 73.28) -> POST(448.79, -876.67, 70.56)
[23:03:00] OBJECT_ORIGIN | A1-sypialnia_instance.001 | TRANSFORMING...
  -> LOC: PRE(468.02, -876.07, 73.28) -> POST(448.85, -876.68, 70.56)
[23:03:00] OBJECT_ORIGIN | A1-sypialnia_instance.001 | TRANSFORMING...
  -> LOC: PRE(468.02, -876.07, 73.28) -> POST(448.84, -876.73, 70.52)
[23:03:00] OBJECT_ORIGIN | A1-sypialnia_instance.001 | TRANSFORMING...
  -> LOC: PRE(468.02, -876.07, 73.28) -> POST(448.84, -876.78, 70.48)
[23:03:00] OBJECT_ORIGIN | A1-sypialnia_instance.001 | TRANSFORMING...
  -> LOC: PRE(468.02, -876.07, 73.28) -> POST(448.83, -876.83, 70.44)
[23:03:00] OBJECT_ORIGIN | A1-sypialnia_instance.001 | TRANSFORMING...
  -> LOC: PRE(468.02, -876.07, 73.28) -> POST(448.75, -876.93, 70.36)
[23:03:00] OBJECT_ORIGIN | A1-sypialnia_instance.001 | TRANSFORMING...
  -> LOC: PRE(468.02, -876.07, 73.28) -> POST(448.73, -877.03, 70.28)
[23:03:00] OBJECT_ORIGIN | A1-sypialnia_instance.001 | TRANSFORMING...
  -> LOC: PRE(468.02, -876.07, 73.28) -> POST(448.72, -877.08, 70.24)
[23:03:01] OBJECT_ORIGIN | A1-sypialnia_instance.001 | TRANSFORMING...
  -> LOC: PRE(468.02, -876.07, 73.28) -> POST(448.73, -877.03, 70.28)
[23:03:01] OBJECT_ORIGIN | A1-sypialnia_instance.001 | TRANSFORMING...
  -> LOC: PRE(468.02, -876.07, 73.28) -> POST(448.75, -876.93, 70.36)
[23:03:01] OBJECT_ORIGIN | A1-sypialnia_instance.001 | TRANSFORMING...
  -> LOC: PRE(468.02, -876.07, 73.28) -> POST(449.85, -874.5, 72.33)
[23:03:01] OBJECT_ORIGIN | A1-sypialnia_instance.001 | TRANSFORMING...
  -> LOC: PRE(468.02, -876.07, 73.28) -> POST(450.15, -874.29, 72.54)
[23:03:01] OBJECT_ORIGIN | A1-sypialnia_instance.001 | TRANSFORMING...
  -> LOC: PRE(468.02, -876.07, 73.28) -> POST(450.3, -874.2, 72.62)
[23:03:01] OBJECT_ORIGIN | A1-sypialnia_instance.001 | TRANSFORMING...
  -> LOC: PRE(468.02, -876.07, 73.28) -> POST(450.36, -874.21, 72.62)
[23:03:01] OBJECT_ORIGIN | A1-sypialnia_instance.001 | TRANSFORMING...
  -> LOC: PRE(468.02, -876.07, 73.28) -> POST(450.51, -874.13, 72.7)
[23:03:01] OBJECT_ORIGIN | A1-sypialnia_instance.001 | TRANSFORMING...
  -> LOC: PRE(468.02, -876.07, 73.28) -> POST(450.58, -874.09, 72.74)
[23:03:01] OBJECT_ORIGIN | A1-sypialnia_instance.001 | TRANSFORMING...
  -> LOC: PRE(468.02, -876.07, 73.28) -> POST(450.8, -874.01, 72.82)
[23:03:01] OBJECT_ORIGIN | A1-sypialnia_instance.001 | TRANSFORMING...
  -> LOC: PRE(468.02, -876.07, 73.28) -> POST(451.55, -873.92, 72.98)
[23:03:01] OBJECT_ORIGIN | A1-sypialnia_instance.001 | TRANSFORMING...
  -> LOC: PRE(468.02, -876.07, 73.28) -> POST(452.77, -873.89, 73.15)
[23:03:01] OBJECT_ORIGIN | A1-sypialnia_instance.001 | TRANSFORMING...
  -> LOC: PRE(468.02, -876.07, 73.28) -> POST(454.17, -873.99, 73.23)
[23:03:01] OBJECT_ORIGIN | A1-sypialnia_instance.001 | TRANSFORMING...
  -> LOC: PRE(468.02, -876.07, 73.28) -> POST(456.01, -874.32, 73.2)
[23:03:01] OBJECT_ORIGIN | A1-sypialnia_instance.001 | TRANSFORMING...
  -> LOC: PRE(468.02, -876.07, 73.28) -> POST(464.82, -876.07, 73.28)
[23:03:01] OBJECT_ORIGIN | A1-sypialnia_instance.001 | TRANSFORMING...
  -> LOC: PRE(468.02, -876.07, 73.28) -> POST(461.01, -876.07, 72.45)
[23:03:01] OBJECT_ORIGIN | A1-sypialnia_instance.001 | TRANSFORMING...
  -> LOC: PRE(468.02, -876.07, 73.28) -> POST(464.08, -876.69, 72.34)
[23:03:01] OBJECT_ORIGIN | A1-sypialnia_instance.001 | TRANSFORMING...
  -> LOC: PRE(468.02, -876.07, 73.28) -> POST(467.82, -876.07, 73.08)
[23:03:03] OBJECT_ORIGIN | A1-sypialnia_instance.001 | TRANSFORMING...
  -> LOC: PRE(468.02, -876.07, 73.28) -> POST(465.75, -875.51, 73.03)
[23:03:03] OBJECT_ORIGIN | A1-sypialnia_instance.001 | TRANSFORMING...
  -> LOC: PRE(468.02, -876.07, 73.28) -> POST(465.16, -875.39, 72.98)
[23:03:03] OBJECT_ORIGIN | A1-sypialnia_instance.001 | TRANSFORMING...
  -> LOC: PRE(468.02, -876.07, 73.28) -> POST(464.57, -875.26, 72.93)
[23:03:03] OBJECT_ORIGIN | A1-sypialnia_instance.001 | TRANSFORMING...
  -> LOC: PRE(468.02, -876.07, 73.28) -> POST(463.54, -874.96, 72.93)
[23:03:03] OBJECT_ORIGIN | A1-sypialnia_instance.001 | TRANSFORMING...
  -> LOC: PRE(468.02, -876.07, 73.28) -> POST(462.25, -874.63, 72.88)
[23:03:03] OBJECT_ORIGIN | A1-sypialnia_instance.001 | TRANSFORMING...
  -> LOC: PRE(468.02, -876.07, 73.28) -> POST(461.41, -874.38, 72.88)
[23:03:03] OBJECT_ORIGIN | A1-sypialnia_instance.001 | TRANSFORMING...
  -> LOC: PRE(468.02, -876.07, 73.28) -> POST(460.45, -874.1, 72.89)
[23:03:03] OBJECT_ORIGIN | A1-sypialnia_instance.001 | TRANSFORMING...
  -> LOC: PRE(468.02, -876.07, 73.28) -> POST(459.08, -873.79, 72.79)
[23:03:03] OBJECT_ORIGIN | A1-sypialnia_instance.001 | TRANSFORMING...
  -> LOC: PRE(468.02, -876.07, 73.28) -> POST(457.64, -873.47, 72.69)
[23:03:03] OBJECT_ORIGIN | A1-sypialnia_instance.001 | TRANSFORMING...
  -> LOC: PRE(468.02, -876.07, 73.28) -> POST(456.52, -873.24, 72.59)
[23:03:03] OBJECT_ORIGIN | A1-sypialnia_instance.001 | TRANSFORMING...
  -> LOC: PRE(468.02, -876.07, 73.28) -> POST(456.01, -873.09, 72.59)
[23:03:03] OBJECT_ORIGIN | A1-sypialnia_instance.001 | TRANSFORMING...
  -> LOC: PRE(468.02, -876.07, 73.28) -> POST(455.8, -873.07, 72.55)
[23:03:03] OBJECT_ORIGIN | A1-sypialnia_instance.001 | TRANSFORMING...
  -> LOC: PRE(468.02, -876.07, 73.28) -> POST(455.74, -873.05, 72.55)
[23:03:03] OBJECT_ORIGIN | A1-sypialnia_instance.001 | TRANSFORMING...
  -> LOC: PRE(468.02, -876.07, 73.28) -> POST(455.72, -873.1, 72.5)
[23:03:03] OBJECT_ORIGIN | A1-sypialnia_instance.001 | TRANSFORMING...
  -> LOC: PRE(468.02, -876.07, 73.28) -> POST(455.77, -873.17, 72.45)
[23:03:03] OBJECT_ORIGIN | A1-sypialnia_instance.001 | TRANSFORMING...
  -> LOC: PRE(468.02, -876.07, 73.28) -> POST(456.09, -873.26, 72.45)
[23:03:03] OBJECT_ORIGIN | A1-sypialnia_instance.001 | TRANSFORMING...
  -> LOC: PRE(468.02, -876.07, 73.28) -> POST(456.35, -873.34, 72.45)
[23:03:03] OBJECT_ORIGIN | A1-sypialnia_instance.001 | TRANSFORMING...
  -> LOC: PRE(468.02, -876.07, 73.28) -> POST(456.41, -873.35, 72.45)
[23:03:03] OBJECT_ORIGIN | A1-sypialnia_instance.001 | TRANSFORMING...
  -> LOC: PRE(468.02, -876.07, 73.28) -> POST(456.45, -873.46, 72.35)
[23:03:03] OBJECT_ORIGIN | A1-sypialnia_instance.001 | TRANSFORMING...
  -> LOC: PRE(468.02, -876.07, 73.28) -> POST(456.37, -873.49, 72.3)
[23:03:03] OBJECT_ORIGIN | A1-sypialnia_instance.001 | TRANSFORMING...
  -> LOC: PRE(468.02, -876.07, 73.28) -> POST(456.07, -873.55, 72.15)
[23:03:03] OBJECT_ORIGIN | A1-sypialnia_instance.001 | TRANSFORMING...
  -> LOC: PRE(468.02, -876.07, 73.28) -> POST(455.63, -873.62, 71.96)
[23:03:03] OBJECT_ORIGIN | A1-sypialnia_instance.001 | TRANSFORMING...
  -> LOC: PRE(468.02, -876.07, 73.28) -> POST(455.31, -873.73, 71.76)
[23:03:03] OBJECT_ORIGIN | A1-sypialnia_instance.001 | TRANSFORMING...
  -> LOC: PRE(468.02, -876.07, 73.28) -> POST(455.07, -873.85, 71.56)
[23:03:03] OBJECT_ORIGIN | A1-sypialnia_instance.001 | TRANSFORMING...
  -> LOC: PRE(468.02, -876.07, 73.28) -> POST(454.88, -874.0, 71.37)
[23:03:03] OBJECT_ORIGIN | A1-sypialnia_instance.001 | TRANSFORMING...
  -> LOC: PRE(468.02, -876.07, 73.28) -> POST(454.85, -874.09, 71.27)
[23:03:03] OBJECT_ORIGIN | A1-sypialnia_instance.001 | TRANSFORMING...
  -> LOC: PRE(468.02, -876.07, 73.28) -> POST(454.74, -874.21, 71.12)
[23:03:04] OBJECT_ORIGIN | A1-sypialnia_instance.001 | TRANSFORMING...
  -> LOC: PRE(468.02, -876.07, 73.28) -> POST(454.73, -874.25, 71.07)
[23:03:04] OBJECT_ORIGIN | A1-sypialnia_instance.001 | TRANSFORMING...
  -> LOC: PRE(468.02, -876.07, 73.28) -> POST(454.71, -874.3, 71.02)
[23:03:04] OBJECT_ORIGIN | A1-sypialnia_instance.001 | TRANSFORMING...
  -> LOC: PRE(468.02, -876.07, 73.28) -> POST(454.7, -874.34, 70.98)
[23:03:04] OBJECT_ORIGIN | A1-sypialnia_instance.001 | TRANSFORMING...
  -> LOC: PRE(468.02, -876.07, 73.28) -> POST(454.69, -874.39, 70.93)
[23:03:04] OBJECT_ORIGIN | A1-sypialnia_instance.001 | TRANSFORMING...
  -> LOC: PRE(468.02, -876.07, 73.28) -> POST(454.75, -874.41, 70.93)
[23:03:04] OBJECT_ORIGIN | A1-sypialnia_instance.001 | TRANSFORMING...
  -> LOC: PRE(468.02, -876.07, 73.28) -> POST(454.94, -874.46, 70.93)
[23:03:04] OBJECT_ORIGIN | A1-sypialnia_instance.001 | TRANSFORMING...
  -> LOC: PRE(468.02, -876.07, 73.28) -> POST(455.2, -874.54, 70.93)
[23:03:04] OBJECT_ORIGIN | A1-sypialnia_instance.001 | TRANSFORMING...
  -> LOC: PRE(468.02, -876.07, 73.28) -> POST(455.73, -874.4, 71.22)
[23:03:04] OBJECT_ORIGIN | A1-sypialnia_instance.001 | TRANSFORMING...
  -> LOC: PRE(468.02, -876.07, 73.28) -> POST(455.89, -874.35, 71.32)
[23:03:04] OBJECT_ORIGIN | A1-sypialnia_instance.001 | TRANSFORMING...
  -> LOC: PRE(468.02, -876.07, 73.28) -> POST(456.29, -872.87, 72.89)
[23:03:04] OBJECT_ORIGIN | A1-sypialnia_instance.001 | TRANSFORMING...
  -> LOC: PRE(468.02, -876.07, 73.28) -> POST(456.3, -872.82, 72.94)
[23:03:04] OBJECT_ORIGIN | A1-sypialnia_instance.001 | TRANSFORMING...
  -> LOC: PRE(468.02, -876.07, 73.28) -> POST(456.24, -872.8, 72.94)
[23:03:04] OBJECT_ORIGIN | A1-sypialnia_instance.001 | TRANSFORMING...
  -> LOC: PRE(468.02, -876.07, 73.28) -> POST(456.25, -872.76, 72.99)
[23:03:04] OBJECT_ORIGIN | A1-sypialnia_instance.001 | TRANSFORMING...
  -> LOC: PRE(468.02, -876.07, 73.28) -> POST(456.15, -872.63, 73.08)
[23:03:04] OBJECT_ORIGIN | A1-sypialnia_instance.001 | TRANSFORMING...
  -> LOC: PRE(468.02, -876.07, 73.28) -> POST(456.05, -872.5, 73.18)
[23:03:04] OBJECT_ORIGIN | A1-sypialnia_instance.001 | TRANSFORMING...
  -> LOC: PRE(468.02, -876.07, 73.28) -> POST(455.95, -872.37, 73.28)
[23:03:04] OBJECT_ORIGIN | A1-sypialnia_instance.001 | TRANSFORMING...
  -> LOC: PRE(468.02, -876.07, 73.28) -> POST(455.94, -872.42, 73.23)
[23:03:04] OBJECT_ORIGIN | A1-sypialnia_instance.001 | TRANSFORMING...
  -> LOC: PRE(468.02, -876.07, 73.28) -> POST(455.96, -872.57, 73.08)
[23:03:04] OBJECT_ORIGIN | A1-sypialnia_instance.001 | TRANSFORMING...
  -> LOC: PRE(468.02, -876.07, 73.28) -> POST(455.92, -872.71, 72.94)
[23:03:04] OBJECT_ORIGIN | A1-sypialnia_instance.001 | TRANSFORMING...
  -> LOC: PRE(468.02, -876.07, 73.28) -> POST(455.89, -872.8, 72.84)
[23:03:04] OBJECT_ORIGIN | A1-sypialnia_instance.001 | TRANSFORMING...
  -> LOC: PRE(468.02, -876.07, 73.28) -> POST(455.86, -872.89, 72.74)
[23:03:04] OBJECT_ORIGIN | A1-sypialnia_instance.001 | TRANSFORMING...
  -> LOC: PRE(468.02, -876.07, 73.28) -> POST(455.84, -872.94, 72.69)
[23:03:04] OBJECT_ORIGIN | A1-sypialnia_instance.001 | TRANSFORMING...
  -> LOC: PRE(468.02, -876.07, 73.28) -> POST(455.83, -872.98, 72.64)
[23:03:04] OBJECT_ORIGIN | A1-sypialnia_instance.001 | TRANSFORMING...
  -> LOC: PRE(468.02, -876.07, 73.28) -> POST(455.8, -873.07, 72.55)
[23:03:04] OBJECT_ORIGIN | A1-sypialnia_instance.001 | TRANSFORMING...
  -> LOC: PRE(468.02, -876.07, 73.28) -> POST(455.74, -873.05, 72.55)
[23:03:04] OBJECT_ORIGIN | A1-sypialnia_instance.001 | TRANSFORMING...
  -> LOC: PRE(468.02, -876.07, 73.28) -> POST(455.54, -873.25, 72.3)
[23:03:05] OBJECT_ORIGIN | A1-sypialnia_instance.001 | TRANSFORMING...
  -> LOC: PRE(468.02, -876.07, 73.28) -> POST(455.47, -873.23, 72.3)
[23:03:05] OBJECT_ORIGIN | A1-sypialnia_instance.001 | TRANSFORMING...
  -> LOC: PRE(468.02, -876.07, 73.28) -> POST(455.41, -873.21, 72.3)
[23:03:05] OBJECT_ORIGIN | A1-sypialnia_instance.001 | TRANSFORMING...
  -> LOC: PRE(468.02, -876.07, 73.28) -> POST(455.28, -873.17, 72.3)
[23:03:05] OBJECT_ORIGIN | A1-sypialnia_instance.001 | TRANSFORMING...
  -> LOC: PRE(468.02, -876.07, 73.28) -> POST(454.9, -873.06, 72.3)
[23:03:05] OBJECT_ORIGIN | A1-sypialnia_instance.001 | TRANSFORMING...
  -> LOC: PRE(468.02, -876.07, 73.28) -> POST(454.42, -873.02, 72.2)
[23:03:05] OBJECT_ORIGIN | A1-sypialnia_instance.001 | TRANSFORMING...
  -> LOC: PRE(468.02, -876.07, 73.28) -> POST(454.21, -873.0, 72.15)
[23:03:05] OBJECT_ORIGIN | A1-sypialnia_instance.001 | TRANSFORMING...
  -> LOC: PRE(468.02, -876.07, 73.28) -> POST(454.13, -873.03, 72.1)
[23:03:05] OBJECT_ORIGIN | A1-sypialnia_instance.001 | TRANSFORMING...
  -> LOC: PRE(468.02, -876.07, 73.28) -> POST(454.3, -873.18, 72.01)
[23:03:05] OBJECT_ORIGIN | A1-sypialnia_instance.001 | TRANSFORMING...
  -> LOC: PRE(468.02, -876.07, 73.28) -> POST(454.52, -873.35, 71.91)
[23:03:05] OBJECT_ORIGIN | A1-sypialnia_instance.001 | TRANSFORMING...
  -> LOC: PRE(468.02, -876.07, 73.28) -> POST(455.41, -873.66, 71.86)
[23:03:05] OBJECT_ORIGIN | A1-sypialnia_instance.001 | TRANSFORMING...
  -> LOC: PRE(468.02, -876.07, 73.28) -> POST(456.68, -874.08, 71.81)
[23:03:05] OBJECT_ORIGIN | A1-sypialnia_instance.001 | TRANSFORMING...
  -> LOC: PRE(468.02, -876.07, 73.28) -> POST(458.85, -874.72, 71.81)
[23:03:05] OBJECT_ORIGIN | A1-sypialnia_instance.001 | TRANSFORMING...
  -> LOC: PRE(468.02, -876.07, 73.28) -> POST(461.5, -875.45, 71.85)
[23:03:05] OBJECT_ORIGIN | A1-sypialnia_instance.001 | TRANSFORMING...
  -> LOC: PRE(468.02, -876.07, 73.28) -> POST(464.47, -876.23, 71.95)
[23:03:05] OBJECT_ORIGIN | A1-sypialnia_instance.001 | TRANSFORMING...
  -> LOC: PRE(468.02, -876.07, 73.28) -> POST(467.52, -877.03, 72.05)
[23:03:05] OBJECT_ORIGIN | A1-sypialnia_instance.001 | TRANSFORMING...
  -> LOC: PRE(468.02, -876.07, 73.28) -> POST(469.66, -877.56, 72.14)
[23:03:05] OBJECT_ORIGIN | A1-sypialnia_instance.001 | TRANSFORMING...
  -> LOC: PRE(468.02, -876.07, 73.28) -> POST(471.02, -877.91, 72.19)
[23:03:05] OBJECT_ORIGIN | A1-sypialnia_instance.001 | TRANSFORMING...
  -> LOC: PRE(468.02, -876.07, 73.28) -> POST(471.75, -878.03, 72.29)
[23:03:05] OBJECT_ORIGIN | A1-sypialnia_instance.001 | TRANSFORMING...
  -> LOC: PRE(468.02, -876.07, 73.28) -> POST(475.71, -878.35, 73.12)
[23:03:05] OBJECT_ORIGIN | A1-sypialnia_instance.001 | TRANSFORMING...
  -> LOC: PRE(468.02, -876.07, 73.28) -> POST(475.73, -878.3, 73.17)
[23:03:05] OBJECT_ORIGIN | A1-sypialnia_instance.001 | TRANSFORMING...
  -> LOC: PRE(468.02, -876.07, 73.28) -> POST(475.77, -878.17, 73.32)
[23:03:05] OBJECT_ORIGIN | A1-sypialnia_instance.001 | TRANSFORMING...
  -> LOC: PRE(468.02, -876.07, 73.28) -> POST(476.27, -877.91, 73.71)
[23:03:05] OBJECT_ORIGIN | A1-sypialnia_instance.001 | TRANSFORMING...
  -> LOC: PRE(468.02, -876.07, 73.28) -> POST(464.82, -876.07, 73.28)
[23:03:05] OBJECT_ORIGIN | A1-sypialnia_instance.001 | TRANSFORMING...
  -> LOC: PRE(468.02, -876.07, 73.28) -> POST(481.24, -876.59, 76.45)
[23:03:05] OBJECT_ORIGIN | A1-sypialnia_instance.001 | TRANSFORMING...
  -> LOC: PRE(468.02, -876.07, 73.28) -> POST(482.63, -876.2, 77.24)
[23:03:05] OBJECT_ORIGIN | A1-sypialnia_instance.001 | TRANSFORMING...
  -> LOC: PRE(468.02, -876.07, 73.28) -> POST(483.32, -876.01, 77.63)
[23:03:05] OBJECT_ORIGIN | A1-sypialnia_instance.001 | TRANSFORMING...
  -> LOC: PRE(468.02, -876.07, 73.28) -> POST(483.69, -875.92, 77.82)
[23:03:05] OBJECT_ORIGIN | A1-sypialnia_instance.001 | TRANSFORMING...
  -> LOC: PRE(468.02, -876.07, 73.28) -> POST(483.92, -875.88, 77.92)
[23:03:06] OBJECT_ORIGIN | A1-sypialnia_instance.001 | TRANSFORMING...
  -> LOC: PRE(468.02, -876.07, 73.28) -> POST(484.03, -875.97, 77.87)
[23:03:06] OBJECT_ORIGIN | A1-sypialnia_instance.001 | TRANSFORMING...
  -> LOC: PRE(468.02, -876.07, 73.28) -> POST(484.16, -876.21, 77.68)
[23:03:06] OBJECT_ORIGIN | A1-sypialnia_instance.001 | TRANSFORMING...
  -> LOC: PRE(468.02, -876.07, 73.28) -> POST(484.41, -876.53, 77.43)
[23:03:06] OBJECT_ORIGIN | A1-sypialnia_instance.001 | TRANSFORMING...
  -> LOC: PRE(468.02, -876.07, 73.28) -> POST(484.69, -876.76, 77.28)
[23:03:06] OBJECT_ORIGIN | A1-sypialnia_instance.001 | TRANSFORMING...
  -> LOC: PRE(468.02, -876.07, 73.28) -> POST(467.82, -876.07, 73.28)
[23:03:06] OBJECT_ORIGIN | A1-sypialnia_instance.001 | TRANSFORMING...
  -> LOC: PRE(468.02, -876.07, 73.28) -> POST(467.82, -876.07, 73.08)
[23:03:10] KOMENDA: Edit Mode (OBJECT_OT_editmode_toggle)
[23:03:11] VERTS | A1-sypialnia_instance.001 | [3, 4, 8, 10]
[23:03:11] KOMENDA: Select (VIEW3D_OT_select)
[23:03:11] KOMENDA: Edit Mode (OBJECT_OT_editmode_toggle)
[23:03:13] KOMENDA: Select Mode (MESH_OT_select_mode)
[23:03:14] KOMENDA: Box Select (VIEW3D_OT_select_box)
[23:03:19] KOMENDA: Edit Mode (OBJECT_OT_editmode_toggle)
[23:03:20] VERTS | A1-sypialnia_instance.001 | [2, 9]
[23:03:20] KOMENDA: Box Select (VIEW3D_OT_select_box)
[23:03:27] KOMENDA: Edit Mode (OBJECT_OT_editmode_toggle)
[23:03:33] KOMENDA: Move (TRANSFORM_OT_translate)
[23:03:37] KOMENDA: Ruler Add (VIEW3D_OT_ruler_add)
[23:03:39] KOMENDA: Move (TRANSFORM_OT_translate)
[23:03:44] KOMENDA: Edit Mode (OBJECT_OT_editmode_toggle)
[23:03:46] VERTS | A1-sypialnia_instance.001 | [2]
[23:03:46] KOMENDA: Select (VIEW3D_OT_select)
[23:03:47] KOMENDA: Edit Mode (OBJECT_OT_editmode_toggle)
[23:03:51] KOMENDA: Box Select (VIEW3D_OT_select_box)
[23:03:51] KOMENDA: Edit Mode (OBJECT_OT_editmode_toggle)
[23:03:52] KOMENDA: Box Select (VIEW3D_OT_select_box)
[23:03:54] KOMENDA: Edit Mode (OBJECT_OT_editmode_toggle)
[23:03:55] VERTS | A1-sypialnia_instance.001 | [8]
[23:03:55] KOMENDA: Box Select (VIEW3D_OT_select_box)
[23:03:58] VERTS | A1-sypialnia_instance.001 | [0, 1, 2, 3, 4, 5, 6, 7, 8, 9, 10, 11]
[23:03:58] KOMENDA: (De)select All (MESH_OT_select_all)
[23:05:51] VERTS | A1-sypialnia_instance.001 | [0, 1, 2, 3, 4, 5, 6, 7, 9, 10, 11]
[23:05:51] KOMENDA: Select (VIEW3D_OT_select)
[23:05:51] VERTS | A1-sypialnia_instance.001 | [0, 1, 2, 3, 4, 5, 6, 7, 8, 9, 10, 11]
[23:06:21] VERTS | A1-sypialnia_instance.001 | [1, 2, 4, 5, 8, 9]
[23:06:21] KOMENDA: Box Select (VIEW3D_OT_select_box)
[23:06:27] VERTS | A1-sypialnia_instance.001 | [1, 2, 4, 5, 9]
[23:06:27] KOMENDA: Select (VIEW3D_OT_select)
[23:06:28] VERTS | A1-sypialnia_instance.001 | [1, 2, 4, 5, 8, 9]
[23:06:33] VERTS | A1-sypialnia_instance.001 | [0, 3, 6, 7, 10, 11]
[23:06:33] KOMENDA: Box Select (VIEW3D_OT_select_box)
[23:06:59] VERTS | A1-sypialnia_instance.001 | [0, 3, 6, 7, 11]
[23:06:59] KOMENDA: Select (VIEW3D_OT_select)
[23:07:00] VERTS | A1-sypialnia_instance.001 | [0, 3, 6, 7, 10, 11]
[23:07:05] KOMENDA: Move (TRANSFORM_OT_translate)
[23:07:05] VERTS | A1-sypialnia_instance.001 | [0, 3, 6, 7, 10, 11]
  -> V0 PRE(456.5, -890.85, 76.06) -> POST(456.49, -890.85, 76.07)
  -> V3 PRE(456.5, -887.56, 80.66) -> POST(456.49, -887.55, 80.67)
  -> V6 PRE(456.5, -890.76, 80.66) -> POST(456.49, -890.76, 80.67)
  -> V7 PRE(456.5, -890.85, 80.66) -> POST(456.49, -890.85, 80.67)
  -> V10 PRE(456.5, -887.56, 76.06) -> POST(456.49, -887.55, 76.07)
  -> V11 PRE(456.5, -890.76, 76.06) -> POST(456.49, -890.76, 76.07)
[23:07:05] VERTS | A1-sypialnia_instance.001 | [0, 3, 6, 7, 10, 11]
  -> V0 PRE(456.5, -890.85, 76.06) -> POST(456.45, -890.86, 76.09)
  -> V3 PRE(456.5, -887.56, 80.66) -> POST(456.45, -887.56, 80.69)
  -> V6 PRE(456.5, -890.76, 80.66) -> POST(456.45, -890.76, 80.69)
  -> V7 PRE(456.5, -890.85, 80.66) -> POST(456.45, -890.86, 80.69)
  -> V10 PRE(456.5, -887.56, 76.06) -> POST(456.45, -887.56, 76.09)
  -> V11 PRE(456.5, -890.76, 76.06) -> POST(456.45, -890.76, 76.09)
[23:07:05] VERTS | A1-sypialnia_instance.001 | [0, 3, 6, 7, 10, 11]
  -> V0 PRE(456.5, -890.85, 76.06) -> POST(456.4, -890.87, 76.11)
  -> V3 PRE(456.5, -887.56, 80.66) -> POST(456.4, -887.57, 80.71)
  -> V6 PRE(456.5, -890.76, 80.66) -> POST(456.4, -890.77, 80.71)
  -> V7 PRE(456.5, -890.85, 80.66) -> POST(456.4, -890.87, 80.71)
  -> V10 PRE(456.5, -887.56, 76.06) -> POST(456.4, -887.57, 76.11)
  -> V11 PRE(456.5, -890.76, 76.06) -> POST(456.4, -890.77, 76.11)
[23:07:05] VERTS | A1-sypialnia_instance.001 | [0, 3, 6, 7, 10, 11]
  -> V0 PRE(456.5, -890.85, 76.06) -> POST(456.62, -890.86, 75.98)
  -> V3 PRE(456.5, -887.56, 80.66) -> POST(456.62, -887.56, 80.58)
  -> V6 PRE(456.5, -890.76, 80.66) -> POST(456.62, -890.76, 80.58)
  -> V7 PRE(456.5, -890.85, 80.66) -> POST(456.62, -890.86, 80.58)
  -> V10 PRE(456.5, -887.56, 76.06) -> POST(456.62, -887.56, 75.98)
  -> V11 PRE(456.5, -890.76, 76.06) -> POST(456.62, -890.76, 75.98)
[23:07:15] VERTS | A1-sypialnia_instance.001 | [0, 3, 6, 7, 10, 11]
  -> V0 PRE(456.5, -890.85, 76.06) -> POST(456.62, -890.85, 75.98)
  -> V3 PRE(456.5, -887.56, 80.66) -> POST(456.62, -887.55, 80.58)
  -> V6 PRE(456.5, -890.76, 80.66) -> POST(456.62, -890.76, 80.58)
  -> V7 PRE(456.5, -890.85, 80.66) -> POST(456.62, -890.85, 80.58)
  -> V10 PRE(456.5, -887.56, 76.06) -> POST(456.62, -887.55, 75.98)
  -> V11 PRE(456.5, -890.76, 76.06) -> POST(456.62, -890.76, 75.98)
[23:07:15] VERTS | A1-sypialnia_instance.001 | [0, 3, 6, 7, 10, 11]
  -> V0 PRE(456.5, -890.85, 76.06) -> POST(456.62, -890.85, 75.98)
  -> V3 PRE(456.5, -887.56, 80.66) -> POST(456.62, -887.55, 80.58)
  -> V6 PRE(456.5, -890.76, 80.66) -> POST(456.62, -890.75, 80.58)
  -> V7 PRE(456.5, -890.85, 80.66) -> POST(456.62, -890.85, 80.58)
  -> V10 PRE(456.5, -887.56, 76.06) -> POST(456.62, -887.55, 75.98)
  -> V11 PRE(456.5, -890.76, 76.06) -> POST(456.62, -890.75, 75.98)
[23:07:15] VERTS | A1-sypialnia_instance.001 | [0, 3, 6, 7, 10, 11]
  -> V0 PRE(456.5, -890.85, 76.06) -> POST(456.63, -890.85, 75.97)
  -> V3 PRE(456.5, -887.56, 80.66) -> POST(456.63, -887.55, 80.57)
  -> V6 PRE(456.5, -890.76, 80.66) -> POST(456.63, -890.75, 80.57)
  -> V7 PRE(456.5, -890.85, 80.66) -> POST(456.63, -890.85, 80.57)
  -> V10 PRE(456.5, -887.56, 76.06) -> POST(456.63, -887.55, 75.97)
  -> V11 PRE(456.5, -890.76, 76.06) -> POST(456.63, -890.75, 75.97)
[23:07:15] VERTS | A1-sypialnia_instance.001 | [0, 3, 6, 7, 10, 11]
  -> V0 PRE(456.5, -890.85, 76.06) -> POST(456.64, -890.85, 75.97)
  -> V3 PRE(456.5, -887.56, 80.66) -> POST(456.64, -887.55, 80.57)
  -> V6 PRE(456.5, -890.76, 80.66) -> POST(456.64, -890.75, 80.57)
  -> V7 PRE(456.5, -890.85, 80.66) -> POST(456.64, -890.85, 80.57)
  -> V10 PRE(456.5, -887.56, 76.06) -> POST(456.64, -887.55, 75.97)
  -> V11 PRE(456.5, -890.76, 76.06) -> POST(456.64, -890.75, 75.97)
[23:07:15] VERTS | A1-sypialnia_instance.001 | [0, 3, 6, 7, 10, 11]
  -> V0 PRE(456.5, -890.85, 76.06) -> POST(456.67, -890.84, 75.97)
  -> V3 PRE(456.5, -887.56, 80.66) -> POST(456.67, -887.54, 80.57)
  -> V6 PRE(456.5, -890.76, 80.66) -> POST(456.67, -890.74, 80.57)
  -> V7 PRE(456.5, -890.85, 80.66) -> POST(456.67, -890.84, 80.57)
  -> V10 PRE(456.5, -887.56, 76.06) -> POST(456.67, -887.54, 75.97)
  -> V11 PRE(456.5, -890.76, 76.06) -> POST(456.67, -890.74, 75.97)
[23:07:15] VERTS | A1-sypialnia_instance.001 | [0, 3, 6, 7, 10, 11]
  -> V0 PRE(456.5, -890.85, 76.06) -> POST(456.69, -890.83, 75.96)
  -> V3 PRE(456.5, -887.56, 80.66) -> POST(456.69, -887.53, 80.56)
  -> V6 PRE(456.5, -890.76, 80.66) -> POST(456.69, -890.73, 80.56)
  -> V7 PRE(456.5, -890.85, 80.66) -> POST(456.69, -890.83, 80.56)
  -> V10 PRE(456.5, -887.56, 76.06) -> POST(456.69, -887.53, 75.96)
  -> V11 PRE(456.5, -890.76, 76.06) -> POST(456.69, -890.73, 75.96)
[23:07:16] VERTS | A1-sypialnia_instance.001 | [0, 3, 6, 7, 10, 11]
  -> V0 PRE(456.5, -890.85, 76.06) -> POST(456.71, -890.82, 75.96)
  -> V3 PRE(456.5, -887.56, 80.66) -> POST(456.71, -887.52, 80.56)
  -> V6 PRE(456.5, -890.76, 80.66) -> POST(456.71, -890.72, 80.56)
  -> V7 PRE(456.5, -890.85, 80.66) -> POST(456.71, -890.82, 80.56)
  -> V10 PRE(456.5, -887.56, 76.06) -> POST(456.71, -887.52, 75.96)
  -> V11 PRE(456.5, -890.76, 76.06) -> POST(456.71, -890.72, 75.96)
[23:07:16] VERTS | A1-sypialnia_instance.001 | [0, 3, 6, 7, 10, 11]
  -> V0 PRE(456.5, -890.85, 76.06) -> POST(456.73, -890.82, 75.95)
  -> V3 PRE(456.5, -887.56, 80.66) -> POST(456.73, -887.52, 80.55)
  -> V6 PRE(456.5, -890.76, 80.66) -> POST(456.73, -890.72, 80.55)
  -> V7 PRE(456.5, -890.85, 80.66) -> POST(456.73, -890.82, 80.55)
  -> V10 PRE(456.5, -887.56, 76.06) -> POST(456.73, -887.52, 75.95)
  -> V11 PRE(456.5, -890.76, 76.06) -> POST(456.73, -890.72, 75.95)
[23:07:16] VERTS | A1-sypialnia_instance.001 | [0, 3, 6, 7, 10, 11]
  -> V0 PRE(456.5, -890.85, 76.06) -> POST(456.72, -890.86, 75.98)
  -> V3 PRE(456.5, -887.56, 80.66) -> POST(456.72, -887.56, 80.58)
  -> V6 PRE(456.5, -890.76, 80.66) -> POST(456.72, -890.76, 80.58)
  -> V7 PRE(456.5, -890.85, 80.66) -> POST(456.72, -890.86, 80.58)
  -> V10 PRE(456.5, -887.56, 76.06) -> POST(456.72, -887.56, 75.98)
  -> V11 PRE(456.5, -890.76, 76.06) -> POST(456.72, -890.76, 75.98)
[23:07:42] KOMENDA: Edit Mode (OBJECT_OT_editmode_toggle)
[23:07:42] KOMENDA: Select (VIEW3D_OT_select)
[23:07:43] VERTS | A1-sypialnia_instance.001 | [0, 3, 6, 7, 10, 11]
[23:07:43] KOMENDA: Edit Mode (OBJECT_OT_editmode_toggle)
[23:07:47] VERTS | A1-sypialnia_instance.001 | [3, 6, 10, 11]
[23:07:47] KOMENDA: Select Mode (MESH_OT_select_mode)
[23:08:02] KOMENDA: Ruler Add (VIEW3D_OT_ruler_add)
[23:08:04] KOMENDA: Select (OUTLINER_OT_item_activate)
[23:08:10] KOMENDA: Move to Collection (OUTLINER_OT_collection_drop)
[23:08:21] KOMENDA: Edit Mode (OBJECT_OT_editmode_toggle)
[23:08:27] VERTS | A1-sypialnia_instance.001 | [8, 9, 10, 11]
[23:08:27] KOMENDA: Select (VIEW3D_OT_select)
[23:08:31] VERTS | A1-sypialnia_instance.001 | [0, 1, 2, 7]
[23:08:33] VERTS | A1-sypialnia_instance.001 | [0, 1, 2, 5, 6, 7, 9, 11]
[23:09:13] VERTS | A1-sypialnia_instance.001 | [5, 6, 9, 11]
[23:09:14] VERTS | A1-sypialnia_instance.001 | [0, 1, 2, 7]
[23:09:18] VERTS | A1-sypialnia_instance.001 | [5, 6, 9, 11]
[23:09:24] VERTS | A1-sypialnia_instance.001 | [0, 1, 2, 7]
[23:09:38] VERTS | A1-sypialnia_instance.001 | [5, 6, 9, 11]
[23:09:42] VERTS | A1-sypialnia_instance.001 | [0, 1, 2, 7]
[23:09:43] VERTS | A1-sypialnia_instance.001 | [0, 1, 2, 5, 6, 7, 9, 11]
[23:09:56] VERTS | A1-sypialnia_instance.001 | [5, 6, 9, 11]
[23:09:57] VERTS | A1-sypialnia_instance.001 | [0, 1, 2, 7]
[23:10:00] VERTS | A1-sypialnia_instance.001 | [5, 6, 9, 11]
[23:11:41] KOMENDA: Edit Mode (OBJECT_OT_editmode_toggle)
[23:11:42] KOMENDA: Select (VIEW3D_OT_select)
[23:11:42] KOMENDA: Edit Mode (OBJECT_OT_editmode_toggle)
[23:11:44] KOMENDA: Select (VIEW3D_OT_select)
[23:12:07] KOMENDA: Edit Mode (OBJECT_OT_editmode_toggle)
[23:12:07] VERTS | A1-sypialnia_instance.001 | [0, 1, 2, 7]
[23:12:07] KOMENDA: Select (VIEW3D_OT_select)
[23:12:09] VERTS | A1-sypialnia_instance.001 | [0, 1, 2, 5, 6, 7, 9, 11]
[23:12:14] VERTS | A1-sypialnia_instance.001 | [12, 13, 14, 15, 16, 17, 18, 19]
[23:12:21] KOMENDA: Add Duplicate (MESH_OT_duplicate_move)
[23:12:35] KOMENDA: Select Mode (MESH_OT_select_mode)
[23:12:36] VERTS | A1-sypialnia_instance.001 | [19]
[23:12:36] KOMENDA: Select (VIEW3D_OT_select)
[23:12:40] VERTS | A1-sypialnia_instance.001 | [0, 1, 2, 3, 4, 5, 6, 7, 8, 9, 10, 11, 12, 13, 14, 15, 16, 17, 18, 19]
[23:12:40] KOMENDA: (De)select All (MESH_OT_select_all)
[23:12:41] VERTS | A1-sypialnia_instance.001 | [19]
[23:12:41] KOMENDA: Select (VIEW3D_OT_select)
[23:12:42] KOMENDA: Select Mode (MESH_OT_select_mode)
[23:12:43] VERTS | A1-sypialnia_instance.001 | [15, 16, 18, 19]
[23:12:43] KOMENDA: Select (VIEW3D_OT_select)
[23:12:48] VERTS | A1-sypialnia_instance.001 | [12, 13, 14, 15, 16, 17, 18, 19]
[23:15:01] KOMENDA: Edit Mode (OBJECT_OT_editmode_toggle)
[23:15:02] VERTS | A1-sypialnia_instance.001 | [12, 13, 14, 17]
[23:15:02] KOMENDA: Select (VIEW3D_OT_select)
[23:15:04] VERTS | A1-sypialnia_instance.001 | [15, 16, 18, 19]
[23:15:05] VERTS | A1-sypialnia_instance.001 | [12, 13, 14, 17]
[23:15:10] VERTS | A1-sypialnia_instance.001 | [15, 16, 18, 19]
[23:15:11] VERTS | A1-sypialnia_instance.001 | [12, 13, 14, 17]
[23:15:14] VERTS | A1-sypialnia_instance.001 | [15, 16, 18, 19]
[23:15:25] VERTS | A1-sypialnia_instance.001 | [12, 13, 14, 17]
[23:15:43] KOMENDA: Edit Mode (OBJECT_OT_editmode_toggle)
[23:15:53] VERTS | A1-sypialnia_instance.001 | [0, 1, 2, 3]
[23:16:05] VERTS | A1-sypialnia_instance.001 | [12, 13, 14, 17]
[23:16:05] KOMENDA: Select (OUTLINER_OT_item_activate)
[23:16:17] VERTS | A1-bathroom-toilet_instantiator | [12, 13, 14, 17]
[23:16:17] KOMENDA: Rename (OUTLINER_OT_item_rename)
[23:16:30] KOMENDA: Select (OUTLINER_OT_item_activate)
[23:16:33] KOMENDA: Select (VIEW3D_OT_select)
[23:16:34] KOMENDA: Edit Mode (OBJECT_OT_editmode_toggle)
[23:16:35] KOMENDA: Select (VIEW3D_OT_select)
[23:16:38] KOMENDA: Duplicate Objects (OBJECT_OT_duplicate_move)
[23:16:39] KOMENDA: Select (VIEW3D_OT_select)
[23:16:45] KOMENDA: Set Origin (OBJECT_OT_origin_set)
[23:16:53] KOMENDA: Move to Collection (OUTLINER_OT_collection_drop)
[23:16:54] KOMENDA: Select (OUTLINER_OT_item_activate)
[23:17:02] KOMENDA: Rename (OUTLINER_OT_item_rename)
[23:17:03] KOMENDA: Select (OUTLINER_OT_item_activate)
[23:17:13] KOMENDA: Rename (OUTLINER_OT_item_rename)
[23:17:15] KOMENDA: Select (OUTLINER_OT_item_activate)
[23:17:25] KOMENDA: Rename (OUTLINER_OT_item_rename)
[23:17:29] KOMENDA: Select (OUTLINER_OT_item_activate)
[23:17:38] KOMENDA: Rename (OUTLINER_OT_item_rename)
[23:17:41] KOMENDA: Select (OUTLINER_OT_item_activate)
[23:17:46] KOMENDA: Rename (OUTLINER_OT_item_rename)
[23:17:54] KOMENDA: Select (OUTLINER_OT_item_activate)
[23:18:24] KOMENDA: Rename (OUTLINER_OT_item_rename)
[23:18:29] KOMENDA: Select (OUTLINER_OT_item_activate)
[23:18:35] KOMENDA: Rename (OUTLINER_OT_item_rename)
[23:18:37] KOMENDA: Select (OUTLINER_OT_item_activate)
[23:18:42] KOMENDA: Rename (OUTLINER_OT_item_rename)
[23:18:42] KOMENDA: Select (OUTLINER_OT_item_activate)
[23:18:49] KOMENDA: Outliner ID Data Paste (OUTLINER_OT_id_paste)
[23:18:50] KOMENDA: Select (OUTLINER_OT_item_activate)
[23:18:52] KOMENDA: Rename (OUTLINER_OT_item_rename)
[23:18:53] KOMENDA: Select (OUTLINER_OT_item_activate)
[23:19:02] KOMENDA: Rename (OUTLINER_OT_item_rename)
[23:19:03] KOMENDA: Select (OUTLINER_OT_item_activate)
[23:19:07] KOMENDA: Rename (OUTLINER_OT_item_rename)
[23:19:09] KOMENDA: Select (OUTLINER_OT_item_activate)
[23:19:10] KOMENDA: Rename (OUTLINER_OT_item_rename)
[23:19:10] KOMENDA: Walk Select (OUTLINER_OT_select_walk)
[23:19:11] KOMENDA: Select (OUTLINER_OT_item_activate)
[23:19:16] KOMENDA: Rename (OUTLINER_OT_item_rename)
[23:19:23] KOMENDA: Select (OUTLINER_OT_item_activate)
[23:19:26] KOMENDA: Rename (OUTLINER_OT_item_rename)
[23:19:27] KOMENDA: Select (OUTLINER_OT_item_activate)
[23:19:33] KOMENDA: Rename (OUTLINER_OT_item_rename)
[23:22:53] KOMENDA: Edit Mode (OBJECT_OT_editmode_toggle)
[23:22:53] KOMENDA: Select (VIEW3D_OT_select)
[23:22:54] KOMENDA: Edit Mode (OBJECT_OT_editmode_toggle)
[23:22:54] KOMENDA: Select (VIEW3D_OT_select)
[23:23:00] KOMENDA: Edit Mode (OBJECT_OT_editmode_toggle)
[23:23:01] KOMENDA: Select (VIEW3D_OT_select)
[23:23:03] KOMENDA: Edit Mode (OBJECT_OT_editmode_toggle)
[23:23:04] KOMENDA: Select (VIEW3D_OT_select)
[23:23:06] KOMENDA: Edit Mode (OBJECT_OT_editmode_toggle)
[23:23:15] KOMENDA: Select (OUTLINER_OT_item_activate)
[23:23:40] KOMENDA: Rename (OUTLINER_OT_item_rename)
[23:23:40] KOMENDA: Select (OUTLINER_OT_item_activate)
[23:24:13] KOMENDA: Rename (OUTLINER_OT_item_rename)
[23:24:27] KOMENDA: Duplicate Objects (OBJECT_OT_duplicate_move)
[23:24:36] KOMENDA: Move to Collection (OUTLINER_OT_collection_drop)
[23:24:38] KOMENDA: Select (OUTLINER_OT_item_activate)
[23:24:41] KOMENDA: Rename (OUTLINER_OT_item_rename)
[23:24:49] KOMENDA: Select (OUTLINER_OT_item_activate)
[23:24:51] KOMENDA: Rename (OUTLINER_OT_item_rename)
[23:24:51] KOMENDA: Select (OUTLINER_OT_item_activate)
[23:24:55] KOMENDA: Rename (OUTLINER_OT_item_rename)
[23:25:15] KOMENDA: Select (OUTLINER_OT_item_activate)
[23:25:17] KOMENDA: Rename (OUTLINER_OT_item_rename)
[23:25:19] KOMENDA: Select (OUTLINER_OT_item_activate)
[23:25:30] KOMENDA: Move to Collection (OUTLINER_OT_collection_drop)
[23:25:39] KOMENDA: Select (OUTLINER_OT_item_activate)
[23:25:42] VERTS | A1_door_instance | [2]
[23:25:42] KOMENDA: Edit Mode (OBJECT_OT_editmode_toggle)
[23:25:43] VERTS | A1_door_instance | [0, 4, 8, 9, 14, 15]
[23:25:43] KOMENDA: Select (VIEW3D_OT_select)
[23:25:47] KOMENDA: Select (OUTLINER_OT_item_activate)
[23:25:51] KOMENDA: Rename (OUTLINER_OT_item_rename)
[23:27:03] KOMENDA: Select (OUTLINER_OT_item_activate)
[23:27:09] KOMENDA: Rename (OUTLINER_OT_item_rename)
[23:27:11] KOMENDA: Select (OUTLINER_OT_item_activate)
[23:27:15] VERTS | A1_door_exterior_instance | [0, 4, 8, 9, 14, 15]
[23:27:15] KOMENDA: Rename (OUTLINER_OT_item_rename)
[23:27:15] KOMENDA: Select (OUTLINER_OT_item_activate)
[23:27:26] KOMENDA: Rename (OUTLINER_OT_item_rename)
[23:27:28] KOMENDA: Select (OUTLINER_OT_item_activate)
[23:27:32] KOMENDA: Rename (OUTLINER_OT_item_rename)
[23:27:40] KOMENDA: Select (OUTLINER_OT_item_activate)
[23:28:05] KOMENDA: Rename (OUTLINER_OT_item_rename)
[23:28:09] KOMENDA: Select (OUTLINER_OT_item_activate)
[23:29:03] KOMENDA: Edit Mode (OBJECT_OT_editmode_toggle)
[23:29:25] VERTS | A1_door_exterior_instance | [0, 1, 2, 3, 8, 10]
[23:29:25] KOMENDA: Select (VIEW3D_OT_select)
[23:29:26] KOMENDA: Edit Mode (OBJECT_OT_editmode_toggle)
[23:29:27] KOMENDA: Select (VIEW3D_OT_select)
[23:29:33] KOMENDA: Edit Mode (OBJECT_OT_editmode_toggle)
[23:29:35] KOMENDA: Select (VIEW3D_OT_select)
[23:29:39] KOMENDA: Hide Objects (OBJECT_OT_hide_view_set)
[23:29:41] KOMENDA: (De)select All (OBJECT_OT_select_all)
[23:29:43] KOMENDA: Hide Objects (OBJECT_OT_hide_view_set)
[23:29:44] KOMENDA: Select (VIEW3D_OT_select)
[23:29:53] KOMENDA: Edit Mode (OBJECT_OT_editmode_toggle)
[23:29:54] KOMENDA: Select Mode (MESH_OT_select_mode)
[23:29:54] VERTS | A1-bedroom_instantiator_right | [1, 7]
[23:29:54] KOMENDA: Select (VIEW3D_OT_select)
[23:29:56] VERTS | A1-bedroom_instantiator_right | [0, 1, 2, 7]
[23:30:12] VERTS | A1-bedroom_instantiator_right | [0, 1, 2, 7, 12, 13]
[23:30:12] KOMENDA: Subdivide (MESH_OT_subdivide)
[23:30:19] KOMENDA: Edit Mode (OBJECT_OT_editmode_toggle)
[23:30:21] VERTS | A1-bedroom_instantiator_right | [12, 13]
[23:30:21] KOMENDA: Select (VIEW3D_OT_select)
[23:30:26] VERTS | A1-bedroom_instantiator_right | [0, 7]
[23:30:28] VERTS | A1-bedroom_instantiator_right | [0, 7, 12, 13]
[23:30:37] VERTS | A1-bedroom_instantiator_right | [0, 7, 12, 13, 14, 15]
[23:30:37] KOMENDA: Subdivide (MESH_OT_subdivide)
[23:30:38] KOMENDA: Select (VIEW3D_OT_select)
[23:30:48] KOMENDA: Edit Mode (OBJECT_OT_editmode_toggle)
[23:30:50] KOMENDA: Select Mode (MESH_OT_select_mode)
[23:30:51] VERTS | A1-bedroom_instantiator_right | [14]
[23:30:51] KOMENDA: Box Select (VIEW3D_OT_select_box)
[23:31:00] VERTS | A1-bedroom_instantiator_right | [0, 7]
[23:31:04] VERTS | A1-bedroom_instantiator_right | [14]
[23:31:21] VERTS | A1-bedroom_instantiator_right | [0, 7, 12, 13, 14, 15]
[23:31:21] VERTS | A1-bedroom_instantiator_right | [0, 7, 12, 13]
[23:31:22] VERTS | A1-bedroom_instantiator_right | [0, 7]
[23:31:22] VERTS | A1-bedroom_instantiator_right | [12, 13]
[23:31:22] VERTS | A1-bedroom_instantiator_right | [0, 1, 2, 7, 12, 13]
[23:31:26] VERTS | A1-bedroom_instantiator_right | [4, 8]
[23:31:26] KOMENDA: Select (VIEW3D_OT_select)
[23:31:27] KOMENDA: Select Mode (MESH_OT_select_mode)
[23:31:27] VERTS | A1-bedroom_instantiator_right | [3, 4, 8, 10]
[23:31:27] KOMENDA: Select (VIEW3D_OT_select)
[23:31:28] VERTS | A1-bedroom_instantiator_right | [8, 9, 10, 11]
[23:31:28] VERTS | A1-bedroom_instantiator_right | [0, 7, 12, 13]
[23:31:42] VERTS | A1-bedroom_instantiator_right | [0, 7, 12, 13, 14, 15, 16, 17, 18]
[23:31:42] KOMENDA: Subdivide (MESH_OT_subdivide)
[23:31:44] VERTS | A1-bedroom_instantiator_right | [0, 7, 12, 13]
[23:31:45] KOMENDA: Select (VIEW3D_OT_select)
[23:31:59] KOMENDA: Select Mode (MESH_OT_select_mode)
[23:32:00] VERTS | A1-bedroom_instantiator_right | [6, 11]
[23:32:00] KOMENDA: Select (VIEW3D_OT_select)
[23:32:00] VERTS | A1-bedroom_instantiator_right | [6, 11, 12, 13]
[23:32:07] KOMENDA: Bridge Edge Loops (MESH_OT_bridge_edge_loops)
[23:32:10] VERTS | A1-bedroom_instantiator_right | [12, 13]
[23:32:10] KOMENDA: Select (VIEW3D_OT_select)
[23:32:10] VERTS | A1-bedroom_instantiator_right | [6, 11, 12, 13]
[23:32:11] VERTS | A1-bedroom_instantiator_right | [0, 7]
[23:32:13] VERTS | A1-bedroom_instantiator_right | [0, 7, 12, 13]
[23:32:21] VERTS | A1-bedroom_instantiator_right | [14, 15, 16, 17, 18, 19]
[23:32:24] KOMENDA: Offset Edge Slide (MESH_OT_offset_edge_loops_slide)
[23:32:53] KOMENDA: Edit Mode (OBJECT_OT_editmode_toggle)
[23:33:04] VERTS | A1-bedroom_instantiator_right | [14, 15, 16, 17, 18, 19, 20, 21, 22]
[23:33:04] KOMENDA: Knife Topology Tool (MESH_OT_knife_tool)
[23:33:11] VERTS | A1-bedroom_instantiator_right | [14, 15, 16, 17, 18, 19, 20, 21, 22, 23, 24]
[23:33:12] KOMENDA: Select Mode (MESH_OT_select_mode)
[23:33:12] KOMENDA: Edit Mode (OBJECT_OT_editmode_toggle)
[23:33:19] VERTS | A1-bedroom_instantiator_right | [24]
[23:33:19] KOMENDA: Select (VIEW3D_OT_select)
[23:33:20] VERTS | A1-bedroom_instantiator_right | [23, 24]
[23:33:25] VERTS | A1-bedroom_instantiator_right | [24]
[23:33:26] VERTS | A1-bedroom_instantiator_right | [21, 24]
[23:33:30] VERTS | A1-bedroom_instantiator_right | [22]
[23:33:32] VERTS | A1-bedroom_instantiator_right | [21, 22]
[23:33:32] KOMENDA: Box Select (VIEW3D_OT_select_box)
[23:33:34] VERTS | A1-bedroom_instantiator_right | [21]
[23:33:34] KOMENDA: Select (VIEW3D_OT_select)
[23:33:35] VERTS | A1-bedroom_instantiator_right | [21, 22]
[23:33:35] KOMENDA: Box Select (VIEW3D_OT_select_box)
[23:33:39] VERTS | A1-bedroom_instantiator_right | [21]
[23:33:39] KOMENDA: Merge by Distance (MESH_OT_remove_doubles)
[23:33:51] KOMENDA: Hide Selected (MESH_OT_hide)
[23:34:05] VERTS | A1-bedroom_instantiator_right | [0]
[23:34:05] KOMENDA: Select (VIEW3D_OT_select)
[23:34:08] VERTS | A1-bedroom_instantiator_right | [15]
[23:34:15] VERTS | A1-bedroom_instantiator_right | [0]
[23:34:15] VERTS | A1-bedroom_instantiator_right | [21]
[23:34:17] VERTS | A1-bedroom_instantiator_right | [0]
[23:34:18] VERTS | A1-bedroom_instantiator_right | [21]
[23:34:28] VERTS | A1-bedroom_instantiator_right | [23]
[23:34:33] VERTS | A1-bedroom_instantiator_right | [21]
[23:34:37] KOMENDA: Move (TRANSFORM_OT_translate)
[23:34:40] VERTS | A1-bedroom_instantiator_right | [21]
  -> V21 PRE(460.84, -896.18, 78.74) -> POST(460.06, -895.59, 78.26)
[23:34:40] VERTS | A1-bedroom_instantiator_right | [21]
  -> V21 PRE(460.84, -896.18, 78.74) -> POST(459.96, -895.96, 78.74)
[23:34:40] VERTS | A1-bedroom_instantiator_right | [21]
  -> V21 PRE(460.84, -896.18, 78.74) -> POST(459.07, -895.74, 78.74)
[23:34:40] VERTS | A1-bedroom_instantiator_right | [21]
  -> V21 PRE(460.84, -896.18, 78.74) -> POST(459.76, -895.91, 78.74)
[23:34:57] VERTS | A1-bedroom_instantiator_right | [21]
[23:34:58] VERTS | A1-bedroom_instantiator_right | [23]
[23:34:59] VERTS | A1-bedroom_instantiator_right | [21]
[23:34:59] VERTS | A1-bedroom_instantiator_right | [0]
[23:34:59] VERTS | A1-bedroom_instantiator_right | [21]
[23:35:00] VERTS | A1-bedroom_instantiator_right | [21, 22]
[23:35:00] VERTS | A1-bedroom_instantiator_right | [21]
[23:35:01] VERTS | A1-bedroom_instantiator_right | [21, 22]
[23:35:22] VERTS | A1-bedroom_instantiator_right | [24]
[23:35:22] KOMENDA: Select (VIEW3D_OT_select)
[23:35:23] VERTS | A1-bedroom_instantiator_right | [21, 24]
[23:35:25] VERTS | A1-bedroom_instantiator_right | [22]
[23:35:26] VERTS | A1-bedroom_instantiator_right | [21, 24]
[23:35:26] VERTS | A1-bedroom_instantiator_right | [24]
[23:35:27] VERTS | A1-bedroom_instantiator_right | [21, 22]
[23:35:27] VERTS | A1-bedroom_instantiator_right | [22]
[23:35:28] VERTS | A1-bedroom_instantiator_right | [21, 24]
[23:35:28] VERTS | A1-bedroom_instantiator_right | [24]
[23:35:29] VERTS | A1-bedroom_instantiator_right | [23, 24]
[23:35:29] VERTS | A1-bedroom_instantiator_right | [24]
[23:35:29] VERTS | A1-bedroom_instantiator_right | [14, 15, 16, 17, 18, 19, 20, 21, 22, 23, 24]
[23:35:33] VERTS | A1-bedroom_instantiator_right | [14, 15, 16, 17, 18, 19, 20, 21, 22]
[23:35:40] VERTS | A1-bedroom_instantiator_right | [20, 22]
[23:35:41] VERTS | A1-bedroom_instantiator_right | [15, 19]
[23:35:42] VERTS | A1-bedroom_instantiator_right | [20, 22]
[23:35:44] KOMENDA: Select Mode (MESH_OT_select_mode)
[23:35:45] KOMENDA: Select (VIEW3D_OT_select)
[23:35:45] VERTS | A1-bedroom_instantiator_right | [15, 19, 20, 22]
[23:35:45] KOMENDA: Edit Mode (OBJECT_OT_editmode_toggle)
[23:35:48] VERTS | A1-bedroom_instantiator_right | [15, 19, 20, 22, 23, 24, 25, 26, 27]
[23:35:48] KOMENDA: Subdivide (MESH_OT_subdivide)
[23:35:53] KOMENDA: Edit Mode (OBJECT_OT_editmode_toggle)
[23:35:54] KOMENDA: Select Mode (MESH_OT_select_mode)
[23:35:54] VERTS | A1-bedroom_instantiator_right | [22, 26]
[23:35:54] KOMENDA: Select (VIEW3D_OT_select)
[23:36:04] KOMENDA: Select Mode (MESH_OT_select_mode)
[23:36:22] VERTS | A1-bedroom_instantiator_right | [26]
[23:36:22] KOMENDA: Select (VIEW3D_OT_select)
[23:36:26] VERTS | A1-bedroom_instantiator_right | [22]
[23:36:28] VERTS | A1-bedroom_instantiator_right | [27]
[23:36:33] VERTS | A1-bedroom_instantiator_right | [24]
[23:36:35] VERTS | A1-bedroom_instantiator_right | [20]
