[12:36:23] === SESJA START: 2026_04_13_12_36_23 | TRYB ANALIZY PRE/POST AKTYWNY ===
[12:36:31] KOMENDA: Edit Mode (OBJECT_OT_editmode_toggle)
[12:36:35] KOMENDA: Select (VIEW3D_OT_select)
[12:36:36] KOMENDA: Edit Mode (OBJECT_OT_editmode_toggle)
[12:36:36] KOMENDA: Select (VIEW3D_OT_select)
[12:36:38] KOMENDA: Edit Mode (OBJECT_OT_editmode_toggle)
[12:36:39] KOMENDA: Select (VIEW3D_OT_select)
[12:36:40] KOMENDA: Edit Mode (OBJECT_OT_editmode_toggle)
[12:36:43] KOMENDA: Select Mode (MESH_OT_select_mode)
[12:36:43] VERTS | Area | [12]
[12:36:43] KOMENDA: Box Select (VIEW3D_OT_select_box)
[12:36:44] KOMENDA: Move (TRANSFORM_OT_translate)
[12:36:44] VERTS | Area | [12]
  -> V12 DELTA: PRE(652.0, -398.0, 0.0) -> CURRENT_POST(657.0, -416.0, 0.0) (Dist: 18.682)
[12:36:44] VERTS | Area | [12]
  -> V12 DELTA: PRE(652.0, -398.0, 0.0) -> CURRENT_POST(674.0, -461.0, 0.0) (Dist: 66.731)
[12:36:45] VERTS | Area | [12]
  -> V12 DELTA: PRE(652.0, -398.0, 0.0) -> CURRENT_POST(676.0, -480.0, 0.0) (Dist: 85.440)
[12:36:45] VERTS | Area | [12]
  -> V12 DELTA: PRE(652.0, -398.0, 0.0) -> CURRENT_POST(681.0, -507.0, 0.0) (Dist: 112.792)
[12:36:45] VERTS | Area | [12]
  -> V12 DELTA: PRE(652.0, -398.0, 0.0) -> CURRENT_POST(686.0, -528.0, 0.0) (Dist: 134.373)
[12:36:45] VERTS | Area | [12]
  -> V12 DELTA: PRE(652.0, -398.0, 0.0) -> CURRENT_POST(697.0, -539.0, 0.0) (Dist: 148.007)
[12:36:45] VERTS | Area | [12]
  -> V12 DELTA: PRE(652.0, -398.0, 0.0) -> CURRENT_POST(702.0, -549.0, 0.0) (Dist: 159.063)
[12:36:45] VERTS | Area | [12]
  -> V12 DELTA: PRE(652.0, -398.0, 0.0) -> CURRENT_POST(712.0, -549.0, 0.0) (Dist: 162.484)
[12:36:45] VERTS | Area | [12]
  -> V12 DELTA: PRE(652.0, -398.0, 0.0) -> CURRENT_POST(712.0, -560.0, 0.0) (Dist: 172.754)
[12:36:45] VERTS | Area | [12]
  -> V12 DELTA: PRE(652.0, -398.0, 0.0) -> CURRENT_POST(795.0, -587.0, 0.0) (Dist: 237.002)
[12:36:45] VERTS | Area | [12]
  -> V12 DELTA: PRE(652.0, -398.0, 0.0) -> CURRENT_POST(898.0, -584.0, 0.0) (Dist: 308.402)
[12:36:45] VERTS | Area | [12]
  -> V12 DELTA: PRE(652.0, -398.0, 0.0) -> CURRENT_POST(940.0, -588.0, 0.0) (Dist: 345.028)
[12:36:45] VERTS | Area | [12]
  -> V12 DELTA: PRE(652.0, -398.0, 0.0) -> CURRENT_POST(970.0, -588.0, 0.0) (Dist: 370.438)
[12:36:45] VERTS | Area | [12]
  -> V12 DELTA: PRE(652.0, -398.0, 0.0) -> CURRENT_POST(1032.0, -583.0, 0.0) (Dist: 422.641)
[12:36:45] VERTS | Area | [12]
  -> V12 DELTA: PRE(652.0, -398.0, 0.0) -> CURRENT_POST(1229.0, -494.0, 0.0) (Dist: 584.932)
[12:36:45] VERTS | Area | [12]
  -> V12 DELTA: PRE(652.0, -398.0, 0.0) -> CURRENT_POST(1269.0, -489.0, 0.0) (Dist: 623.675)
[12:36:45] VERTS | Area | [12]
  -> V12 DELTA: PRE(652.0, -398.0, 0.0) -> CURRENT_POST(1279.0, -479.0, 0.0) (Dist: 632.210)
[12:36:45] VERTS | Area | [12]
  -> V12 DELTA: PRE(652.0, -398.0, 0.0) -> CURRENT_POST(1288.0, -469.0, 0.0) (Dist: 639.951)
[12:36:45] VERTS | Area | [12]
  -> V12 DELTA: PRE(652.0, -398.0, 0.0) -> CURRENT_POST(1343.0, -376.0, 0.0) (Dist: 691.350)
[12:36:45] VERTS | Area | [12]
  -> V12 DELTA: PRE(652.0, -398.0, 0.0) -> CURRENT_POST(1343.0, -366.0, 0.0) (Dist: 691.741)
[12:36:45] VERTS | Area | [12]
  -> V12 DELTA: PRE(652.0, -398.0, 0.0) -> CURRENT_POST(1405.0, -322.0, 0.0) (Dist: 756.826)
[12:36:46] VERTS | Area | [12]
  -> V12 DELTA: PRE(652.0, -398.0, 0.0) -> CURRENT_POST(1422.0, -570.0, 0.0) (Dist: 788.977)
[12:36:46] VERTS | Area | [12]
  -> V12 DELTA: PRE(652.0, -398.0, 0.0) -> CURRENT_POST(1412.0, -600.0, 0.0) (Dist: 786.387)
[12:36:46] VERTS | Area | [12]
  -> V12 DELTA: PRE(652.0, -398.0, 0.0) -> CURRENT_POST(1400.0, -604.0, 0.0) (Dist: 775.848)
[12:36:46] VERTS | Area | [12]
  -> V12 DELTA: PRE(652.0, -398.0, 0.0) -> CURRENT_POST(1391.0, -613.0, 0.0) (Dist: 769.640)
[12:36:46] VERTS | Area | [12]
  -> V12 DELTA: PRE(652.0, -398.0, 0.0) -> CURRENT_POST(1391.0, -622.0, 0.0) (Dist: 772.203)
[12:36:46] VERTS | Area | [2, 3, 10, 11, 13, 14, 15]
[12:36:46] KOMENDA: Box Select (VIEW3D_OT_select_box)
[12:36:47] KOMENDA: Move (TRANSFORM_OT_translate)
[12:36:48] VERTS | Area | [2, 3, 10, 11, 13, 14, 15]
  -> V2 DELTA: PRE(836.11, -969.14, 0.0) -> CURRENT_POST(1290.11, -1135.14, 0.0) (Dist: 483.396)
  -> V3 DELTA: PRE(1114.16, -619.83, 0.0) -> CURRENT_POST(1568.16, -785.83, 0.0) (Dist: 483.396)
  -> V10 DELTA: PRE(767.31, -791.01, 0.0) -> CURRENT_POST(1221.31, -957.01, 0.0) (Dist: 483.396)
  -> V11 DELTA: PRE(780.4, -724.49, 0.0) -> CURRENT_POST(1234.4, -890.49, 0.0) (Dist: 483.396)
  -> V13 DELTA: PRE(887.81, -473.83, 0.0) -> CURRENT_POST(1341.81, -639.83, 0.0) (Dist: 483.396)
  -> V14 DELTA: PRE(1045.89, -606.68, 0.0) -> CURRENT_POST(1499.89, -772.68, 0.0) (Dist: 483.396)
  -> V15 DELTA: PRE(861.33, -848.02, 0.0) -> CURRENT_POST(1315.33, -1014.02, 0.0) (Dist: 483.396)
[12:36:48] VERTS | Area | [2, 3, 10, 11, 13, 14, 15]
  -> V2 DELTA: PRE(836.11, -969.14, 0.0) -> CURRENT_POST(1252.11, -1101.14, 0.0) (Dist: 436.440)
  -> V3 DELTA: PRE(1114.16, -619.83, 0.0) -> CURRENT_POST(1530.16, -751.83, 0.0) (Dist: 436.440)
  -> V10 DELTA: PRE(767.31, -791.01, 0.0) -> CURRENT_POST(1183.31, -923.01, 0.0) (Dist: 436.440)
  -> V11 DELTA: PRE(780.4, -724.49, 0.0) -> CURRENT_POST(1196.4, -856.49, 0.0) (Dist: 436.440)
  -> V13 DELTA: PRE(887.81, -473.83, 0.0) -> CURRENT_POST(1303.81, -605.83, 0.0) (Dist: 436.440)
  -> V14 DELTA: PRE(1045.89, -606.68, 0.0) -> CURRENT_POST(1461.89, -738.68, 0.0) (Dist: 436.440)
  -> V15 DELTA: PRE(861.33, -848.02, 0.0) -> CURRENT_POST(1277.33, -980.02, 0.0) (Dist: 436.440)
[12:36:48] VERTS | Area | [2, 3, 10, 11, 13, 14, 15]
  -> V2 DELTA: PRE(836.11, -969.14, 0.0) -> CURRENT_POST(1210.11, -1073.14, 0.0) (Dist: 388.191)
  -> V3 DELTA: PRE(1114.16, -619.83, 0.0) -> CURRENT_POST(1488.16, -723.83, 0.0) (Dist: 388.191)
  -> V10 DELTA: PRE(767.31, -791.01, 0.0) -> CURRENT_POST(1141.31, -895.01, 0.0) (Dist: 388.191)
  -> V11 DELTA: PRE(780.4, -724.49, 0.0) -> CURRENT_POST(1154.4, -828.49, 0.0) (Dist: 388.191)
  -> V13 DELTA: PRE(887.81, -473.83, 0.0) -> CURRENT_POST(1261.81, -577.83, 0.0) (Dist: 388.191)
  -> V14 DELTA: PRE(1045.89, -606.68, 0.0) -> CURRENT_POST(1419.89, -710.68, 0.0) (Dist: 388.191)
  -> V15 DELTA: PRE(861.33, -848.02, 0.0) -> CURRENT_POST(1235.33, -952.02, 0.0) (Dist: 388.191)
[12:36:48] VERTS | Area | [2, 3, 10, 11, 13, 14, 15]
  -> V2 DELTA: PRE(836.11, -969.14, 0.0) -> CURRENT_POST(1159.11, -1037.14, 0.0) (Dist: 330.080)
  -> V3 DELTA: PRE(1114.16, -619.83, 0.0) -> CURRENT_POST(1437.16, -687.83, 0.0) (Dist: 330.080)
  -> V10 DELTA: PRE(767.31, -791.01, 0.0) -> CURRENT_POST(1090.31, -859.01, 0.0) (Dist: 330.080)
  -> V11 DELTA: PRE(780.4, -724.49, 0.0) -> CURRENT_POST(1103.4, -792.49, 0.0) (Dist: 330.080)
  -> V13 DELTA: PRE(887.81, -473.83, 0.0) -> CURRENT_POST(1210.81, -541.83, 0.0) (Dist: 330.080)
  -> V14 DELTA: PRE(1045.89, -606.68, 0.0) -> CURRENT_POST(1368.89, -674.68, 0.0) (Dist: 330.080)
  -> V15 DELTA: PRE(861.33, -848.02, 0.0) -> CURRENT_POST(1184.33, -916.02, 0.0) (Dist: 330.080)
[12:36:48] VERTS | Area | [2, 3, 10, 11, 13, 14, 15]
  -> V2 DELTA: PRE(836.11, -969.14, 0.0) -> CURRENT_POST(1097.11, -999.14, 0.0) (Dist: 262.719)
  -> V3 DELTA: PRE(1114.16, -619.83, 0.0) -> CURRENT_POST(1375.16, -649.83, 0.0) (Dist: 262.718)
  -> V10 DELTA: PRE(767.31, -791.01, 0.0) -> CURRENT_POST(1028.31, -821.01, 0.0) (Dist: 262.718)
  -> V11 DELTA: PRE(780.4, -724.49, 0.0) -> CURRENT_POST(1041.4, -754.49, 0.0) (Dist: 262.718)
  -> V13 DELTA: PRE(887.81, -473.83, 0.0) -> CURRENT_POST(1148.81, -503.83, 0.0) (Dist: 262.718)
  -> V14 DELTA: PRE(1045.89, -606.68, 0.0) -> CURRENT_POST(1306.89, -636.68, 0.0) (Dist: 262.719)
  -> V15 DELTA: PRE(861.33, -848.02, 0.0) -> CURRENT_POST(1122.33, -878.02, 0.0) (Dist: 262.718)
[12:36:48] VERTS | Area | [2, 3, 10, 11, 13, 14, 15]
  -> V2 DELTA: PRE(836.11, -969.14, 0.0) -> CURRENT_POST(1004.11, -970.14, 0.0) (Dist: 168.003)
  -> V3 DELTA: PRE(1114.16, -619.83, 0.0) -> CURRENT_POST(1282.16, -620.83, 0.0) (Dist: 168.003)
  -> V10 DELTA: PRE(767.31, -791.01, 0.0) -> CURRENT_POST(935.31, -792.01, 0.0) (Dist: 168.003)
  -> V11 DELTA: PRE(780.4, -724.49, 0.0) -> CURRENT_POST(948.4, -725.49, 0.0) (Dist: 168.003)
  -> V13 DELTA: PRE(887.81, -473.83, 0.0) -> CURRENT_POST(1055.81, -474.83, 0.0) (Dist: 168.003)
  -> V14 DELTA: PRE(1045.89, -606.68, 0.0) -> CURRENT_POST(1213.89, -607.68, 0.0) (Dist: 168.003)
  -> V15 DELTA: PRE(861.33, -848.02, 0.0) -> CURRENT_POST(1029.33, -849.02, 0.0) (Dist: 168.003)
[12:36:48] VERTS | Area | [2, 3, 10, 11, 13, 14, 15]
  -> V2 DELTA: PRE(836.11, -969.14, 0.0) -> CURRENT_POST(904.11, -926.14, 0.0) (Dist: 80.455)
  -> V3 DELTA: PRE(1114.16, -619.83, 0.0) -> CURRENT_POST(1182.16, -576.83, 0.0) (Dist: 80.455)
  -> V10 DELTA: PRE(767.31, -791.01, 0.0) -> CURRENT_POST(835.31, -748.01, 0.0) (Dist: 80.455)
  -> V11 DELTA: PRE(780.4, -724.49, 0.0) -> CURRENT_POST(848.4, -681.49, 0.0) (Dist: 80.455)
  -> V13 DELTA: PRE(887.81, -473.83, 0.0) -> CURRENT_POST(955.81, -430.83, 0.0) (Dist: 80.455)
  -> V14 DELTA: PRE(1045.89, -606.68, 0.0) -> CURRENT_POST(1113.89, -563.68, 0.0) (Dist: 80.455)
  -> V15 DELTA: PRE(861.33, -848.02, 0.0) -> CURRENT_POST(929.33, -805.02, 0.0) (Dist: 80.455)
[12:36:48] VERTS | Area | [2, 3, 10, 11, 13, 14, 15]
  -> V2 DELTA: PRE(836.11, -969.14, 0.0) -> CURRENT_POST(807.11, -878.14, 0.0) (Dist: 95.509)
  -> V3 DELTA: PRE(1114.16, -619.83, 0.0) -> CURRENT_POST(1085.16, -528.83, 0.0) (Dist: 95.509)
  -> V10 DELTA: PRE(767.31, -791.01, 0.0) -> CURRENT_POST(738.31, -700.01, 0.0) (Dist: 95.509)
  -> V11 DELTA: PRE(780.4, -724.49, 0.0) -> CURRENT_POST(751.4, -633.49, 0.0) (Dist: 95.509)
  -> V13 DELTA: PRE(887.81, -473.83, 0.0) -> CURRENT_POST(858.81, -382.83, 0.0) (Dist: 95.509)
  -> V14 DELTA: PRE(1045.89, -606.68, 0.0) -> CURRENT_POST(1016.89, -515.68, 0.0) (Dist: 95.509)
  -> V15 DELTA: PRE(861.33, -848.02, 0.0) -> CURRENT_POST(832.33, -757.02, 0.0) (Dist: 95.509)
[12:36:48] VERTS | Area | [2, 3, 10, 11, 13, 14, 15]
  -> V2 DELTA: PRE(836.11, -969.14, 0.0) -> CURRENT_POST(721.11, -847.14, 0.0) (Dist: 167.657)
  -> V3 DELTA: PRE(1114.16, -619.83, 0.0) -> CURRENT_POST(999.16, -497.83, 0.0) (Dist: 167.657)
  -> V10 DELTA: PRE(767.31, -791.01, 0.0) -> CURRENT_POST(652.31, -669.01, 0.0) (Dist: 167.657)
  -> V11 DELTA: PRE(780.4, -724.49, 0.0) -> CURRENT_POST(665.4, -602.49, 0.0) (Dist: 167.657)
  -> V13 DELTA: PRE(887.81, -473.83, 0.0) -> CURRENT_POST(772.81, -351.83, 0.0) (Dist: 167.657)
  -> V14 DELTA: PRE(1045.89, -606.68, 0.0) -> CURRENT_POST(930.89, -484.68, 0.0) (Dist: 167.657)
  -> V15 DELTA: PRE(861.33, -848.02, 0.0) -> CURRENT_POST(746.33, -726.02, 0.0) (Dist: 167.657)
[12:36:48] VERTS | Area | [2, 3, 10, 11, 13, 14, 15]
  -> V2 DELTA: PRE(836.11, -969.14, 0.0) -> CURRENT_POST(662.11, -812.14, 0.0) (Dist: 234.361)
  -> V3 DELTA: PRE(1114.16, -619.83, 0.0) -> CURRENT_POST(940.16, -462.83, 0.0) (Dist: 234.361)
  -> V10 DELTA: PRE(767.31, -791.01, 0.0) -> CURRENT_POST(593.31, -634.01, 0.0) (Dist: 234.361)
  -> V11 DELTA: PRE(780.4, -724.49, 0.0) -> CURRENT_POST(606.4, -567.49, 0.0) (Dist: 234.361)
  -> V13 DELTA: PRE(887.81, -473.83, 0.0) -> CURRENT_POST(713.81, -316.83, 0.0) (Dist: 234.361)
  -> V14 DELTA: PRE(1045.89, -606.68, 0.0) -> CURRENT_POST(871.89, -449.68, 0.0) (Dist: 234.361)
  -> V15 DELTA: PRE(861.33, -848.02, 0.0) -> CURRENT_POST(687.33, -691.02, 0.0) (Dist: 234.361)
[12:36:48] VERTS | Area | [2, 3, 10, 11, 13, 14, 15]
  -> V2 DELTA: PRE(836.11, -969.14, 0.0) -> CURRENT_POST(602.11, -794.14, 0.0) (Dist: 292.200)
  -> V3 DELTA: PRE(1114.16, -619.83, 0.0) -> CURRENT_POST(880.16, -444.83, 0.0) (Dist: 292.200)
  -> V10 DELTA: PRE(767.31, -791.01, 0.0) -> CURRENT_POST(533.31, -616.01, 0.0) (Dist: 292.200)
  -> V11 DELTA: PRE(780.4, -724.49, 0.0) -> CURRENT_POST(546.4, -549.49, 0.0) (Dist: 292.200)
  -> V13 DELTA: PRE(887.81, -473.83, 0.0) -> CURRENT_POST(653.81, -298.83, 0.0) (Dist: 292.200)
  -> V14 DELTA: PRE(1045.89, -606.68, 0.0) -> CURRENT_POST(811.89, -431.68, 0.0) (Dist: 292.200)
  -> V15 DELTA: PRE(861.33, -848.02, 0.0) -> CURRENT_POST(627.33, -673.02, 0.0) (Dist: 292.200)
[12:36:48] VERTS | Area | [2, 3, 10, 11, 13, 14, 15]
  -> V2 DELTA: PRE(836.11, -969.14, 0.0) -> CURRENT_POST(554.11, -789.14, 0.0) (Dist: 334.550)
  -> V3 DELTA: PRE(1114.16, -619.83, 0.0) -> CURRENT_POST(832.16, -439.83, 0.0) (Dist: 334.551)
  -> V10 DELTA: PRE(767.31, -791.01, 0.0) -> CURRENT_POST(485.31, -611.01, 0.0) (Dist: 334.551)
  -> V11 DELTA: PRE(780.4, -724.49, 0.0) -> CURRENT_POST(498.4, -544.49, 0.0) (Dist: 334.550)
  -> V13 DELTA: PRE(887.81, -473.83, 0.0) -> CURRENT_POST(605.81, -293.83, 0.0) (Dist: 334.550)
  -> V14 DELTA: PRE(1045.89, -606.68, 0.0) -> CURRENT_POST(763.89, -426.68, 0.0) (Dist: 334.550)
  -> V15 DELTA: PRE(861.33, -848.02, 0.0) -> CURRENT_POST(579.33, -668.02, 0.0) (Dist: 334.550)
[12:36:48] VERTS | Area | [2, 3, 10, 11, 13, 14, 15]
  -> V2 DELTA: PRE(836.11, -969.14, 0.0) -> CURRENT_POST(505.11, -784.14, 0.0) (Dist: 379.191)
  -> V3 DELTA: PRE(1114.16, -619.83, 0.0) -> CURRENT_POST(783.16, -434.83, 0.0) (Dist: 379.191)
  -> V10 DELTA: PRE(767.31, -791.01, 0.0) -> CURRENT_POST(436.31, -606.01, 0.0) (Dist: 379.191)
  -> V11 DELTA: PRE(780.4, -724.49, 0.0) -> CURRENT_POST(449.4, -539.49, 0.0) (Dist: 379.191)
  -> V13 DELTA: PRE(887.81, -473.83, 0.0) -> CURRENT_POST(556.81, -288.83, 0.0) (Dist: 379.191)
  -> V14 DELTA: PRE(1045.89, -606.68, 0.0) -> CURRENT_POST(714.89, -421.68, 0.0) (Dist: 379.191)
  -> V15 DELTA: PRE(861.33, -848.02, 0.0) -> CURRENT_POST(530.33, -663.02, 0.0) (Dist: 379.191)
[12:36:48] VERTS | Area | [2, 3, 10, 11, 13, 14, 15]
  -> V2 DELTA: PRE(836.11, -969.14, 0.0) -> CURRENT_POST(473.11, -784.14, 0.0) (Dist: 407.424)
  -> V3 DELTA: PRE(1114.16, -619.83, 0.0) -> CURRENT_POST(751.16, -434.83, 0.0) (Dist: 407.424)
  -> V10 DELTA: PRE(767.31, -791.01, 0.0) -> CURRENT_POST(404.31, -606.01, 0.0) (Dist: 407.424)
  -> V11 DELTA: PRE(780.4, -724.49, 0.0) -> CURRENT_POST(417.4, -539.49, 0.0) (Dist: 407.424)
  -> V13 DELTA: PRE(887.81, -473.83, 0.0) -> CURRENT_POST(524.81, -288.83, 0.0) (Dist: 407.424)
  -> V14 DELTA: PRE(1045.89, -606.68, 0.0) -> CURRENT_POST(682.89, -421.68, 0.0) (Dist: 407.424)
  -> V15 DELTA: PRE(861.33, -848.02, 0.0) -> CURRENT_POST(498.33, -663.02, 0.0) (Dist: 407.424)
[12:36:48] VERTS | Area | [2, 3, 10, 11, 13, 14, 15]
  -> V2 DELTA: PRE(836.11, -969.14, 0.0) -> CURRENT_POST(437.11, -781.14, 0.0) (Dist: 441.073)
  -> V3 DELTA: PRE(1114.16, -619.83, 0.0) -> CURRENT_POST(715.16, -431.83, 0.0) (Dist: 441.073)
  -> V10 DELTA: PRE(767.31, -791.01, 0.0) -> CURRENT_POST(368.31, -603.01, 0.0) (Dist: 441.073)
  -> V11 DELTA: PRE(780.4, -724.49, 0.0) -> CURRENT_POST(381.4, -536.49, 0.0) (Dist: 441.073)
  -> V13 DELTA: PRE(887.81, -473.83, 0.0) -> CURRENT_POST(488.81, -285.83, 0.0) (Dist: 441.073)
  -> V14 DELTA: PRE(1045.89, -606.68, 0.0) -> CURRENT_POST(646.89, -418.68, 0.0) (Dist: 441.073)
  -> V15 DELTA: PRE(861.33, -848.02, 0.0) -> CURRENT_POST(462.33, -660.02, 0.0) (Dist: 441.073)
[12:36:48] VERTS | Area | [2, 3, 10, 11, 13, 14, 15]
  -> V2 DELTA: PRE(836.11, -969.14, 0.0) -> CURRENT_POST(426.11, -781.14, 0.0) (Dist: 451.048)
  -> V3 DELTA: PRE(1114.16, -619.83, 0.0) -> CURRENT_POST(704.16, -431.83, 0.0) (Dist: 451.048)
  -> V10 DELTA: PRE(767.31, -791.01, 0.0) -> CURRENT_POST(357.31, -603.01, 0.0) (Dist: 451.048)
  -> V11 DELTA: PRE(780.4, -724.49, 0.0) -> CURRENT_POST(370.4, -536.49, 0.0) (Dist: 451.048)
  -> V13 DELTA: PRE(887.81, -473.83, 0.0) -> CURRENT_POST(477.81, -285.83, 0.0) (Dist: 451.048)
  -> V14 DELTA: PRE(1045.89, -606.68, 0.0) -> CURRENT_POST(635.89, -418.68, 0.0) (Dist: 451.048)
  -> V15 DELTA: PRE(861.33, -848.02, 0.0) -> CURRENT_POST(451.33, -660.02, 0.0) (Dist: 451.048)
[12:36:48] VERTS | Area | [2, 3, 10, 11, 13, 14, 15]
  -> V2 DELTA: PRE(836.11, -969.14, 0.0) -> CURRENT_POST(415.11, -781.14, 0.0) (Dist: 461.069)
  -> V3 DELTA: PRE(1114.16, -619.83, 0.0) -> CURRENT_POST(693.16, -431.83, 0.0) (Dist: 461.069)
  -> V10 DELTA: PRE(767.31, -791.01, 0.0) -> CURRENT_POST(346.31, -603.01, 0.0) (Dist: 461.069)
  -> V11 DELTA: PRE(780.4, -724.49, 0.0) -> CURRENT_POST(359.4, -536.49, 0.0) (Dist: 461.069)
  -> V13 DELTA: PRE(887.81, -473.83, 0.0) -> CURRENT_POST(466.81, -285.83, 0.0) (Dist: 461.069)
  -> V14 DELTA: PRE(1045.89, -606.68, 0.0) -> CURRENT_POST(624.89, -418.68, 0.0) (Dist: 461.069)
  -> V15 DELTA: PRE(861.33, -848.02, 0.0) -> CURRENT_POST(440.33, -660.02, 0.0) (Dist: 461.069)
[12:36:48] VERTS | Area | [2, 3, 10, 11, 13, 14, 15]
  -> V2 DELTA: PRE(836.11, -969.14, 0.0) -> CURRENT_POST(386.11, -776.14, 0.0) (Dist: 489.642)
  -> V3 DELTA: PRE(1114.16, -619.83, 0.0) -> CURRENT_POST(664.16, -426.83, 0.0) (Dist: 489.642)
  -> V10 DELTA: PRE(767.31, -791.01, 0.0) -> CURRENT_POST(317.31, -598.01, 0.0) (Dist: 489.642)
  -> V11 DELTA: PRE(780.4, -724.49, 0.0) -> CURRENT_POST(330.4, -531.49, 0.0) (Dist: 489.642)
  -> V13 DELTA: PRE(887.81, -473.83, 0.0) -> CURRENT_POST(437.81, -280.83, 0.0) (Dist: 489.642)
  -> V14 DELTA: PRE(1045.89, -606.68, 0.0) -> CURRENT_POST(595.89, -413.68, 0.0) (Dist: 489.642)
  -> V15 DELTA: PRE(861.33, -848.02, 0.0) -> CURRENT_POST(411.33, -655.02, 0.0) (Dist: 489.642)
[12:36:48] VERTS | Area | [2, 3, 10, 11, 13, 14, 15]
  -> V2 DELTA: PRE(836.11, -969.14, 0.0) -> CURRENT_POST(364.11, -776.14, 0.0) (Dist: 509.934)
  -> V3 DELTA: PRE(1114.16, -619.83, 0.0) -> CURRENT_POST(642.16, -426.83, 0.0) (Dist: 509.934)
  -> V10 DELTA: PRE(767.31, -791.01, 0.0) -> CURRENT_POST(295.31, -598.01, 0.0) (Dist: 509.934)
  -> V11 DELTA: PRE(780.4, -724.49, 0.0) -> CURRENT_POST(308.4, -531.49, 0.0) (Dist: 509.934)
  -> V13 DELTA: PRE(887.81, -473.83, 0.0) -> CURRENT_POST(415.81, -280.83, 0.0) (Dist: 509.934)
  -> V14 DELTA: PRE(1045.89, -606.68, 0.0) -> CURRENT_POST(573.89, -413.68, 0.0) (Dist: 509.934)
  -> V15 DELTA: PRE(861.33, -848.02, 0.0) -> CURRENT_POST(389.33, -655.02, 0.0) (Dist: 509.934)
[12:36:48] VERTS | Area | [2, 3, 10, 11, 13, 14, 15]
  -> V2 DELTA: PRE(836.11, -969.14, 0.0) -> CURRENT_POST(353.11, -776.14, 0.0) (Dist: 520.133)
  -> V3 DELTA: PRE(1114.16, -619.83, 0.0) -> CURRENT_POST(631.16, -426.83, 0.0) (Dist: 520.133)
  -> V10 DELTA: PRE(767.31, -791.01, 0.0) -> CURRENT_POST(284.31, -598.01, 0.0) (Dist: 520.133)
  -> V11 DELTA: PRE(780.4, -724.49, 0.0) -> CURRENT_POST(297.4, -531.49, 0.0) (Dist: 520.133)
  -> V13 DELTA: PRE(887.81, -473.83, 0.0) -> CURRENT_POST(404.81, -280.83, 0.0) (Dist: 520.133)
  -> V14 DELTA: PRE(1045.89, -606.68, 0.0) -> CURRENT_POST(562.89, -413.68, 0.0) (Dist: 520.133)
  -> V15 DELTA: PRE(861.33, -848.02, 0.0) -> CURRENT_POST(378.33, -655.02, 0.0) (Dist: 520.133)
[12:36:48] VERTS | Area | [2, 3, 10, 11, 13, 14, 15]
  -> V2 DELTA: PRE(836.11, -969.14, 0.0) -> CURRENT_POST(331.11, -776.14, 0.0) (Dist: 540.624)
  -> V3 DELTA: PRE(1114.16, -619.83, 0.0) -> CURRENT_POST(609.16, -426.83, 0.0) (Dist: 540.624)
  -> V10 DELTA: PRE(767.31, -791.01, 0.0) -> CURRENT_POST(262.31, -598.01, 0.0) (Dist: 540.624)
  -> V11 DELTA: PRE(780.4, -724.49, 0.0) -> CURRENT_POST(275.4, -531.49, 0.0) (Dist: 540.624)
  -> V13 DELTA: PRE(887.81, -473.83, 0.0) -> CURRENT_POST(382.81, -280.83, 0.0) (Dist: 540.624)
  -> V14 DELTA: PRE(1045.89, -606.68, 0.0) -> CURRENT_POST(540.89, -413.68, 0.0) (Dist: 540.624)
  -> V15 DELTA: PRE(861.33, -848.02, 0.0) -> CURRENT_POST(356.33, -655.02, 0.0) (Dist: 540.624)
[12:36:48] VERTS | Area | [2, 3, 10, 11, 13, 14, 15]
  -> V2 DELTA: PRE(836.11, -969.14, 0.0) -> CURRENT_POST(323.11, -781.14, 0.0) (Dist: 546.364)
  -> V3 DELTA: PRE(1114.16, -619.83, 0.0) -> CURRENT_POST(601.16, -431.83, 0.0) (Dist: 546.364)
  -> V10 DELTA: PRE(767.31, -791.01, 0.0) -> CURRENT_POST(254.31, -603.01, 0.0) (Dist: 546.364)
  -> V11 DELTA: PRE(780.4, -724.49, 0.0) -> CURRENT_POST(267.4, -536.49, 0.0) (Dist: 546.363)
  -> V13 DELTA: PRE(887.81, -473.83, 0.0) -> CURRENT_POST(374.81, -285.83, 0.0) (Dist: 546.364)
  -> V14 DELTA: PRE(1045.89, -606.68, 0.0) -> CURRENT_POST(532.89, -418.68, 0.0) (Dist: 546.363)
  -> V15 DELTA: PRE(861.33, -848.02, 0.0) -> CURRENT_POST(348.33, -660.02, 0.0) (Dist: 546.363)
[12:36:48] VERTS | Area | [2, 3, 10, 11, 13, 14, 15]
  -> V2 DELTA: PRE(836.11, -969.14, 0.0) -> CURRENT_POST(312.11, -781.14, 0.0) (Dist: 556.705)
  -> V3 DELTA: PRE(1114.16, -619.83, 0.0) -> CURRENT_POST(590.16, -431.83, 0.0) (Dist: 556.705)
  -> V10 DELTA: PRE(767.31, -791.01, 0.0) -> CURRENT_POST(243.31, -603.01, 0.0) (Dist: 556.705)
  -> V11 DELTA: PRE(780.4, -724.49, 0.0) -> CURRENT_POST(256.4, -536.49, 0.0) (Dist: 556.705)
  -> V13 DELTA: PRE(887.81, -473.83, 0.0) -> CURRENT_POST(363.81, -285.83, 0.0) (Dist: 556.705)
  -> V14 DELTA: PRE(1045.89, -606.68, 0.0) -> CURRENT_POST(521.89, -418.68, 0.0) (Dist: 556.705)
  -> V15 DELTA: PRE(861.33, -848.02, 0.0) -> CURRENT_POST(337.33, -660.02, 0.0) (Dist: 556.705)
[12:36:49] VERTS | Area | [1, 3, 7, 8, 11, 14, 15]
[12:36:49] KOMENDA: Box Select (VIEW3D_OT_select_box)
[12:36:51] KOMENDA: Rotate (TRANSFORM_OT_rotate)
[12:36:51] VERTS | Area | [1, 3, 7, 8, 11, 14, 15]
  -> V1 DELTA: PRE(325.09, -704.39, 12.43) -> CURRENT_POST(324.97, -704.39, 12.43) (Dist: 0.118)
  -> V3 DELTA: PRE(450.64, -433.74, 23.63) -> CURRENT_POST(450.59, -433.59, 23.63) (Dist: 0.156)
  -> V7 DELTA: PRE(914.12, -997.8, 65.26) -> CURRENT_POST(914.31, -997.94, 65.28) (Dist: 0.241)
  -> V8 DELTA: PRE(672.07, -948.37, 36.28) -> CURRENT_POST(672.13, -948.49, 36.29) (Dist: 0.137)
  -> V11 DELTA: PRE(188.57, -659.07, -36.22) -> CURRENT_POST(188.38, -659.04, -36.25) (Dist: 0.193)
  -> V14 DELTA: PRE(383.28, -448.05, 12.7) -> CURRENT_POST(383.19, -447.91, 12.7) (Dist: 0.165)
  -> V15 DELTA: PRE(311.36, -741.38, -27.37) -> CURRENT_POST(311.24, -741.4, -27.39) (Dist: 0.128)
[12:36:51] VERTS | Area | [1, 3, 7, 8, 11, 14, 15]
  -> V1 DELTA: PRE(325.09, -704.39, 12.43) -> CURRENT_POST(324.21, -704.35, 12.43) (Dist: 0.874)
  -> V3 DELTA: PRE(450.64, -433.74, 23.63) -> CURRENT_POST(450.25, -432.65, 23.66) (Dist: 1.156)
  -> V7 DELTA: PRE(914.12, -997.8, 65.26) -> CURRENT_POST(915.52, -998.88, 65.45) (Dist: 1.784)
  -> V8 DELTA: PRE(672.07, -948.37, 36.28) -> CURRENT_POST(672.53, -949.27, 36.37) (Dist: 1.015)
  -> V11 DELTA: PRE(188.57, -659.07, -36.22) -> CURRENT_POST(187.17, -658.85, -36.42) (Dist: 1.430)
  -> V14 DELTA: PRE(383.28, -448.05, 12.7) -> CURRENT_POST(382.63, -447.01, 12.69) (Dist: 1.220)
  -> V15 DELTA: PRE(311.36, -741.38, -27.37) -> CURRENT_POST(310.44, -741.48, -27.53) (Dist: 0.945)
[12:36:51] VERTS | Area | [1, 3, 7, 8, 11, 14, 15]
  -> V1 DELTA: PRE(325.09, -704.39, 12.43) -> CURRENT_POST(321.8, -704.23, 12.4) (Dist: 3.291)
  -> V3 DELTA: PRE(450.64, -433.74, 23.63) -> CURRENT_POST(449.18, -429.64, 23.76) (Dist: 4.353)
  -> V7 DELTA: PRE(914.12, -997.8, 65.26) -> CURRENT_POST(919.39, -1001.89, 65.99) (Dist: 6.716)
  -> V8 DELTA: PRE(672.07, -948.37, 36.28) -> CURRENT_POST(673.82, -951.75, 36.6) (Dist: 3.820)
  -> V11 DELTA: PRE(188.57, -659.07, -36.22) -> CURRENT_POST(183.3, -658.25, -36.96) (Dist: 5.385)
  -> V14 DELTA: PRE(383.28, -448.05, 12.7) -> CURRENT_POST(380.84, -444.16, 12.67) (Dist: 4.592)
  -> V15 DELTA: PRE(311.36, -741.38, -27.37) -> CURRENT_POST(307.88, -741.76, -27.98) (Dist: 3.559)
[12:36:51] VERTS | Area | [1, 3, 7, 8, 11, 14, 15]
  -> V1 DELTA: PRE(325.09, -704.39, 12.43) -> CURRENT_POST(317.4, -704.01, 12.36) (Dist: 7.700)
  -> V3 DELTA: PRE(450.64, -433.74, 23.63) -> CURRENT_POST(447.22, -424.15, 23.94) (Dist: 10.183)
  -> V7 DELTA: PRE(914.12, -997.8, 65.26) -> CURRENT_POST(926.45, -1007.38, 66.98) (Dist: 15.712)
  -> V8 DELTA: PRE(672.07, -948.37, 36.28) -> CURRENT_POST(676.17, -956.28, 37.02) (Dist: 8.938)
  -> V11 DELTA: PRE(188.57, -659.07, -36.22) -> CURRENT_POST(176.24, -657.14, -37.95) (Dist: 12.598)
  -> V14 DELTA: PRE(383.28, -448.05, 12.7) -> CURRENT_POST(377.57, -438.95, 12.64) (Dist: 10.744)
  -> V15 DELTA: PRE(311.36, -741.38, -27.37) -> CURRENT_POST(303.21, -742.26, -28.79) (Dist: 8.325)
[12:36:51] VERTS | Area | [1, 3, 7, 8, 11, 14, 15]
  -> V1 DELTA: PRE(325.09, -704.39, 12.43) -> CURRENT_POST(310.65, -703.67, 12.3) (Dist: 14.459)
  -> V3 DELTA: PRE(450.64, -433.74, 23.63) -> CURRENT_POST(444.21, -415.74, 24.21) (Dist: 19.122)
  -> V7 DELTA: PRE(914.12, -997.8, 65.26) -> CURRENT_POST(937.27, -1015.8, 68.49) (Dist: 29.505)
  -> V8 DELTA: PRE(672.07, -948.37, 36.28) -> CURRENT_POST(679.77, -963.22, 37.67) (Dist: 16.784)
  -> V11 DELTA: PRE(188.57, -659.07, -36.22) -> CURRENT_POST(165.42, -655.45, -39.46) (Dist: 23.657)
  -> V14 DELTA: PRE(383.28, -448.05, 12.7) -> CURRENT_POST(372.56, -430.96, 12.58) (Dist: 20.175)
  -> V15 DELTA: PRE(311.36, -741.38, -27.37) -> CURRENT_POST(296.05, -743.02, -30.04) (Dist: 15.634)
[12:36:51] VERTS | Area | [1, 3, 7, 8, 11, 14, 15]
  -> V1 DELTA: PRE(325.09, -704.39, 12.43) -> CURRENT_POST(297.88, -703.02, 12.18) (Dist: 27.245)
  -> V3 DELTA: PRE(450.64, -433.74, 23.63) -> CURRENT_POST(438.53, -399.82, 24.72) (Dist: 36.030)
  -> V7 DELTA: PRE(914.12, -997.8, 65.26) -> CURRENT_POST(957.74, -1031.71, 71.36) (Dist: 55.595)
  -> V8 DELTA: PRE(672.07, -948.37, 36.28) -> CURRENT_POST(686.59, -976.34, 38.9) (Dist: 31.624)
  -> V11 DELTA: PRE(188.57, -659.07, -36.22) -> CURRENT_POST(144.94, -652.25, -42.32) (Dist: 44.576)
  -> V14 DELTA: PRE(383.28, -448.05, 12.7) -> CURRENT_POST(363.07, -415.85, 12.48) (Dist: 38.014)
  -> V15 DELTA: PRE(311.36, -741.38, -27.37) -> CURRENT_POST(282.5, -744.47, -32.41) (Dist: 29.457)
[12:36:51] VERTS | Area | [1, 3, 7, 8, 11, 14, 15]
  -> V1 DELTA: PRE(325.09, -704.39, 12.43) -> CURRENT_POST(284.14, -702.33, 12.06) (Dist: 40.998)
  -> V3 DELTA: PRE(450.64, -433.74, 23.63) -> CURRENT_POST(432.41, -382.7, 25.28) (Dist: 54.219)
  -> V7 DELTA: PRE(914.12, -997.8, 65.26) -> CURRENT_POST(979.77, -1048.83, 74.44) (Dist: 83.661)
  -> V8 DELTA: PRE(672.07, -948.37, 36.28) -> CURRENT_POST(693.91, -990.47, 40.22) (Dist: 47.589)
  -> V11 DELTA: PRE(188.57, -659.07, -36.22) -> CURRENT_POST(122.92, -648.81, -45.4) (Dist: 67.079)
  -> V14 DELTA: PRE(383.28, -448.05, 12.7) -> CURRENT_POST(352.87, -399.6, 12.37) (Dist: 57.205)
  -> V15 DELTA: PRE(311.36, -741.38, -27.37) -> CURRENT_POST(267.93, -746.02, -34.95) (Dist: 44.328)
[12:36:51] VERTS | Area | [1, 3, 7, 8, 11, 14, 15]
  -> V1 DELTA: PRE(325.09, -704.39, 12.43) -> CURRENT_POST(271.82, -701.71, 11.94) (Dist: 53.336)
  -> V3 DELTA: PRE(450.64, -433.74, 23.63) -> CURRENT_POST(426.93, -367.34, 25.77) (Dist: 70.536)
  -> V7 DELTA: PRE(914.12, -997.8, 65.26) -> CURRENT_POST(999.52, -1064.19, 77.2) (Dist: 108.838)
  -> V8 DELTA: PRE(672.07, -948.37, 36.28) -> CURRENT_POST(700.49, -1003.13, 41.41) (Dist: 61.910)
  -> V11 DELTA: PRE(188.57, -659.07, -36.22) -> CURRENT_POST(103.16, -645.72, -48.17) (Dist: 87.265)
  -> V14 DELTA: PRE(383.28, -448.05, 12.7) -> CURRENT_POST(343.72, -385.02, 12.27) (Dist: 74.420)
  -> V15 DELTA: PRE(311.36, -741.38, -27.37) -> CURRENT_POST(254.86, -747.42, -37.23) (Dist: 57.668)
[12:36:51] VERTS | Area | [1, 3, 7, 8, 11, 14, 15]
  -> V1 DELTA: PRE(325.09, -704.39, 12.43) -> CURRENT_POST(264.44, -701.34, 11.88) (Dist: 60.727)
  -> V3 DELTA: PRE(450.64, -433.74, 23.63) -> CURRENT_POST(423.65, -358.14, 26.07) (Dist: 80.309)
  -> V7 DELTA: PRE(914.12, -997.8, 65.26) -> CURRENT_POST(1011.36, -1073.39, 78.86) (Dist: 123.918)
  -> V8 DELTA: PRE(672.07, -948.37, 36.28) -> CURRENT_POST(704.43, -1010.72, 42.12) (Dist: 70.489)
  -> V11 DELTA: PRE(188.57, -659.07, -36.22) -> CURRENT_POST(91.33, -643.87, -49.82) (Dist: 99.357)
  -> V14 DELTA: PRE(383.28, -448.05, 12.7) -> CURRENT_POST(338.23, -376.28, 12.21) (Dist: 84.731)
  -> V15 DELTA: PRE(311.36, -741.38, -27.37) -> CURRENT_POST(247.04, -748.25, -38.6) (Dist: 65.659)
[12:36:51] VERTS | Area | [1, 3, 7, 8, 11, 14, 15]
  -> V1 DELTA: PRE(325.09, -704.39, 12.43) -> CURRENT_POST(261.39, -701.19, 11.85) (Dist: 63.783)
  -> V3 DELTA: PRE(450.64, -433.74, 23.63) -> CURRENT_POST(422.29, -354.33, 26.19) (Dist: 84.351)
  -> V7 DELTA: PRE(914.12, -997.8, 65.26) -> CURRENT_POST(1016.25, -1077.2, 79.54) (Dist: 130.155)
  -> V8 DELTA: PRE(672.07, -948.37, 36.28) -> CURRENT_POST(706.06, -1013.86, 42.41) (Dist: 74.036)
  -> V11 DELTA: PRE(188.57, -659.07, -36.22) -> CURRENT_POST(86.43, -643.11, -50.51) (Dist: 104.357)
  -> V14 DELTA: PRE(383.28, -448.05, 12.7) -> CURRENT_POST(335.97, -372.67, 12.19) (Dist: 88.995)
  -> V15 DELTA: PRE(311.36, -741.38, -27.37) -> CURRENT_POST(243.8, -748.6, -39.16) (Dist: 68.963)
[12:36:51] VERTS | Area | [1, 3, 7, 8, 11, 14, 15]
  -> V1 DELTA: PRE(325.09, -704.39, 12.43) -> CURRENT_POST(260.0, -701.12, 11.84) (Dist: 65.167)
  -> V3 DELTA: PRE(450.64, -433.74, 23.63) -> CURRENT_POST(421.67, -352.61, 26.25) (Dist: 86.181)
  -> V7 DELTA: PRE(914.12, -997.8, 65.26) -> CURRENT_POST(1018.47, -1078.92, 79.85) (Dist: 132.979)
  -> V8 DELTA: PRE(672.07, -948.37, 36.28) -> CURRENT_POST(706.79, -1015.28, 42.54) (Dist: 75.643)
  -> V11 DELTA: PRE(188.57, -659.07, -36.22) -> CURRENT_POST(84.22, -642.76, -50.82) (Dist: 106.621)
  -> V14 DELTA: PRE(383.28, -448.05, 12.7) -> CURRENT_POST(334.94, -371.04, 12.18) (Dist: 90.927)
  -> V15 DELTA: PRE(311.36, -741.38, -27.37) -> CURRENT_POST(242.33, -748.75, -39.42) (Dist: 70.460)
[12:36:51] VERTS | Area | [1, 3, 7, 8, 11, 14, 15]
  -> V1 DELTA: PRE(325.09, -704.39, 12.43) -> CURRENT_POST(253.28, -700.78, 11.77) (Dist: 71.897)
  -> V3 DELTA: PRE(450.64, -433.74, 23.63) -> CURRENT_POST(418.68, -344.23, 26.52) (Dist: 95.082)
  -> V7 DELTA: PRE(914.12, -997.8, 65.26) -> CURRENT_POST(1029.24, -1087.3, 81.36) (Dist: 146.713)
  -> V8 DELTA: PRE(672.07, -948.37, 36.28) -> CURRENT_POST(710.38, -1022.19, 43.19) (Dist: 83.455)
  -> V11 DELTA: PRE(188.57, -659.07, -36.22) -> CURRENT_POST(73.44, -641.08, -52.32) (Dist: 117.633)
  -> V14 DELTA: PRE(383.28, -448.05, 12.7) -> CURRENT_POST(329.95, -363.08, 12.12) (Dist: 100.317)
  -> V15 DELTA: PRE(311.36, -741.38, -27.37) -> CURRENT_POST(235.2, -749.52, -40.66) (Dist: 77.737)
[12:36:51] VERTS | Area | [1, 3, 7, 8, 11, 14, 15]
  -> V1 DELTA: PRE(325.09, -704.39, 12.43) -> CURRENT_POST(243.27, -700.28, 11.68) (Dist: 81.921)
  -> V3 DELTA: PRE(450.64, -433.74, 23.63) -> CURRENT_POST(414.22, -331.75, 26.92) (Dist: 108.339)
  -> V7 DELTA: PRE(914.12, -997.8, 65.26) -> CURRENT_POST(1045.3, -1099.78, 83.6) (Dist: 167.168)
  -> V8 DELTA: PRE(672.07, -948.37, 36.28) -> CURRENT_POST(715.72, -1032.48, 44.15) (Dist: 95.091)
  -> V11 DELTA: PRE(188.57, -659.07, -36.22) -> CURRENT_POST(57.39, -638.57, -54.57) (Dist: 134.034)
  -> V14 DELTA: PRE(383.28, -448.05, 12.7) -> CURRENT_POST(322.51, -351.24, 12.04) (Dist: 114.304)
  -> V15 DELTA: PRE(311.36, -741.38, -27.37) -> CURRENT_POST(224.58, -750.65, -42.52) (Dist: 88.575)
[12:36:51] VERTS | Area | [1, 3, 7, 8, 11, 14, 15]
  -> V1 DELTA: PRE(325.09, -704.39, 12.43) -> CURRENT_POST(233.93, -699.81, 11.6) (Dist: 91.278)
  -> V3 DELTA: PRE(450.64, -433.74, 23.63) -> CURRENT_POST(410.07, -320.11, 27.3) (Dist: 120.712)
  -> V7 DELTA: PRE(914.12, -997.8, 65.26) -> CURRENT_POST(1060.28, -1111.43, 85.7) (Dist: 186.260)
  -> V8 DELTA: PRE(672.07, -948.37, 36.28) -> CURRENT_POST(720.71, -1042.09, 45.05) (Dist: 105.951)
  -> V11 DELTA: PRE(188.57, -659.07, -36.22) -> CURRENT_POST(42.41, -636.23, -56.66) (Dist: 149.342)
  -> V14 DELTA: PRE(383.28, -448.05, 12.7) -> CURRENT_POST(315.57, -340.18, 11.97) (Dist: 127.359)
  -> V15 DELTA: PRE(311.36, -741.38, -27.37) -> CURRENT_POST(214.67, -751.71, -44.25) (Dist: 98.691)
[12:36:51] VERTS | Area | [1, 3, 7, 8, 11, 14, 15]
  -> V1 DELTA: PRE(325.09, -704.39, 12.43) -> CURRENT_POST(223.11, -699.27, 11.5) (Dist: 102.107)
  -> V3 DELTA: PRE(450.64, -433.74, 23.63) -> CURRENT_POST(405.25, -306.63, 27.73) (Dist: 135.033)
  -> V7 DELTA: PRE(914.12, -997.8, 65.26) -> CURRENT_POST(1077.62, -1124.91, 88.12) (Dist: 208.358)
  -> V8 DELTA: PRE(672.07, -948.37, 36.28) -> CURRENT_POST(726.48, -1053.21, 46.09) (Dist: 118.521)
  -> V11 DELTA: PRE(188.57, -659.07, -36.22) -> CURRENT_POST(25.07, -633.52, -59.09) (Dist: 167.060)
  -> V14 DELTA: PRE(383.28, -448.05, 12.7) -> CURRENT_POST(307.54, -327.38, 11.88) (Dist: 142.468)
  -> V15 DELTA: PRE(311.36, -741.38, -27.37) -> CURRENT_POST(203.2, -752.93, -46.25) (Dist: 110.400)
[12:36:51] VERTS | Area | [1, 3, 7, 8, 11, 14, 15]
  -> V1 DELTA: PRE(325.09, -704.39, 12.43) -> CURRENT_POST(208.73, -698.54, 11.36) (Dist: 116.504)
  -> V3 DELTA: PRE(450.64, -433.74, 23.63) -> CURRENT_POST(398.85, -288.7, 28.31) (Dist: 154.074)
  -> V7 DELTA: PRE(914.12, -997.8, 65.26) -> CURRENT_POST(1100.67, -1142.83, 91.35) (Dist: 237.737)
  -> V8 DELTA: PRE(672.07, -948.37, 36.28) -> CURRENT_POST(734.15, -1067.99, 47.48) (Dist: 135.233)
  -> V11 DELTA: PRE(188.57, -659.07, -36.22) -> CURRENT_POST(2.01, -629.91, -62.31) (Dist: 190.616)
  -> V14 DELTA: PRE(383.28, -448.05, 12.7) -> CURRENT_POST(296.86, -310.37, 11.76) (Dist: 162.557)
  -> V15 DELTA: PRE(311.36, -741.38, -27.37) -> CURRENT_POST(187.95, -754.56, -48.91) (Dist: 125.967)
[12:36:51] VERTS | Area | [1, 3, 7, 8, 11, 14, 15]
  -> V1 DELTA: PRE(325.09, -704.39, 12.43) -> CURRENT_POST(191.49, -697.68, 11.21) (Dist: 133.766)
  -> V3 DELTA: PRE(450.64, -433.74, 23.63) -> CURRENT_POST(391.18, -267.21, 29.01) (Dist: 176.901)
  -> V7 DELTA: PRE(914.12, -997.8, 65.26) -> CURRENT_POST(1128.31, -1164.32, 95.21) (Dist: 272.961)
  -> V8 DELTA: PRE(672.07, -948.37, 36.28) -> CURRENT_POST(743.35, -1085.71, 49.14) (Dist: 155.269)
  -> V11 DELTA: PRE(188.57, -659.07, -36.22) -> CURRENT_POST(-25.63, -625.59, -66.18) (Dist: 218.857)
  -> V14 DELTA: PRE(383.28, -448.05, 12.7) -> CURRENT_POST(284.05, -289.97, 11.63) (Dist: 186.642)
  -> V15 DELTA: PRE(311.36, -741.38, -27.37) -> CURRENT_POST(169.67, -756.51, -52.1) (Dist: 144.630)
[12:36:51] VERTS | Area | [1, 3, 7, 8, 11, 14, 15]
  -> V1 DELTA: PRE(325.09, -704.39, 12.43) -> CURRENT_POST(172.36, -696.71, 11.03) (Dist: 152.929)
  -> V3 DELTA: PRE(450.64, -433.74, 23.63) -> CURRENT_POST(382.66, -243.36, 29.78) (Dist: 202.244)
  -> V7 DELTA: PRE(914.12, -997.8, 65.26) -> CURRENT_POST(1159.0, -1188.17, 99.5) (Dist: 312.064)
  -> V8 DELTA: PRE(672.07, -948.37, 36.28) -> CURRENT_POST(753.56, -1105.39, 50.98) (Dist: 177.512)
  -> V11 DELTA: PRE(188.57, -659.07, -36.22) -> CURRENT_POST(-56.31, -620.8, -70.47) (Dist: 250.210)
  -> V14 DELTA: PRE(383.28, -448.05, 12.7) -> CURRENT_POST(269.84, -267.33, 11.47) (Dist: 213.379)
  -> V15 DELTA: PRE(311.36, -741.38, -27.37) -> CURRENT_POST(149.37, -758.68, -55.64) (Dist: 165.349)
[12:36:51] VERTS | Area | [1, 3, 7, 8, 11, 14, 15]
  -> V1 DELTA: PRE(325.09, -704.39, 12.43) -> CURRENT_POST(146.1, -695.39, 10.79) (Dist: 179.216)
  -> V3 DELTA: PRE(450.64, -433.74, 23.63) -> CURRENT_POST(370.98, -210.63, 30.83) (Dist: 237.008)
  -> V7 DELTA: PRE(914.12, -997.8, 65.26) -> CURRENT_POST(1201.09, -1220.9, 105.39) (Dist: 365.705)
  -> V8 DELTA: PRE(672.07, -948.37, 36.28) -> CURRENT_POST(767.57, -1132.38, 53.5) (Dist: 208.025)
  -> V11 DELTA: PRE(188.57, -659.07, -36.22) -> CURRENT_POST(-98.41, -614.22, -76.36) (Dist: 293.219)
  -> V14 DELTA: PRE(383.28, -448.05, 12.7) -> CURRENT_POST(250.34, -236.26, 11.26) (Dist: 250.057)
  -> V15 DELTA: PRE(311.36, -741.38, -27.37) -> CURRENT_POST(121.52, -761.65, -60.5) (Dist: 193.771)
[12:36:51] VERTS | Area | [1, 3, 7, 8, 11, 14, 15]
  -> V1 DELTA: PRE(325.09, -704.39, 12.43) -> CURRENT_POST(120.53, -694.11, 10.55) (Dist: 204.819)
  -> V3 DELTA: PRE(450.64, -433.74, 23.63) -> CURRENT_POST(359.6, -178.76, 31.86) (Dist: 270.868)
  -> V7 DELTA: PRE(914.12, -997.8, 65.26) -> CURRENT_POST(1242.09, -1252.77, 111.13) (Dist: 417.952)
  -> V8 DELTA: PRE(672.07, -948.37, 36.28) -> CURRENT_POST(781.21, -1158.66, 55.96) (Dist: 237.745)
  -> V11 DELTA: PRE(188.57, -659.07, -36.22) -> CURRENT_POST(-139.41, -607.81, -82.09) (Dist: 335.110)
  -> V14 DELTA: PRE(383.28, -448.05, 12.7) -> CURRENT_POST(231.34, -206.01, 11.06) (Dist: 285.782)
  -> V15 DELTA: PRE(311.36, -741.38, -27.37) -> CURRENT_POST(94.4, -764.55, -65.24) (Dist: 221.454)
[12:36:51] VERTS | Area | [1, 3, 7, 8, 11, 14, 15]
  -> V1 DELTA: PRE(325.09, -704.39, 12.43) -> CURRENT_POST(96.38, -692.89, 10.33) (Dist: 229.007)
  -> V3 DELTA: PRE(450.64, -433.74, 23.63) -> CURRENT_POST(348.84, -148.65, 32.84) (Dist: 302.856)
  -> V7 DELTA: PRE(914.12, -997.8, 65.26) -> CURRENT_POST(1280.82, -1282.88, 116.54) (Dist: 467.310)
  -> V8 DELTA: PRE(672.07, -948.37, 36.28) -> CURRENT_POST(794.1, -1183.5, 58.29) (Dist: 265.821)
  -> V11 DELTA: PRE(188.57, -659.07, -36.22) -> CURRENT_POST(-178.14, -601.76, -87.51) (Dist: 374.684)
  -> V14 DELTA: PRE(383.28, -448.05, 12.7) -> CURRENT_POST(213.4, -177.42, 10.86) (Dist: 319.531)
  -> V15 DELTA: PRE(311.36, -741.38, -27.37) -> CURRENT_POST(68.78, -767.28, -69.71) (Dist: 247.607)
[12:36:51] VERTS | Area | [1, 3, 7, 8, 11, 14, 15]
  -> V1 DELTA: PRE(325.09, -704.39, 12.43) -> CURRENT_POST(76.48, -691.89, 10.15) (Dist: 248.931)
  -> V3 DELTA: PRE(450.64, -433.74, 23.63) -> CURRENT_POST(339.99, -123.85, 33.64) (Dist: 329.204)
  -> V7 DELTA: PRE(914.12, -997.8, 65.26) -> CURRENT_POST(1312.72, -1307.69, 121.0) (Dist: 507.965)
  -> V8 DELTA: PRE(672.07, -948.37, 36.28) -> CURRENT_POST(804.72, -1203.95, 60.2) (Dist: 288.947)
  -> V11 DELTA: PRE(188.57, -659.07, -36.22) -> CURRENT_POST(-210.04, -596.77, -91.97) (Dist: 407.282)
  -> V14 DELTA: PRE(383.28, -448.05, 12.7) -> CURRENT_POST(198.62, -153.88, 10.7) (Dist: 347.330)
  -> V15 DELTA: PRE(311.36, -741.38, -27.37) -> CURRENT_POST(47.68, -769.53, -73.39) (Dist: 269.148)
[12:36:51] VERTS | Area | [1, 3, 7, 8, 11, 14, 15]
  -> V1 DELTA: PRE(325.09, -704.39, 12.43) -> CURRENT_POST(58.47, -690.99, 9.98) (Dist: 266.961)
  -> V3 DELTA: PRE(450.64, -433.74, 23.63) -> CURRENT_POST(331.97, -101.4, 34.36) (Dist: 353.048)
  -> V7 DELTA: PRE(914.12, -997.8, 65.26) -> CURRENT_POST(1341.6, -1330.13, 125.04) (Dist: 544.757)
  -> V8 DELTA: PRE(672.07, -948.37, 36.28) -> CURRENT_POST(814.33, -1222.47, 61.93) (Dist: 309.876)
  -> V11 DELTA: PRE(188.57, -659.07, -36.22) -> CURRENT_POST(-238.91, -592.26, -96.01) (Dist: 436.781)
  -> V14 DELTA: PRE(383.28, -448.05, 12.7) -> CURRENT_POST(185.24, -132.57, 10.56) (Dist: 372.487)
  -> V15 DELTA: PRE(311.36, -741.38, -27.37) -> CURRENT_POST(28.58, -771.57, -76.73) (Dist: 288.643)
[12:36:51] VERTS | Area | [1, 3, 7, 8, 11, 14, 15]
  -> V1 DELTA: PRE(325.09, -704.39, 12.43) -> CURRENT_POST(42.37, -690.18, 9.83) (Dist: 283.081)
  -> V3 DELTA: PRE(450.64, -433.74, 23.63) -> CURRENT_POST(324.81, -81.34, 35.01) (Dist: 374.366)
  -> V7 DELTA: PRE(914.12, -997.8, 65.26) -> CURRENT_POST(1367.41, -1350.2, 128.65) (Dist: 577.651)
  -> V8 DELTA: PRE(672.07, -948.37, 36.28) -> CURRENT_POST(822.91, -1239.02, 63.48) (Dist: 328.587)
  -> V11 DELTA: PRE(188.57, -659.07, -36.22) -> CURRENT_POST(-264.72, -588.23, -99.62) (Dist: 463.155)
  -> V14 DELTA: PRE(383.28, -448.05, 12.7) -> CURRENT_POST(173.29, -113.52, 10.43) (Dist: 394.979)
  -> V15 DELTA: PRE(311.36, -741.38, -27.37) -> CURRENT_POST(11.5, -773.4, -79.71) (Dist: 306.072)
[12:36:51] VERTS | Area | [1, 3, 7, 8, 11, 14, 15]
  -> V1 DELTA: PRE(325.09, -704.39, 12.43) -> CURRENT_POST(24.86, -689.3, 9.67) (Dist: 300.617)
  -> V3 DELTA: PRE(450.64, -433.74, 23.63) -> CURRENT_POST(317.01, -59.5, 35.72) (Dist: 397.558)
  -> V7 DELTA: PRE(914.12, -997.8, 65.26) -> CURRENT_POST(1395.49, -1372.03, 132.58) (Dist: 613.436)
  -> V8 DELTA: PRE(672.07, -948.37, 36.28) -> CURRENT_POST(832.26, -1257.02, 65.17) (Dist: 348.942)
  -> V11 DELTA: PRE(188.57, -659.07, -36.22) -> CURRENT_POST(-292.8, -583.84, -103.55) (Dist: 491.847)
  -> V14 DELTA: PRE(383.28, -448.05, 12.7) -> CURRENT_POST(160.28, -92.8, 10.29) (Dist: 419.447)
  -> V15 DELTA: PRE(311.36, -741.38, -27.37) -> CURRENT_POST(-7.07, -775.38, -82.95) (Dist: 325.033)
[12:36:51] VERTS | Area | [1, 3, 7, 8, 11, 14, 15]
  -> V1 DELTA: PRE(325.09, -704.39, 12.43) -> CURRENT_POST(2.84, -688.19, 9.47) (Dist: 322.666)
  -> V3 DELTA: PRE(450.64, -433.74, 23.63) -> CURRENT_POST(307.21, -32.06, 36.6) (Dist: 426.716)
  -> V7 DELTA: PRE(914.12, -997.8, 65.26) -> CURRENT_POST(1430.8, -1399.48, 137.52) (Dist: 658.428)
  -> V8 DELTA: PRE(672.07, -948.37, 36.28) -> CURRENT_POST(844.01, -1279.66, 67.28) (Dist: 374.535)
  -> V11 DELTA: PRE(188.57, -659.07, -36.22) -> CURRENT_POST(-328.11, -578.32, -108.48) (Dist: 527.921)
  -> V14 DELTA: PRE(383.28, -448.05, 12.7) -> CURRENT_POST(143.92, -66.75, 10.11) (Dist: 450.211)
  -> V15 DELTA: PRE(311.36, -741.38, -27.37) -> CURRENT_POST(-30.43, -777.87, -87.03) (Dist: 348.872)
[12:36:51] VERTS | Area | [1, 3, 7, 8, 11, 14, 15]
  -> V1 DELTA: PRE(325.09, -704.39, 12.43) -> CURRENT_POST(-59.23, -685.07, 8.9) (Dist: 384.822)
  -> V3 DELTA: PRE(450.64, -433.74, 23.63) -> CURRENT_POST(279.58, 45.32, 39.1) (Dist: 508.916)
  -> V7 DELTA: PRE(914.12, -997.8, 65.26) -> CURRENT_POST(1530.33, -1476.85, 151.44) (Dist: 785.263)
  -> V8 DELTA: PRE(672.07, -948.37, 36.28) -> CURRENT_POST(877.13, -1343.48, 73.26) (Dist: 446.683)
  -> V11 DELTA: PRE(188.57, -659.07, -36.22) -> CURRENT_POST(-427.64, -562.77, -122.4) (Dist: 629.616)
  -> V14 DELTA: PRE(383.28, -448.05, 12.7) -> CURRENT_POST(97.81, 6.71, 9.61) (Dist: 536.937)
  -> V15 DELTA: PRE(311.36, -741.38, -27.37) -> CURRENT_POST(-96.27, -784.9, -98.52) (Dist: 416.076)
[12:36:51] VERTS | Area | [1, 3, 7, 8, 11, 14, 15]
  -> V1 DELTA: PRE(325.09, -704.39, 12.43) -> CURRENT_POST(-76.3, -684.21, 8.74) (Dist: 401.915)
  -> V3 DELTA: PRE(450.64, -433.74, 23.63) -> CURRENT_POST(271.99, 66.6, 39.79) (Dist: 531.521)
  -> V7 DELTA: PRE(914.12, -997.8, 65.26) -> CURRENT_POST(1557.7, -1498.13, 155.27) (Dist: 820.143)
  -> V8 DELTA: PRE(672.07, -948.37, 36.28) -> CURRENT_POST(886.24, -1361.03, 74.9) (Dist: 466.524)
  -> V11 DELTA: PRE(188.57, -659.07, -36.22) -> CURRENT_POST(-455.01, -558.49, -126.23) (Dist: 657.583)
  -> V14 DELTA: PRE(383.28, -448.05, 12.7) -> CURRENT_POST(85.13, 26.9, 9.47) (Dist: 560.787)
  -> V15 DELTA: PRE(311.36, -741.38, -27.37) -> CURRENT_POST(-114.38, -786.83, -101.68) (Dist: 434.558)
[12:36:51] VERTS | Area | [1, 3, 7, 8, 11, 14, 15]
  -> V1 DELTA: PRE(325.09, -704.39, 12.43) -> CURRENT_POST(-90.78, -683.49, 8.61) (Dist: 416.411)
  -> V3 DELTA: PRE(450.64, -433.74, 23.63) -> CURRENT_POST(265.54, 84.65, 40.37) (Dist: 550.692)
  -> V7 DELTA: PRE(914.12, -997.8, 65.26) -> CURRENT_POST(1580.91, -1516.18, 158.51) (Dist: 849.723)
  -> V8 DELTA: PRE(672.07, -948.37, 36.28) -> CURRENT_POST(893.96, -1375.91, 76.29) (Dist: 483.351)
  -> V11 DELTA: PRE(188.57, -659.07, -36.22) -> CURRENT_POST(-478.22, -554.86, -129.48) (Dist: 681.300)
  -> V14 DELTA: PRE(383.28, -448.05, 12.7) -> CURRENT_POST(74.38, 44.03, 9.36) (Dist: 581.013)
  -> V15 DELTA: PRE(311.36, -741.38, -27.37) -> CURRENT_POST(-129.73, -788.47, -104.36) (Dist: 450.231)
[12:36:51] VERTS | Area | [1, 3, 7, 8, 11, 14, 15]
  -> V1 DELTA: PRE(325.09, -704.39, 12.43) -> CURRENT_POST(-101.71, -682.94, 8.51) (Dist: 427.355)
  -> V3 DELTA: PRE(450.64, -433.74, 23.63) -> CURRENT_POST(260.68, 98.27, 40.81) (Dist: 565.165)
  -> V7 DELTA: PRE(914.12, -997.8, 65.26) -> CURRENT_POST(1598.43, -1529.8, 160.96) (Dist: 872.055)
  -> V8 DELTA: PRE(672.07, -948.37, 36.28) -> CURRENT_POST(899.8, -1387.15, 77.34) (Dist: 496.054)
  -> V11 DELTA: PRE(188.57, -659.07, -36.22) -> CURRENT_POST(-495.75, -552.12, -131.93) (Dist: 699.206)
  -> V14 DELTA: PRE(383.28, -448.05, 12.7) -> CURRENT_POST(66.26, 56.97, 9.27) (Dist: 596.283)
  -> V15 DELTA: PRE(311.36, -741.38, -27.37) -> CURRENT_POST(-141.32, -789.71, -106.38) (Dist: 462.064)
[12:36:51] VERTS | Area | [1, 3, 7, 8, 11, 14, 15]
  -> V1 DELTA: PRE(325.09, -704.39, 12.43) -> CURRENT_POST(-109.8, -682.53, 8.43) (Dist: 435.453)
  -> V3 DELTA: PRE(450.64, -433.74, 23.63) -> CURRENT_POST(257.08, 108.35, 41.14) (Dist: 575.874)
  -> V7 DELTA: PRE(914.12, -997.8, 65.26) -> CURRENT_POST(1611.4, -1539.88, 162.78) (Dist: 888.580)
  -> V8 DELTA: PRE(672.07, -948.37, 36.28) -> CURRENT_POST(904.11, -1395.46, 78.12) (Dist: 505.453)
  -> V11 DELTA: PRE(188.57, -659.07, -36.22) -> CURRENT_POST(-508.72, -550.09, -133.74) (Dist: 712.455)
  -> V14 DELTA: PRE(383.28, -448.05, 12.7) -> CURRENT_POST(60.25, 66.54, 9.2) (Dist: 607.582)
  -> V15 DELTA: PRE(311.36, -741.38, -27.37) -> CURRENT_POST(-149.9, -790.63, -107.88) (Dist: 470.820)
[12:36:51] VERTS | Area | [1, 3, 7, 8, 11, 14, 15]
  -> V1 DELTA: PRE(325.09, -704.39, 12.43) -> CURRENT_POST(-115.04, -682.27, 8.38) (Dist: 440.703)
  -> V3 DELTA: PRE(450.64, -433.74, 23.63) -> CURRENT_POST(254.74, 114.89, 41.35) (Dist: 582.818)
  -> V7 DELTA: PRE(914.12, -997.8, 65.26) -> CURRENT_POST(1619.81, -1546.42, 163.95) (Dist: 899.294)
  -> V8 DELTA: PRE(672.07, -948.37, 36.28) -> CURRENT_POST(906.91, -1400.85, 78.62) (Dist: 511.548)
  -> V11 DELTA: PRE(188.57, -659.07, -36.22) -> CURRENT_POST(-517.12, -548.78, -134.92) (Dist: 721.045)
  -> V14 DELTA: PRE(383.28, -448.05, 12.7) -> CURRENT_POST(56.36, 72.74, 9.16) (Dist: 614.907)
  -> V15 DELTA: PRE(311.36, -741.38, -27.37) -> CURRENT_POST(-155.46, -791.22, -108.85) (Dist: 476.496)
[12:36:52] VERTS | Area | [1, 3, 7, 8, 11, 14, 15]
  -> V1 DELTA: PRE(325.09, -704.39, 12.43) -> CURRENT_POST(-116.48, -682.19, 8.37) (Dist: 442.144)
  -> V3 DELTA: PRE(450.64, -433.74, 23.63) -> CURRENT_POST(254.1, 116.68, 41.41) (Dist: 584.723)
  -> V7 DELTA: PRE(914.12, -997.8, 65.26) -> CURRENT_POST(1622.11, -1548.21, 164.28) (Dist: 902.234)
  -> V8 DELTA: PRE(672.07, -948.37, 36.28) -> CURRENT_POST(907.68, -1402.33, 78.76) (Dist: 513.220)
  -> V11 DELTA: PRE(188.57, -659.07, -36.22) -> CURRENT_POST(-519.43, -548.42, -135.24) (Dist: 723.402)
  -> V14 DELTA: PRE(383.28, -448.05, 12.7) -> CURRENT_POST(55.29, 74.44, 9.15) (Dist: 616.918)
  -> V15 DELTA: PRE(311.36, -741.38, -27.37) -> CURRENT_POST(-156.99, -791.38, -109.12) (Dist: 478.054)
[12:36:52] VERTS | Area | [1, 3, 7, 8, 11, 14, 15]
  -> V1 DELTA: PRE(325.09, -704.39, 12.43) -> CURRENT_POST(-115.81, -682.23, 8.38) (Dist: 441.473)
  -> V3 DELTA: PRE(450.64, -433.74, 23.63) -> CURRENT_POST(254.4, 115.84, 41.38) (Dist: 583.835)
  -> V7 DELTA: PRE(914.12, -997.8, 65.26) -> CURRENT_POST(1621.04, -1547.38, 164.13) (Dist: 900.863)
  -> V8 DELTA: PRE(672.07, -948.37, 36.28) -> CURRENT_POST(907.32, -1401.64, 78.7) (Dist: 512.441)
  -> V11 DELTA: PRE(188.57, -659.07, -36.22) -> CURRENT_POST(-518.35, -548.59, -135.09) (Dist: 722.304)
  -> V14 DELTA: PRE(383.28, -448.05, 12.7) -> CURRENT_POST(55.79, 73.65, 9.16) (Dist: 615.981)
  -> V15 DELTA: PRE(311.36, -741.38, -27.37) -> CURRENT_POST(-156.28, -791.31, -108.99) (Dist: 477.328)
[12:36:52] VERTS | Area | [1, 3, 7, 8, 11, 14, 15]
  -> V1 DELTA: PRE(325.09, -704.39, 12.43) -> CURRENT_POST(-114.26, -682.31, 8.39) (Dist: 439.918)
  -> V3 DELTA: PRE(450.64, -433.74, 23.63) -> CURRENT_POST(255.09, 113.91, 41.32) (Dist: 581.779)
  -> V7 DELTA: PRE(914.12, -997.8, 65.26) -> CURRENT_POST(1618.55, -1545.44, 163.78) (Dist: 897.691)
  -> V8 DELTA: PRE(672.07, -948.37, 36.28) -> CURRENT_POST(906.49, -1400.04, 78.55) (Dist: 510.636)
  -> V11 DELTA: PRE(188.57, -659.07, -36.22) -> CURRENT_POST(-515.86, -548.98, -134.74) (Dist: 719.760)
  -> V14 DELTA: PRE(383.28, -448.05, 12.7) -> CURRENT_POST(56.94, 71.81, 9.17) (Dist: 613.811)
  -> V15 DELTA: PRE(311.36, -741.38, -27.37) -> CURRENT_POST(-154.63, -791.13, -108.71) (Dist: 475.647)
[12:36:52] VERTS | Area | [1, 3, 7, 8, 11, 14, 15]
  -> V1 DELTA: PRE(325.09, -704.39, 12.43) -> CURRENT_POST(-112.41, -682.4, 8.41) (Dist: 438.072)
  -> V3 DELTA: PRE(450.64, -433.74, 23.63) -> CURRENT_POST(255.91, 111.61, 41.24) (Dist: 579.337)
  -> V7 DELTA: PRE(914.12, -997.8, 65.26) -> CURRENT_POST(1615.59, -1543.14, 163.36) (Dist: 893.923)
  -> V8 DELTA: PRE(672.07, -948.37, 36.28) -> CURRENT_POST(905.51, -1398.15, 78.37) (Dist: 508.493)
  -> V11 DELTA: PRE(188.57, -659.07, -36.22) -> CURRENT_POST(-512.91, -549.44, -134.33) (Dist: 716.739)
  -> V14 DELTA: PRE(383.28, -448.05, 12.7) -> CURRENT_POST(58.31, 69.63, 9.18) (Dist: 611.236)
  -> V15 DELTA: PRE(311.36, -741.38, -27.37) -> CURRENT_POST(-152.68, -790.92, -108.36) (Dist: 473.651)
[12:36:52] VERTS | Area | [1, 3, 7, 8, 11, 14, 15]
  -> V1 DELTA: PRE(325.09, -704.39, 12.43) -> CURRENT_POST(-111.98, -682.42, 8.41) (Dist: 437.633)
  -> V3 DELTA: PRE(450.64, -433.74, 23.63) -> CURRENT_POST(256.11, 111.06, 41.23) (Dist: 578.757)
  -> V7 DELTA: PRE(914.12, -997.8, 65.26) -> CURRENT_POST(1614.89, -1542.6, 163.27) (Dist: 893.028)
  -> V8 DELTA: PRE(672.07, -948.37, 36.28) -> CURRENT_POST(905.27, -1397.7, 78.33) (Dist: 507.984)
  -> V11 DELTA: PRE(188.57, -659.07, -36.22) -> CURRENT_POST(-512.21, -549.55, -134.23) (Dist: 716.021)
  -> V14 DELTA: PRE(383.28, -448.05, 12.7) -> CURRENT_POST(58.64, 69.11, 9.19) (Dist: 610.623)
  -> V15 DELTA: PRE(311.36, -741.38, -27.37) -> CURRENT_POST(-152.21, -790.87, -108.28) (Dist: 473.176)
[12:36:52] VERTS | Area | [1, 3, 7, 8, 11, 14, 15]
  -> V1 DELTA: PRE(325.09, -704.39, 12.43) -> CURRENT_POST(-111.27, -682.46, 8.42) (Dist: 436.931)
  -> V3 DELTA: PRE(450.64, -433.74, 23.63) -> CURRENT_POST(256.42, 110.19, 41.2) (Dist: 577.828)
  -> V7 DELTA: PRE(914.12, -997.8, 65.26) -> CURRENT_POST(1613.77, -1541.72, 163.11) (Dist: 891.595)
  -> V8 DELTA: PRE(672.07, -948.37, 36.28) -> CURRENT_POST(904.9, -1396.98, 78.26) (Dist: 507.169)
  -> V11 DELTA: PRE(188.57, -659.07, -36.22) -> CURRENT_POST(-511.08, -549.72, -134.07) (Dist: 714.873)
  -> V14 DELTA: PRE(383.28, -448.05, 12.7) -> CURRENT_POST(59.16, 68.28, 9.19) (Dist: 609.644)
  -> V15 DELTA: PRE(311.36, -741.38, -27.37) -> CURRENT_POST(-151.47, -790.79, -108.15) (Dist: 472.417)
[12:36:52] VERTS | Area | [1, 3, 7, 8, 11, 14, 15]
  -> V1 DELTA: PRE(325.09, -704.39, 12.43) -> CURRENT_POST(-110.36, -682.5, 8.43) (Dist: 436.010)
  -> V3 DELTA: PRE(450.64, -433.74, 23.63) -> CURRENT_POST(256.83, 109.04, 41.16) (Dist: 576.611)
  -> V7 DELTA: PRE(914.12, -997.8, 65.26) -> CURRENT_POST(1612.29, -1540.58, 162.9) (Dist: 889.717)
  -> V8 DELTA: PRE(672.07, -948.37, 36.28) -> CURRENT_POST(904.41, -1396.03, 78.17) (Dist: 506.101)
  -> V11 DELTA: PRE(188.57, -659.07, -36.22) -> CURRENT_POST(-509.61, -549.95, -133.87) (Dist: 713.367)
  -> V14 DELTA: PRE(383.28, -448.05, 12.7) -> CURRENT_POST(59.84, 67.2, 9.2) (Dist: 608.360)
  -> V15 DELTA: PRE(311.36, -741.38, -27.37) -> CURRENT_POST(-150.49, -790.69, -107.98) (Dist: 471.422)
[12:36:52] VERTS | Area | [1, 3, 7, 8, 11, 14, 15]
  -> V1 DELTA: PRE(325.09, -704.39, 12.43) -> CURRENT_POST(-107.34, -682.65, 8.46) (Dist: 432.988)
  -> V3 DELTA: PRE(450.64, -433.74, 23.63) -> CURRENT_POST(258.17, 105.28, 41.04) (Dist: 572.614)
  -> V7 DELTA: PRE(914.12, -997.8, 65.26) -> CURRENT_POST(1607.45, -1536.81, 162.23) (Dist: 883.549)
  -> V8 DELTA: PRE(672.07, -948.37, 36.28) -> CURRENT_POST(902.8, -1392.93, 77.88) (Dist: 502.592)
  -> V11 DELTA: PRE(188.57, -659.07, -36.22) -> CURRENT_POST(-504.77, -550.71, -133.19) (Dist: 708.421)
  -> V14 DELTA: PRE(383.28, -448.05, 12.7) -> CURRENT_POST(62.08, 63.62, 9.22) (Dist: 604.142)
  -> V15 DELTA: PRE(311.36, -741.38, -27.37) -> CURRENT_POST(-147.29, -790.35, -107.42) (Dist: 468.154)
[12:36:52] VERTS | Area | [1, 3, 7, 8, 11, 14, 15]
  -> V1 DELTA: PRE(325.09, -704.39, 12.43) -> CURRENT_POST(-103.46, -682.85, 8.49) (Dist: 429.107)
  -> V3 DELTA: PRE(450.64, -433.74, 23.63) -> CURRENT_POST(259.9, 100.45, 40.88) (Dist: 567.481)
  -> V7 DELTA: PRE(914.12, -997.8, 65.26) -> CURRENT_POST(1601.24, -1531.98, 161.36) (Dist: 875.630)
  -> V8 DELTA: PRE(672.07, -948.37, 36.28) -> CURRENT_POST(900.73, -1388.94, 77.51) (Dist: 498.087)
  -> V11 DELTA: PRE(188.57, -659.07, -36.22) -> CURRENT_POST(-498.55, -551.68, -132.32) (Dist: 702.071)
  -> V14 DELTA: PRE(383.28, -448.05, 12.7) -> CURRENT_POST(64.96, 59.04, 9.26) (Dist: 598.727)
  -> V15 DELTA: PRE(311.36, -741.38, -27.37) -> CURRENT_POST(-143.18, -789.91, -106.71) (Dist: 463.958)
[12:36:52] VERTS | Area | [1, 3, 7, 8, 11, 14, 15]
  -> V1 DELTA: PRE(325.09, -704.39, 12.43) -> CURRENT_POST(-100.24, -683.01, 8.52) (Dist: 425.882)
  -> V3 DELTA: PRE(450.64, -433.74, 23.63) -> CURRENT_POST(261.33, 96.44, 40.75) (Dist: 563.217)
  -> V7 DELTA: PRE(914.12, -997.8, 65.26) -> CURRENT_POST(1596.07, -1527.97, 160.63) (Dist: 869.050)
  -> V8 DELTA: PRE(672.07, -948.37, 36.28) -> CURRENT_POST(899.01, -1385.63, 77.2) (Dist: 494.345)
  -> V11 DELTA: PRE(188.57, -659.07, -36.22) -> CURRENT_POST(-493.39, -552.49, -131.6) (Dist: 696.796)
  -> V14 DELTA: PRE(383.28, -448.05, 12.7) -> CURRENT_POST(67.35, 55.23, 9.28) (Dist: 594.228)
  -> V15 DELTA: PRE(311.36, -741.38, -27.37) -> CURRENT_POST(-139.76, -789.54, -106.11) (Dist: 460.472)
[12:36:52] VERTS | Area | [1, 3, 7, 8, 11, 14, 15]
  -> V1 DELTA: PRE(325.09, -704.39, 12.43) -> CURRENT_POST(-99.54, -683.04, 8.53) (Dist: 425.184)
  -> V3 DELTA: PRE(450.64, -433.74, 23.63) -> CURRENT_POST(261.64, 95.57, 40.73) (Dist: 562.293)
  -> V7 DELTA: PRE(914.12, -997.8, 65.26) -> CURRENT_POST(1594.96, -1527.1, 160.48) (Dist: 867.625)
  -> V8 DELTA: PRE(672.07, -948.37, 36.28) -> CURRENT_POST(898.64, -1384.92, 77.13) (Dist: 493.533)
  -> V11 DELTA: PRE(188.57, -659.07, -36.22) -> CURRENT_POST(-492.27, -552.66, -131.44) (Dist: 695.653)
  -> V14 DELTA: PRE(383.28, -448.05, 12.7) -> CURRENT_POST(67.87, 54.4, 9.29) (Dist: 593.253)
  -> V15 DELTA: PRE(311.36, -741.38, -27.37) -> CURRENT_POST(-139.02, -789.46, -105.98) (Dist: 459.716)
