[14:46:51] === SESJA ATOMIC START: 2026_04_19_14_46_51 ===
[14:46:52] VERTS | winda-done by kubi.003 | [0, 1, 2, 3, 4, 5, 6, 7, 8, 9, 10, 11, 12, 13, 14, 15, 16, 17, 18, 19, 20, 21, 22, 23, 24, 25, 26, 27, 28, 29, 30, 31, 32, 33, 34, 35]
[14:47:05] KOMENDA: Select (OUTLINER_OT_item_activate)
[14:47:36] KOMENDA: Select (VIEW3D_OT_select)
[14:47:37] KOMENDA: Edit Mode (OBJECT_OT_editmode_toggle)
[14:47:37] KOMENDA: Box Select (VIEW3D_OT_select_box)
[14:47:41] KOMENDA: Select (VIEW3D_OT_select)
[14:47:46] KOMENDA: Edit Mode (OBJECT_OT_editmode_toggle)
[14:47:49] KOMENDA: Select Mode (MESH_OT_select_mode)
[14:47:49] VERTS | A1-base_instantiator-rest_and_hygiene_quarters.002 | [177, 178, 179, 180]
[14:47:49] KOMENDA: Select (VIEW3D_OT_select)
[14:47:56] VERTS | A1-base_instantiator-rest_and_hygiene_quarters.002 | [181, 182, 195, 196]
[14:48:06] VERTS | A1-base_instantiator-rest_and_hygiene_quarters.001 | [177, 178, 179, 180, 181, 182, 195, 196]
[14:48:10] KOMENDA: Edit Mode (OBJECT_OT_editmode_toggle)
[14:48:11] KOMENDA: Select (VIEW3D_OT_select)
[14:48:28] KOMENDA: Edit Mode (OBJECT_OT_editmode_toggle)
[14:48:28] KOMENDA: Select Mode (MESH_OT_select_mode)
[14:48:29] VERTS | A1-base_instantiator-rest_and_hygiene_quarters.001 | [126, 136]
[14:48:29] KOMENDA: Select (VIEW3D_OT_select)
[14:48:31] VERTS | A1-base_instantiator-rest_and_hygiene_quarters.001 | [133, 143]
[14:48:33] VERTS | A1-base_instantiator-rest_and_hygiene_quarters.001 | [129, 133, 142, 143]
[14:48:35] VERTS | A1-base_instantiator-rest_and_hygiene_quarters.001 | [129, 133, 142, 143, 272, 273]
[14:48:35] KOMENDA: Subdivide (MESH_OT_subdivide)
[14:48:36] VERTS | A1-base_instantiator-rest_and_hygiene_quarters.001 | [129, 133, 142, 143]
[14:48:44] KOMENDA: Select Mode (MESH_OT_select_mode)
[14:48:44] VERTS | A1-base_instantiator-rest_and_hygiene_quarters.001 | [214, 216, 222, 224]
[14:48:44] KOMENDA: Select (VIEW3D_OT_select)
[14:48:46] VERTS | A1-base_instantiator-rest_and_hygiene_quarters.001 | [209, 210, 217, 218]
[14:48:59] VERTS | A1-base_instantiator-rest_and_hygiene_quarters.001 | [173, 174, 175, 244]
[14:49:03] KOMENDA: Flip Normals (MESH_OT_flip_normals)
[14:49:23] KOMENDA: Delete (MESH_OT_delete)
[14:49:27] VERTS | A1-base_instantiator-rest_and_hygiene_quarters.001 | [125, 126, 136, 137, 139]
[14:49:27] KOMENDA: Select (VIEW3D_OT_select)
[14:49:28] VERTS | A1-base_instantiator-rest_and_hygiene_quarters.001 | [131, 137, 138, 139, 141]
[14:49:29] VERTS | A1-base_instantiator-rest_and_hygiene_quarters.001 | [136, 139, 140, 141]
[14:49:31] VERTS | A1-base_instantiator-rest_and_hygiene_quarters.001 | [131, 137, 138, 139, 141]
[14:49:34] KOMENDA: Flip Normals (MESH_OT_flip_normals)
[14:49:42] VERTS | A1-base_instantiator-rest_and_hygiene_quarters.001 | [125, 126, 136, 137, 139]
[14:49:42] KOMENDA: Select (VIEW3D_OT_select)
[14:49:54] KOMENDA: Delete (MESH_OT_delete)
[14:49:54] VERTS | A1-base_instantiator-rest_and_hygiene_quarters.001 | [59, 60, 61, 62, 72, 73]
[14:49:54] KOMENDA: Select (VIEW3D_OT_select)
[14:49:55] VERTS | A1-base_instantiator-rest_and_hygiene_quarters.001 | [172, 173, 174, 181, 182, 233]
[14:49:56] KOMENDA: Select Mode (MESH_OT_select_mode)
[14:50:00] VERTS | A1-base_instantiator-rest_and_hygiene_quarters.001 | [59, 60, 61, 62, 72, 73]
[14:50:02] VERTS | A1-base_instantiator-rest_and_hygiene_quarters.001 | [125, 126, 136, 137, 139]
[14:50:11] VERTS | A1-base_instantiator-rest_and_hygiene_quarters.001 | [125, 126, 136, 137, 139, 272, 273, 274, 275, 276]
[14:50:11] KOMENDA: Subdivide (MESH_OT_subdivide)
[14:50:20] VERTS | A1-base_instantiator-rest_and_hygiene_quarters.001 | [125, 126, 136, 137, 139, 272, 273, 274, 275, 276, 277, 278, 279, 280, 281]
[14:50:21] VERTS | A1-base_instantiator-rest_and_hygiene_quarters.001 | [125, 126, 136, 137, 139, 272, 273, 274, 275, 276, 277, 278, 279, 280, 281, 282, 283, 284, 285, 286]
[14:50:21] VERTS | A1-base_instantiator-rest_and_hygiene_quarters.001 | [125, 126, 136, 137, 139, 272, 273, 274, 275, 276, 277, 278, 279, 280, 281]
[14:50:21] VERTS | A1-base_instantiator-rest_and_hygiene_quarters.001 | [125, 126, 136, 137, 139, 272, 273, 274, 275, 276]
[14:50:24] VERTS | A1-base_instantiator-rest_and_hygiene_quarters.001 | [125, 126, 136, 137, 139]
[14:50:27] KOMENDA: Select Mode (MESH_OT_select_mode)
[14:50:29] VERTS | A1-base_instantiator-rest_and_hygiene_quarters.001 | [173, 244]
[14:50:29] KOMENDA: Select (VIEW3D_OT_select)
[14:50:30] VERTS | A1-base_instantiator-rest_and_hygiene_quarters.001 | [173, 174, 175, 244]
[14:50:36] VERTS | A1-base_instantiator-rest_and_hygiene_quarters.001 | [1, 3, 8, 30, 37, 41, 47, 56, 153, 154, 155, 161, 166, 172, 189, 191, 193, 194, 197, 198, 217, 222, 224, 228, 241, 243, 245, 246, 247, 250]
[14:50:36] KOMENDA: Box Select (VIEW3D_OT_select_box)
[14:50:38] VERTS | A1-base_instantiator-rest_and_hygiene_quarters.001 | [1, 3, 8, 30, 37, 41, 47, 56, 189, 191, 197, 198, 245, 246, 247, 250]
[14:50:38] KOMENDA: Select Mode (MESH_OT_select_mode)
[14:50:40] VERTS | A1-base_instantiator-rest_and_hygiene_quarters.001 | [1, 3, 8, 30, 37, 38, 41, 42, 47, 49, 50, 56]
[14:50:40] KOMENDA: Box Select (VIEW3D_OT_select_box)
[14:50:41] KOMENDA: Hide Selected (MESH_OT_hide)
[14:50:43] VERTS | A1-base_instantiator-rest_and_hygiene_quarters.001 | [1, 3, 8, 13, 14, 15, 16, 25, 26, 27, 30, 34, 35, 36, 37, 38, 39, 40, 43, 44, 45, 46, 48, 49, 51, 52, 54, 55, 56, 57, 59, 60, 62, 64, 65, 66, 67, 68, 69, 70, 71, 72, 73, 74, 75, 76, 77, 80, 81, 82, 83, 84, 85, 87, 88, 89, 90, 91, 94, 95, 96, 97, 98, 99, 100, 104, 105, 108, 109, 112, 113, 114, 115, 118, 119, 120, 121, 123, 151, 152, 153, 154, 155, 156, 157, 158, 159, 161, 162, 163, 165, 166, 167, 168, 169, 171, 172, 173, 181, 182, 187, 188, 189, 190, 191, 192, 193, 194, 195, 196, 197, 198, 209, 211, 213, 214, 215, 216, 217, 219, 221, 222, 223, 224, 225, 226, 227, 228, 233, 234, 239, 240, 241, 242, 243, 244, 245, 246, 247, 248, 249, 250, 264, 265, 268, 269]
[14:50:43] KOMENDA: Box Select (VIEW3D_OT_select_box)
[14:50:44] KOMENDA: Hide Selected (MESH_OT_hide)
[14:50:46] VERTS | A1-base_instantiator-rest_and_hygiene_quarters.001 | [0, 2, 6, 7, 13, 16, 25, 27, 28, 29, 32, 33, 35, 39, 40, 43, 44, 58, 59, 60, 61, 62, 63, 70, 72, 73, 74, 76, 77, 78, 79, 80, 81, 82, 83, 84, 86, 87, 88, 89, 90, 92, 93, 94, 95, 96, 98, 99, 100, 101, 102, 103, 104, 105, 106, 107, 109, 110, 111, 112, 113, 116, 117, 118, 119, 120, 121, 122, 123, 148, 149, 150, 151, 152, 156, 157, 158, 159, 160, 161, 162, 163, 164, 165, 167, 168, 169, 170, 171, 172, 173, 174, 175, 176, 177, 178, 179, 180, 181, 182, 183, 184, 187, 188, 193, 194, 195, 196, 197, 198, 203, 204, 205, 206, 207, 208, 209, 211, 213, 214, 215, 216, 229, 230, 231, 232, 233, 234, 235, 236, 239, 240, 245, 246, 247, 248, 249, 250, 252, 253, 254, 255, 265, 267, 268, 269, 270, 271]
[14:50:46] KOMENDA: Box Select (VIEW3D_OT_select_box)
[14:50:46] KOMENDA: Hide Selected (MESH_OT_hide)
[14:50:54] VERTS | A1-base_instantiator-rest_and_hygiene_quarters.001 | [2, 6, 16, 27, 29, 32, 148, 159, 164, 170, 183, 184, 187, 188, 252, 253, 254, 255, 264, 265, 266, 267, 268, 270, 271]
[14:50:54] KOMENDA: Box Select (VIEW3D_OT_select_box)
[14:50:55] KOMENDA: Hide Selected (MESH_OT_hide)
[14:50:56] VERTS | A1-base_instantiator-rest_and_hygiene_quarters.001 | [28, 29, 32, 58, 177, 178, 179, 180, 204, 206, 209, 211, 252, 253, 254, 255]
[14:50:56] KOMENDA: Box Select (VIEW3D_OT_select_box)
[14:50:56] KOMENDA: Hide Selected (MESH_OT_hide)
[14:51:01] VERTS | A1-base_instantiator-rest_and_hygiene_quarters.001 | [125, 126, 136, 137, 139]
[14:51:01] KOMENDA: Select (VIEW3D_OT_select)
[14:51:12] KOMENDA: Delete (MESH_OT_delete)
[14:51:15] KOMENDA: Select Mode (MESH_OT_select_mode)
[14:51:15] VERTS | A1-base_instantiator-rest_and_hygiene_quarters.001 | [183, 197]
[14:51:15] KOMENDA: Select (VIEW3D_OT_select)
[14:51:16] VERTS | A1-base_instantiator-rest_and_hygiene_quarters.001 | [134, 137, 183, 197]
[14:51:18] KOMENDA: Bridge Edge Loops (MESH_OT_bridge_edge_loops)
[14:51:19] VERTS | A1-base_instantiator-rest_and_hygiene_quarters.001 | [183, 188]
[14:51:19] KOMENDA: Select (VIEW3D_OT_select)
[14:51:20] VERTS | A1-base_instantiator-rest_and_hygiene_quarters.001 | [135, 137, 183, 188]
[14:51:21] KOMENDA: Bridge Edge Loops (MESH_OT_bridge_edge_loops)
[14:51:25] KOMENDA: Select Mode (MESH_OT_select_mode)
[14:51:26] VERTS | A1-base_instantiator-rest_and_hygiene_quarters.001 | [127, 131, 140, 141, 143]
[14:51:26] KOMENDA: Select (VIEW3D_OT_select)
[14:51:33] KOMENDA: Delete (MESH_OT_delete)
[14:51:42] KOMENDA: Select Mode (MESH_OT_select_mode)
[14:51:42] VERTS | A1-base_instantiator-rest_and_hygiene_quarters.001 | [131, 141]
[14:51:42] KOMENDA: Select (VIEW3D_OT_select)
[14:51:44] VERTS | A1-base_instantiator-rest_and_hygiene_quarters.001 | [127, 131, 140, 141]
[14:51:52] VERTS | A1-base_instantiator-rest_and_hygiene_quarters.001 | [131, 141]
[14:51:55] VERTS | A1-base_instantiator-rest_and_hygiene_quarters.001 | [125, 132, 142]
[14:51:55] KOMENDA: Subdivide (MESH_OT_subdivide)
[14:51:56] KOMENDA: Edit Mode (OBJECT_OT_editmode_toggle)
[14:51:57] KOMENDA: Select Mode (MESH_OT_select_mode)
[14:51:57] VERTS | A1-base_instantiator-rest_and_hygiene_quarters.001 | [125]
[14:51:57] KOMENDA: Select (VIEW3D_OT_select)
[14:52:08] KOMENDA: Select Mode (MESH_OT_select_mode)
[14:52:08] VERTS | A1-base_instantiator-rest_and_hygiene_quarters.001 | [125, 142]
[14:52:08] KOMENDA: Select (VIEW3D_OT_select)
[14:52:10] VERTS | A1-base_instantiator-rest_and_hygiene_quarters.001 | [125, 128, 141, 142]
[14:52:10] VERTS | A1-base_instantiator-rest_and_hygiene_quarters.001 | [128, 141]
[14:52:18] VERTS | A1-base_instantiator-rest_and_hygiene_quarters.001 | [128, 141, 271]
[14:52:18] KOMENDA: Subdivide (MESH_OT_subdivide)
[14:52:21] VERTS | A1-base_instantiator-rest_and_hygiene_quarters.001 | [125, 142]
[14:52:21] KOMENDA: Select (VIEW3D_OT_select)
[14:52:22] VERTS | A1-base_instantiator-rest_and_hygiene_quarters.001 | [125, 141, 142, 271]
[14:52:24] KOMENDA: Bridge Edge Loops (MESH_OT_bridge_edge_loops)
[14:52:33] KOMENDA: Select Mode (MESH_OT_select_mode)
[14:52:34] VERTS | A1-base_instantiator-rest_and_hygiene_quarters.001 | [271]
[14:52:34] KOMENDA: Select (VIEW3D_OT_select)
[14:52:48] KOMENDA: Select Mode (MESH_OT_select_mode)
[14:52:50] VERTS | A1-base_instantiator-rest_and_hygiene_quarters.001 | [125, 132]
[14:52:50] KOMENDA: Select (VIEW3D_OT_select)
[14:52:51] VERTS | A1-base_instantiator-rest_and_hygiene_quarters.001 | [125, 128, 132, 271]
[14:52:54] KOMENDA: Bridge Edge Loops (MESH_OT_bridge_edge_loops)
[14:52:56] VERTS | A1-base_instantiator-rest_and_hygiene_quarters.001 | [125, 128, 132, 271, 272, 273, 274, 275, 276]
[14:52:56] KOMENDA: Subdivide (MESH_OT_subdivide)
[14:52:58] VERTS | A1-base_instantiator-rest_and_hygiene_quarters.001 | [125, 128, 132, 271, 272, 273, 274, 275, 276, 277, 278, 279, 280, 281, 282, 283]
[14:53:06] KOMENDA: Select Mode (MESH_OT_select_mode)
[14:53:07] VERTS | A1-base_instantiator-rest_and_hygiene_quarters.001 | [272, 273, 281, 283]
[14:53:07] KOMENDA: Select (VIEW3D_OT_select)
[14:53:10] KOMENDA: Delete (MESH_OT_delete)
[14:53:18] KOMENDA: Select Mode (MESH_OT_select_mode)
[14:53:19] VERTS | A1-base_instantiator-rest_and_hygiene_quarters.001 | [274, 281]
[14:53:19] KOMENDA: Select (VIEW3D_OT_select)
[14:53:19] VERTS | A1-base_instantiator-rest_and_hygiene_quarters.001 | [274, 281, 283]
[14:53:20] VERTS | A1-base_instantiator-rest_and_hygiene_quarters.001 | [274, 278, 281, 283]
[14:53:22] VERTS | A1-base_instantiator-rest_and_hygiene_quarters.001 | [275, 280]
[14:53:22] VERTS | A1-base_instantiator-rest_and_hygiene_quarters.001 | [275, 280, 282]
[14:53:23] VERTS | A1-base_instantiator-rest_and_hygiene_quarters.001 | [275, 279, 280, 282]
[14:53:29] KOMENDA: Select Mode (MESH_OT_select_mode)
[14:53:30] VERTS | A1-base_instantiator-rest_and_hygiene_quarters.001 | [281]
[14:53:30] KOMENDA: Select (VIEW3D_OT_select)
[14:53:31] KOMENDA: Select Mode (MESH_OT_select_mode)
[14:53:32] VERTS | A1-base_instantiator-rest_and_hygiene_quarters.001 | [127, 128, 131, 132, 273, 274, 275, 276, 277, 280, 281, 282]
[14:53:32] KOMENDA: Box Select (VIEW3D_OT_select_box)
[14:53:32] KOMENDA: Select Mode (MESH_OT_select_mode)
[14:53:33] VERTS | A1-base_instantiator-rest_and_hygiene_quarters.001 | [281]
[14:53:33] KOMENDA: Box Select (VIEW3D_OT_select_box)
[14:53:42] KOMENDA: Select (VIEW3D_OT_select)
[14:53:43] VERTS | A1-base_instantiator-rest_and_hygiene_quarters.001 | [280, 281]
[14:53:43] KOMENDA: Box Select (VIEW3D_OT_select_box)
[14:53:48] VERTS | A1-base_instantiator-rest_and_hygiene_quarters.001 | [280]
[14:53:48] KOMENDA: Merge by Distance (MESH_OT_remove_doubles)
[14:53:50] VERTS | A1-base_instantiator-rest_and_hygiene_quarters.001 | [281, 282]
[14:53:50] KOMENDA: Box Select (VIEW3D_OT_select_box)
[14:53:50] VERTS | A1-base_instantiator-rest_and_hygiene_quarters.001 | [281]
[14:53:50] KOMENDA: Merge by Distance (MESH_OT_remove_doubles)
[14:53:54] VERTS | A1-base_instantiator-rest_and_hygiene_quarters.001 | [277]
[14:53:54] KOMENDA: Box Select (VIEW3D_OT_select_box)
[14:53:55] KOMENDA: Edit Mode (OBJECT_OT_editmode_toggle)
[14:53:59] KOMENDA: Select Mode (MESH_OT_select_mode)
[14:54:00] VERTS | A1-base_instantiator-rest_and_hygiene_quarters.001 | [185, 199]
[14:54:00] KOMENDA: Select (VIEW3D_OT_select)
[14:54:10] VERTS | A1-base_instantiator-rest_and_hygiene_quarters.001 | [128, 185, 199, 275]
[14:54:11] VERTS | A1-base_instantiator-rest_and_hygiene_quarters.001 | [279, 281]
[14:54:12] VERTS | A1-base_instantiator-rest_and_hygiene_quarters.001 | [185, 199]
[14:54:17] VERTS | A1-base_instantiator-rest_and_hygiene_quarters.001 | [185, 199, 200, 209]
[14:54:21] KOMENDA: Bridge Edge Loops (MESH_OT_bridge_edge_loops)
[14:54:23] VERTS | A1-base_instantiator-rest_and_hygiene_quarters.001 | [209, 217]
[14:54:23] KOMENDA: Select (VIEW3D_OT_select)
[14:54:24] VERTS | A1-base_instantiator-rest_and_hygiene_quarters.001 | [185, 191, 209, 217]
[14:54:25] KOMENDA: Bridge Edge Loops (MESH_OT_bridge_edge_loops)
[14:54:29] KOMENDA: Select Mode (MESH_OT_select_mode)
[14:54:30] KOMENDA: Select (VIEW3D_OT_select)
[14:54:30] VERTS | A1-base_instantiator-rest_and_hygiene_quarters.001 | [185, 199, 200, 209]
[14:54:34] VERTS | A1-base_instantiator-rest_and_hygiene_quarters.001 | [185, 199, 200, 209, 282, 283, 284, 285, 286]
[14:54:34] KOMENDA: Subdivide (MESH_OT_subdivide)
[14:54:35] VERTS | A1-base_instantiator-rest_and_hygiene_quarters.001 | [185, 199, 200, 209, 282, 283, 284, 285, 286, 287, 288, 289, 290, 291, 292, 293]
[14:54:36] VERTS | A1-base_instantiator-rest_and_hygiene_quarters.001 | [286, 287, 290, 291]
[14:54:36] KOMENDA: Select (VIEW3D_OT_select)
[14:54:39] KOMENDA: Delete (MESH_OT_delete)
[14:54:41] KOMENDA: Select Mode (MESH_OT_select_mode)
[14:54:41] VERTS | A1-base_instantiator-rest_and_hygiene_quarters.001 | [283, 291]
[14:54:41] KOMENDA: Select (VIEW3D_OT_select)
[14:54:42] VERTS | A1-base_instantiator-rest_and_hygiene_quarters.001 | [283, 290, 291]
[14:54:42] VERTS | A1-base_instantiator-rest_and_hygiene_quarters.001 | [283, 284, 290, 291]
[14:54:51] KOMENDA: Select Mode (MESH_OT_select_mode)
[14:54:52] VERTS | A1-base_instantiator-rest_and_hygiene_quarters.001 | [274, 275, 278, 279, 280, 281, 282, 283, 284, 285, 290, 291, 292, 293]
[14:54:52] KOMENDA: Box Select (VIEW3D_OT_select_box)
[14:54:57] VERTS | A1-base_instantiator-rest_and_hygiene_quarters.001 | [274, 277, 278, 279, 280, 281, 282, 283, 288, 289, 290, 291]
[14:54:57] KOMENDA: Merge by Distance (MESH_OT_remove_doubles)
[14:55:01] VERTS | A1-base_instantiator-rest_and_hygiene_quarters.001 | [280, 281, 282, 283, 288, 289, 290, 291]
[14:55:01] KOMENDA: Select Mode (MESH_OT_select_mode)
[14:55:01] VERTS | A1-base_instantiator-rest_and_hygiene_quarters.001 | [288, 289, 290, 291]
[14:55:01] KOMENDA: Select (VIEW3D_OT_select)
[14:55:18] VERTS | A1-base_instantiator-rest_and_hygiene_quarters.001 | [280, 281, 282, 283, 288, 289, 290, 291]
[14:55:18] VERTS | A1-base_instantiator-rest_and_hygiene_quarters.001 | [274, 277, 278, 279, 280, 281, 282, 283, 288, 289, 290, 291]
[14:55:18] VERTS | A1-base_instantiator-rest_and_hygiene_quarters.001 | [274, 275, 278, 279, 280, 281, 282, 283, 284, 285, 290, 291, 292, 293]
[14:55:20] VERTS | A1-base_instantiator-rest_and_hygiene_quarters.001 | [283, 284, 290, 291]
[14:55:23] KOMENDA: Select Mode (MESH_OT_select_mode)
[14:55:23] VERTS | A1-base_instantiator-rest_and_hygiene_quarters.001 | [291]
[14:55:23] KOMENDA: Select (VIEW3D_OT_select)
[14:55:27] VERTS | A1-base_instantiator-rest_and_hygiene_quarters.001 | [290]
[14:55:30] VERTS | A1-base_instantiator-rest_and_hygiene_quarters.001 | [283]
[14:55:33] VERTS | A1-base_instantiator-rest_and_hygiene_quarters.001 | [284]
[14:55:42] VERTS | A1-base_instantiator-rest_and_hygiene_quarters.001 | [282, 283, 284, 285, 290, 291, 292, 293]
[14:55:42] KOMENDA: Box Select (VIEW3D_OT_select_box)
[14:55:47] VERTS | A1-base_instantiator-rest_and_hygiene_quarters.001 | [282, 283, 288, 289]
[14:55:47] KOMENDA: Merge by Distance (MESH_OT_remove_doubles)
[14:55:54] VERTS | A1-base_instantiator-rest_and_hygiene_quarters.001 | [0, 1, 2, 3, 6, 7, 8, 13, 14, 15, 16, 25, 26, 27, 29, 30, 32, 33, 35, 36, 37, 39, 41, 43, 45, 47, 54, 55, 56, 57, 60, 62, 64, 67, 69, 70, 73, 74, 76, 77, 78, 79, 80, 81, 82, 83, 84, 85, 86, 87, 88, 89, 90, 91, 92, 93, 94, 95, 96, 97, 98, 99, 104, 105, 106, 107, 109, 111, 112, 114, 117, 119, 120, 123, 147, 148, 149, 150, 151, 152, 153, 154, 155, 156, 157, 158, 159, 160, 161, 162, 163, 164, 165, 166, 167, 168, 169, 170, 171, 172, 173, 175, 176, 178, 182, 183, 186, 187, 192, 193, 194, 195, 196, 197, 202, 204, 206, 207, 212, 213, 214, 215, 220, 221, 222, 223, 224, 225, 226, 227, 228, 230, 234, 235, 238, 239, 244, 245, 246, 247, 248, 249, 251, 252, 253, 254, 263, 264, 265, 266, 267, 268, 269, 270, 282, 283, 288, 289]
[14:55:54] KOMENDA: Reveal Hidden (MESH_OT_reveal)
[14:56:00] KOMENDA: Select Mode (MESH_OT_select_mode)
[14:56:01] VERTS | A1-base_instantiator-rest_and_hygiene_quarters.001 | [0, 1, 2, 3, 6, 7, 8, 13, 14, 15, 16, 25, 26, 27, 29, 30, 32, 33, 35, 36, 37, 39, 41, 43, 45, 47, 54, 55, 56, 57, 60, 62, 64, 67, 69, 70, 73, 74, 76, 77, 78, 79, 80, 81, 82, 83, 84, 85, 86, 87, 88, 89, 90, 91, 92, 93, 94, 95, 96, 97, 98, 99, 104, 105, 106, 107, 109, 111, 112, 114, 117, 119, 120, 123, 147, 148, 149, 150, 151, 152, 153, 154, 155, 156, 157, 158, 159, 160, 161, 162, 163, 164, 165, 166, 167, 168, 169, 170, 171, 172, 173, 175, 176, 178, 182, 183, 186, 187, 192, 193, 194, 195, 196, 197, 202, 204, 206, 207, 212, 213, 214, 215, 220, 221, 222, 223, 228, 230, 234, 235, 238, 239, 244, 245, 246, 247, 248, 249, 251, 252, 253, 254, 263, 264, 265, 266, 267, 268, 269, 270]
[14:56:01] KOMENDA: Select (VIEW3D_OT_select)
[14:56:02] KOMENDA: Select Mode (MESH_OT_select_mode)
[14:56:02] VERTS | A1-base_instantiator-rest_and_hygiene_quarters.001 | [285, 288]
[14:56:02] KOMENDA: Select (VIEW3D_OT_select)
[14:56:03] KOMENDA: Select Mode (MESH_OT_select_mode)
[14:56:04] VERTS | A1-base_instantiator-rest_and_hygiene_quarters.001 | [288]
[14:56:04] KOMENDA: Select (VIEW3D_OT_select)
[14:56:04] VERTS | A1-base_instantiator-rest_and_hygiene_quarters.001 | [281, 288]
[14:56:08] VERTS | A1-base_instantiator-rest_and_hygiene_quarters.001 | [289]
[14:56:19] VERTS | A1-base_instantiator-rest_and_hygiene_quarters.001 | [288]
[14:56:24] VERTS | A1-base_instantiator-rest_and_hygiene_quarters.001 | [289]
[14:56:24] VERTS | A1-base_instantiator-rest_and_hygiene_quarters.001 | [281, 288]
[14:56:26] VERTS | A1-base_instantiator-rest_and_hygiene_quarters.001 | [288]
[14:56:29] VERTS | A1-base_instantiator-rest_and_hygiene_quarters.001 | [289]
[14:56:32] KOMENDA: Move (TRANSFORM_OT_translate)
[14:56:32] VERTS | A1-base_instantiator-rest_and_hygiene_quarters.001 | [289]
  -> V289 PRE(499.61, -797.86, 77.75) -> POST(499.61, -798.06, 77.75)
[14:56:32] VERTS | A1-base_instantiator-rest_and_hygiene_quarters.001 | [289]
  -> V289 PRE(499.61, -797.86, 77.75) -> POST(499.61, -798.93, 77.75)
[14:56:33] VERTS | A1-base_instantiator-rest_and_hygiene_quarters.001 | [284]
[14:56:33] KOMENDA: Select (VIEW3D_OT_select)
[14:56:35] VERTS | A1-base_instantiator-rest_and_hygiene_quarters.001 | [285]
[14:56:38] VERTS | A1-base_instantiator-rest_and_hygiene_quarters.001 | [287]
[14:56:44] VERTS | A1-base_instantiator-rest_and_hygiene_quarters.001 | [280]
[14:56:44] KOMENDA: Box Select (VIEW3D_OT_select_box)
[14:56:46] KOMENDA: Select Mode (MESH_OT_select_mode)
[14:56:47] VERTS | A1-base_instantiator-rest_and_hygiene_quarters.001 | [280, 281]
[14:56:47] KOMENDA: Select (VIEW3D_OT_select)
[14:56:47] VERTS | A1-base_instantiator-rest_and_hygiene_quarters.001 | [22, 24]
[14:56:49] VERTS | A1-base_instantiator-rest_and_hygiene_quarters.001 | [288, 289]
[14:56:50] KOMENDA: Select Mode (MESH_OT_select_mode)
[14:56:51] VERTS | A1-base_instantiator-rest_and_hygiene_quarters.001 | [289]
[14:56:51] KOMENDA: Box Select (VIEW3D_OT_select_box)
[14:56:56] VERTS | A1-base_instantiator-rest_and_hygiene_quarters.001 | [281, 288]
[14:56:57] VERTS | A1-base_instantiator-rest_and_hygiene_quarters.001 | [288]
[14:56:57] KOMENDA: Select (VIEW3D_OT_select)
[14:57:00] VERTS | A1-base_instantiator-rest_and_hygiene_quarters.001 | [286]
[14:57:07] KOMENDA: Select Mode (MESH_OT_select_mode)
[14:57:07] VERTS | A1-base_instantiator-rest_and_hygiene_quarters.001 | [280, 281, 288, 289]
[14:57:07] KOMENDA: Box Select (VIEW3D_OT_select_box)
[14:57:43] VERTS | A1-base_instantiator-rest_and_hygiene_quarters.001 | [274, 275]
[14:57:43] KOMENDA: Select Mode (MESH_OT_select_mode)
[14:57:45] VERTS | A1-base_instantiator-rest_and_hygiene_quarters.001 | [274, 275, 282]
[14:57:45] KOMENDA: Box Select (VIEW3D_OT_select_box)
[14:57:49] VERTS | A1-base_instantiator-rest_and_hygiene_quarters.001 | [278, 279, 283]
[14:57:55] KOMENDA: Select Mode (MESH_OT_select_mode)
[14:57:55] VERTS | A1-base_instantiator-rest_and_hygiene_quarters.001 | [273, 280]
[14:57:55] KOMENDA: Select (VIEW3D_OT_select)
[14:57:56] VERTS | A1-base_instantiator-rest_and_hygiene_quarters.001 | [273, 280, 284, 289]
[14:57:58] KOMENDA: Bridge Edge Loops (MESH_OT_bridge_edge_loops)
[14:57:59] VERTS | A1-base_instantiator-rest_and_hygiene_quarters.001 | [272, 281]
[14:57:59] KOMENDA: Select (VIEW3D_OT_select)
[14:57:59] VERTS | A1-base_instantiator-rest_and_hygiene_quarters.001 | [272, 281, 285, 288]
[14:58:00] KOMENDA: Bridge Edge Loops (MESH_OT_bridge_edge_loops)
[14:58:01] VERTS | A1-base_instantiator-rest_and_hygiene_quarters.001 | [272, 273]
[14:58:01] KOMENDA: Select (VIEW3D_OT_select)
[14:58:01] VERTS | A1-base_instantiator-rest_and_hygiene_quarters.001 | [173, 174, 272, 273]
[14:58:04] VERTS | A1-base_instantiator-rest_and_hygiene_quarters.001 | [285, 288]
[14:58:05] VERTS | A1-base_instantiator-rest_and_hygiene_quarters.001 | [125, 272]
[14:58:06] VERTS | A1-base_instantiator-rest_and_hygiene_quarters.001 | [272, 285]
[14:58:07] VERTS | A1-base_instantiator-rest_and_hygiene_quarters.001 | [272, 273, 284, 285]
[14:58:09] KOMENDA: Bridge Edge Loops (MESH_OT_bridge_edge_loops)
[14:58:10] VERTS | A1-base_instantiator-rest_and_hygiene_quarters.001 | [280, 289]
[14:58:10] KOMENDA: Select (VIEW3D_OT_select)
[14:58:12] VERTS | A1-base_instantiator-rest_and_hygiene_quarters.001 | [11, 12]
[14:58:12] VERTS | A1-base_instantiator-rest_and_hygiene_quarters.001 | [11, 12, 280, 281]
[14:58:13] VERTS | A1-base_instantiator-rest_and_hygiene_quarters.001 | [286, 287]
[14:58:14] VERTS | A1-base_instantiator-rest_and_hygiene_quarters.001 | [288, 289]
[14:58:15] VERTS | A1-base_instantiator-rest_and_hygiene_quarters.001 | [280, 281, 288, 289]
[14:58:17] KOMENDA: Bridge Edge Loops (MESH_OT_bridge_edge_loops)
[14:58:28] KOMENDA: Edit Mode (OBJECT_OT_editmode_toggle)
[14:58:29] KOMENDA: Select (VIEW3D_OT_select)
[14:58:30] KOMENDA: Edit Mode (OBJECT_OT_editmode_toggle)
[14:58:31] KOMENDA: Select Mode (MESH_OT_select_mode)
[14:58:32] VERTS | A1-base_instantiator-rest_and_hygiene_quarters.001 | [178, 179, 181, 194]
[14:58:32] KOMENDA: Select (VIEW3D_OT_select)
[14:58:34] VERTS | A1-base_instantiator-rest_and_hygiene_quarters.001 | [176, 177, 178, 179, 180, 181, 194, 195]
[14:58:37] VERTS | A1-base_instantiator-rest_and_hygiene_quarters.001 | [290, 291, 292, 293, 294, 295, 296, 297]
[14:58:38] KOMENDA: Add Duplicate (MESH_OT_duplicate_move)
[14:59:08] KOMENDA: Delete (MESH_OT_delete)
[14:59:28] KOMENDA: Edit Mode (OBJECT_OT_editmode_toggle)
[14:59:28] KOMENDA: Select (VIEW3D_OT_select)
[14:59:28] KOMENDA: Edit Mode (OBJECT_OT_editmode_toggle)
[14:59:36] VERTS | A1-base_instantiator-rest_and_hygiene_quarters.001 | [273, 280, 284, 289]
[14:59:36] KOMENDA: Select (VIEW3D_OT_select)
[15:00:04] VERTS | A1-base_instantiator-rest_and_hygiene_quarters.001 | [272, 281, 285, 288]
[15:00:17] VERTS | A1-base_instantiator-rest_and_hygiene_quarters.001 | [178, 179, 181, 194]
[15:00:20] VERTS | A1-base_instantiator-rest_and_hygiene_quarters.001 | [171, 175, 182, 183, 234, 245]
[15:00:27] KOMENDA: Edit Mode (OBJECT_OT_editmode_toggle)
[15:00:28] KOMENDA: Select (VIEW3D_OT_select)
[15:00:28] KOMENDA: Edit Mode (OBJECT_OT_editmode_toggle)
[15:00:29] KOMENDA: Select (VIEW3D_OT_select)
[15:00:29] KOMENDA: Edit Mode (OBJECT_OT_editmode_toggle)
[15:00:30] KOMENDA: Select (VIEW3D_OT_select)
[15:00:34] VERTS | A1-base_instantiator-rest_and_hygiene_quarters.001 | [152, 156, 165, 166, 168]
[15:00:38] VERTS | A1-base_instantiator-rest_and_hygiene_quarters.001 | [171, 175, 182, 183, 234, 245]
[15:01:36] VERTS | A1-base_instantiator-rest_and_hygiene_quarters.001 | [280, 281, 288, 289]
[15:01:39] VERTS | A1-base_instantiator-rest_and_hygiene_quarters.001 | [272, 273, 280, 281, 284, 285, 288, 289]
[15:01:43] VERTS | A1-base_instantiator-rest_and_hygiene_quarters.001 | [171, 175, 182, 183, 234, 245]
[15:01:50] VERTS | A1-base_instantiator-rest_and_hygiene_quarters.001 | [152, 156, 165, 166, 168]
[15:02:54] KOMENDA: Select Mode (MESH_OT_select_mode)
[15:02:55] VERTS | A1-base_instantiator-rest_and_hygiene_quarters.001 | [152, 165]
[15:02:55] KOMENDA: Select (VIEW3D_OT_select)
[15:02:57] VERTS | A1-base_instantiator-rest_and_hygiene_quarters.001 | [152, 156, 165, 166]
[15:03:01] KOMENDA: Bridge Edge Loops (MESH_OT_bridge_edge_loops)
[15:03:06] VERTS | A1-base_instantiator-rest_and_hygiene_quarters.001 | [152, 156, 165, 166, 290, 291]
[15:03:06] KOMENDA: Subdivide (MESH_OT_subdivide)
[15:03:11] VERTS | A1-base_instantiator-rest_and_hygiene_quarters.001 | [152, 156]
[15:03:11] KOMENDA: Select (VIEW3D_OT_select)
[15:03:12] VERTS | A1-base_instantiator-rest_and_hygiene_quarters.001 | [152, 156, 290, 291]
[15:03:13] VERTS | A1-base_instantiator-rest_and_hygiene_quarters.001 | [152, 156, 290, 291, 292, 293]
[15:03:13] KOMENDA: Subdivide (MESH_OT_subdivide)
[15:03:14] VERTS | A1-base_instantiator-rest_and_hygiene_quarters.001 | [292, 293]
[15:03:14] KOMENDA: Select (VIEW3D_OT_select)
[15:03:15] VERTS | A1-base_instantiator-rest_and_hygiene_quarters.001 | [156, 290, 292, 293]
[15:03:17] VERTS | A1-base_instantiator-rest_and_hygiene_quarters.001 | [156, 290, 292, 293, 294, 295]
[15:03:17] KOMENDA: Subdivide (MESH_OT_subdivide)
[15:03:18] VERTS | A1-base_instantiator-rest_and_hygiene_quarters.001 | [156, 290, 292, 293, 294, 295, 296, 297]
[15:03:19] VERTS | A1-base_instantiator-rest_and_hygiene_quarters.001 | [295, 296]
[15:03:19] KOMENDA: Select (VIEW3D_OT_select)
[15:03:23] VERTS | A1-base_instantiator-rest_and_hygiene_quarters.001 | [182, 186]
[15:03:24] VERTS | A1-base_instantiator-rest_and_hygiene_quarters.001 | [182, 186, 207, 215]
[15:03:27] VERTS | A1-base_instantiator-rest_and_hygiene_quarters.001 | [182, 186, 207, 215, 298, 299]
[15:03:27] KOMENDA: Subdivide (MESH_OT_subdivide)
[15:03:29] VERTS | A1-base_instantiator-rest_and_hygiene_quarters.001 | [182, 186, 207, 215]
[15:03:30] KOMENDA: Select Mode (MESH_OT_select_mode)
[15:03:31] VERTS | A1-base_instantiator-rest_and_hygiene_quarters.001 | [215]
[15:03:31] KOMENDA: Select (VIEW3D_OT_select)
[15:03:34] VERTS | A1-base_instantiator-rest_and_hygiene_quarters.001 | [186, 215]
[15:03:52] VERTS | A1-base_instantiator-rest_and_hygiene_quarters.001 | [292]
[15:03:59] KOMENDA: Select Mode (MESH_OT_select_mode)
[15:04:00] KOMENDA: Select (VIEW3D_OT_select)
[15:04:00] VERTS | A1-base_instantiator-rest_and_hygiene_quarters.001 | [152, 291, 292, 293, 296, 297]
[15:04:04] VERTS | A1-base_instantiator-rest_and_hygiene_quarters.001 | [294, 295, 296, 297]
[15:04:04] KOMENDA: Edit Mode (OBJECT_OT_editmode_toggle)
[15:04:09] VERTS | A1-base_instantiator-rest_and_hygiene_quarters.001 | [171, 175, 182, 183, 234, 245]
[15:04:09] KOMENDA: Select (VIEW3D_OT_select)
[15:04:21] KOMENDA: Delete (MESH_OT_delete)
[15:04:26] VERTS | A1-base_instantiator-rest_and_hygiene_quarters.001 | [148, 149, 159, 160, 162]
[15:04:26] KOMENDA: Select (VIEW3D_OT_select)
[15:04:28] KOMENDA: Select Mode (MESH_OT_select_mode)
[15:04:28] VERTS | A1-base_instantiator-rest_and_hygiene_quarters.001 | [215]
[15:04:28] KOMENDA: Select (VIEW3D_OT_select)
[15:04:32] VERTS | A1-base_instantiator-rest_and_hygiene_quarters.001 | [186]
[15:04:33] VERTS | A1-base_instantiator-rest_and_hygiene_quarters.001 | [186, 215]
[15:04:36] VERTS | A1-base_instantiator-rest_and_hygiene_quarters.001 | [186]
[15:04:36] KOMENDA: Box Select (VIEW3D_OT_select_box)
[15:04:38] VERTS | A1-base_instantiator-rest_and_hygiene_quarters.001 | [215]
[15:04:40] KOMENDA: Select Mode (MESH_OT_select_mode)
[15:04:41] VERTS | A1-base_instantiator-rest_and_hygiene_quarters.001 | [171, 245]
[15:04:41] KOMENDA: Select (VIEW3D_OT_select)
[15:04:42] VERTS | A1-base_instantiator-rest_and_hygiene_quarters.001 | [171, 175, 182, 245]
[15:04:49] VERTS | A1-base_instantiator-rest_and_hygiene_quarters.001 | [171, 175, 182, 245, 298, 299]
[15:04:49] KOMENDA: Subdivide (MESH_OT_subdivide)
[15:04:51] VERTS | A1-base_instantiator-rest_and_hygiene_quarters.001 | [171, 175, 182, 245, 298, 299, 300, 301]
[15:04:51] VERTS | A1-base_instantiator-rest_and_hygiene_quarters.001 | [171, 175, 182, 245, 298, 299, 300, 301, 302, 303]
[15:04:57] VERTS | A1-base_instantiator-rest_and_hygiene_quarters.001 | [171, 175, 182, 245]
[15:04:59] VERTS | A1-base_instantiator-rest_and_hygiene_quarters.001 | [182, 186]
[15:04:59] KOMENDA: Select (VIEW3D_OT_select)
[15:05:09] KOMENDA: Select Mode (MESH_OT_select_mode)
[15:05:19] VERTS | A1-base_instantiator-rest_and_hygiene_quarters.001 | [4, 5, 9, 10, 11, 12, 17, 18, 19, 20, 21, 22, 23, 24, 28, 29, 30, 31, 32, 33, 34, 35, 36, 37, 38, 39, 40, 41, 42, 43, 44, 45, 46, 47, 48, 49, 50, 51, 52, 53, 54, 55, 58, 59, 60, 61, 62, 63, 64, 65, 66, 67, 68, 69, 70, 71, 72, 73, 74, 75, 80, 81, 82, 83, 85, 87, 88, 90, 91, 93, 94, 95, 96, 99, 100, 101, 102, 103, 104, 105, 106, 107, 108, 109, 110, 111, 112, 113, 114, 115, 116, 117, 118, 119, 120, 121, 122, 123, 124, 125, 126, 127, 128, 129, 130, 131, 132, 133, 134, 135, 136, 137, 138, 139, 140, 141, 142, 143, 144, 145, 146, 171, 172, 173, 174, 175, 176, 177, 178, 179, 180, 181, 182, 183, 184, 185, 188, 189, 190, 191, 194, 195, 196, 197, 198, 199, 200, 201, 203, 205, 208, 209, 210, 211, 216, 217, 218, 219, 224, 225, 226, 227, 228, 229, 230, 231, 232, 233, 234, 236, 237, 240, 241, 242, 243, 244, 245, 247, 248, 249, 250, 251, 252, 253, 254, 255, 256, 257, 258, 259, 260, 261, 262, 271, 272, 273, 274, 275, 276, 277, 278, 279, 280, 281, 282, 283, 284, 285, 286, 287, 288, 289]
[15:05:19] KOMENDA: Box Select (VIEW3D_OT_select_box)
[15:05:21] KOMENDA: Select Mode (MESH_OT_select_mode)
[15:05:22] VERTS | A1-base_instantiator-rest_and_hygiene_quarters.001 | [4, 5, 9, 10, 11, 12, 17, 18, 19, 20, 21, 22, 23, 24, 28, 31, 34, 38, 40, 42, 44, 46, 48, 49, 50, 51, 52, 53, 58, 59, 61, 63, 65, 66, 68, 71, 72, 75, 100, 101, 102, 103, 108, 110, 113, 115, 116, 118, 121, 122, 124, 125, 126, 127, 128, 129, 130, 131, 132, 133, 134, 135, 136, 137, 138, 139, 140, 141, 142, 143, 144, 145, 146, 172, 173, 174, 177, 179, 180, 181, 184, 185, 188, 189, 190, 191, 198, 199, 200, 201, 203, 205, 208, 209, 210, 211, 216, 217, 218, 219, 229, 231, 232, 233, 236, 237, 240, 241, 242, 243, 250, 255, 256, 257, 258, 259, 260, 261, 262, 271, 272, 273, 274, 275, 276, 277, 278, 279, 280, 281, 282, 283, 284, 285, 286, 287, 288, 289]
[15:05:22] KOMENDA: Box Select (VIEW3D_OT_select_box)
[15:05:23] KOMENDA: Hide Selected (MESH_OT_hide)
[15:05:24] VERTS | A1-base_instantiator-rest_and_hygiene_quarters.001 | [80, 81, 82, 83, 85, 87, 88, 89, 90, 91, 92, 93, 94, 95, 96, 97, 98, 99, 100, 102, 104, 105, 106, 107, 109, 111, 112, 113, 114, 115, 116, 117, 118, 119, 120, 121, 122, 123, 176, 177, 178, 179, 180, 181, 188, 190, 194, 195, 196, 197, 202, 203, 204, 205, 208, 210, 212, 213, 216, 218, 220, 221, 224, 225, 226, 227, 228, 229, 230, 231, 232, 233, 240, 242, 244, 247, 248, 249, 251, 252, 253, 254]
[15:05:24] KOMENDA: Box Select (VIEW3D_OT_select_box)
[15:05:25] KOMENDA: Select (VIEW3D_OT_select)
[15:05:26] KOMENDA: Edit Mode (OBJECT_OT_editmode_toggle)
[15:05:26] KOMENDA: Select (VIEW3D_OT_select)
[15:05:27] KOMENDA: Edit Mode (OBJECT_OT_editmode_toggle)
[15:05:27] VERTS | A1-base_instantiator-rest_and_hygiene_quarters.001 | [295, 296]
[15:05:27] KOMENDA: Select (VIEW3D_OT_select)
[15:05:33] VERTS | A1-base_instantiator-rest_and_hygiene_quarters.001 | [152, 291]
[15:05:35] VERTS | A1-base_instantiator-rest_and_hygiene_quarters.001 | [152, 175, 182, 291]
[15:05:43] VERTS | A1-base_instantiator-rest_and_hygiene_quarters.001 | [148, 160]
[15:05:45] VERTS | A1-base_instantiator-rest_and_hygiene_quarters.001 | [171, 245]
[15:05:55] VERTS | A1-base_instantiator-rest_and_hygiene_quarters.001 | [148, 160]
[15:06:17] VERTS | A1-base_instantiator-rest_and_hygiene_quarters.001 | [171, 245]
[15:06:35] KOMENDA: Delete (MESH_OT_delete)
[15:06:37] VERTS | A1-base_instantiator-rest_and_hygiene_quarters.001 | [148, 160]
[15:06:37] KOMENDA: Select (VIEW3D_OT_select)
[15:06:40] KOMENDA: Select Mode (MESH_OT_select_mode)
[15:06:41] VERTS | A1-base_instantiator-rest_and_hygiene_quarters.001 | [192, 193, 196, 197]
[15:06:41] KOMENDA: Select (VIEW3D_OT_select)
[15:06:43] KOMENDA: Select Mode (MESH_OT_select_mode)
[15:06:44] VERTS | A1-base_instantiator-rest_and_hygiene_quarters.001 | [148, 160]
[15:06:44] KOMENDA: Select (VIEW3D_OT_select)
[15:06:49] VERTS | A1-base_instantiator-rest_and_hygiene_quarters.001 | [148, 160, 298]
[15:06:49] KOMENDA: Subdivide (MESH_OT_subdivide)
[15:06:50] VERTS | A1-base_instantiator-rest_and_hygiene_quarters.001 | [148, 160, 298, 299]
[15:06:53] KOMENDA: Select Mode (MESH_OT_select_mode)
[15:06:55] VERTS | A1-base_instantiator-rest_and_hygiene_quarters.001 | [299]
[15:06:55] KOMENDA: Select (VIEW3D_OT_select)
[15:06:57] VERTS | A1-base_instantiator-rest_and_hygiene_quarters.001 | [298]
[15:06:59] VERTS | A1-base_instantiator-rest_and_hygiene_quarters.001 | [193, 298]
[15:06:59] KOMENDA: Box Select (VIEW3D_OT_select_box)
[15:07:03] VERTS | A1-base_instantiator-rest_and_hygiene_quarters.001 | [193]
[15:07:03] KOMENDA: Merge by Distance (MESH_OT_remove_doubles)
[15:07:04] VERTS | A1-base_instantiator-rest_and_hygiene_quarters.001 | [192, 298]
[15:07:04] KOMENDA: Box Select (VIEW3D_OT_select_box)
[15:07:05] VERTS | A1-base_instantiator-rest_and_hygiene_quarters.001 | [192]
[15:07:05] KOMENDA: Merge by Distance (MESH_OT_remove_doubles)
[15:07:10] VERTS | A1-base_instantiator-rest_and_hygiene_quarters.001 | [186, 187]
[15:07:10] KOMENDA: Box Select (VIEW3D_OT_select_box)
[15:07:11] KOMENDA: Select (VIEW3D_OT_select)
[15:07:14] VERTS | A1-base_instantiator-rest_and_hygiene_quarters.001 | [223]
[15:07:14] KOMENDA: Box Select (VIEW3D_OT_select_box)
[15:07:18] KOMENDA: Select Mode (MESH_OT_select_mode)
[15:07:19] KOMENDA: Select (VIEW3D_OT_select)
[15:07:19] KOMENDA: Select Mode (MESH_OT_select_mode)
[15:07:20] VERTS | A1-base_instantiator-rest_and_hygiene_quarters.001 | [290, 293]
[15:07:20] KOMENDA: Select (VIEW3D_OT_select)
[15:07:21] VERTS | A1-base_instantiator-rest_and_hygiene_quarters.001 | [182, 186]
[15:07:22] VERTS | A1-base_instantiator-rest_and_hygiene_quarters.001 | [182, 186, 207, 215]
[15:07:35] KOMENDA: Select Mode (MESH_OT_select_mode)
[15:07:35] VERTS | A1-base_instantiator-rest_and_hygiene_quarters.001 | [186]
[15:07:35] KOMENDA: Select (VIEW3D_OT_select)
[15:07:36] VERTS | A1-base_instantiator-rest_and_hygiene_quarters.001 | [186, 215]
[15:07:48] VERTS | A1-base_instantiator-rest_and_hygiene_quarters.001 | [215, 292]
[15:07:48] KOMENDA: Box Select (VIEW3D_OT_select_box)
[15:07:49] VERTS | A1-base_instantiator-rest_and_hygiene_quarters.001 | [207]
[15:08:14] KOMENDA: Select Mode (MESH_OT_select_mode)
[15:08:14] VERTS | A1-base_instantiator-rest_and_hygiene_quarters.001 | [182, 186]
[15:08:14] KOMENDA: Select (VIEW3D_OT_select)
[15:08:16] VERTS | A1-base_instantiator-rest_and_hygiene_quarters.001 | [182, 186, 207, 215]
[15:08:21] KOMENDA: Select Mode (MESH_OT_select_mode)
[15:08:21] VERTS | A1-base_instantiator-rest_and_hygiene_quarters.001 | [182]
[15:08:21] KOMENDA: Box Select (VIEW3D_OT_select_box)
[15:08:24] VERTS | A1-base_instantiator-rest_and_hygiene_quarters.001 | [183]
[15:08:27] VERTS | A1-base_instantiator-rest_and_hygiene_quarters.001 | [159]
[15:08:29] VERTS | A1-base_instantiator-rest_and_hygiene_quarters.001 | [207]
[15:08:41] KOMENDA: Select (VIEW3D_OT_select)
[15:08:41] KOMENDA: Select Mode (MESH_OT_select_mode)
[15:08:41] VERTS | A1-base_instantiator-rest_and_hygiene_quarters.001 | [182, 186]
[15:08:41] KOMENDA: Select (VIEW3D_OT_select)
[15:08:43] KOMENDA: Select Mode (MESH_OT_select_mode)
[15:08:44] VERTS | A1-base_instantiator-rest_and_hygiene_quarters.001 | [186]
[15:08:44] KOMENDA: Select (VIEW3D_OT_select)
[15:08:44] VERTS | A1-base_instantiator-rest_and_hygiene_quarters.001 | [186, 215]
[15:08:50] KOMENDA: Select Mode (MESH_OT_select_mode)
[15:08:50] VERTS | A1-base_instantiator-rest_and_hygiene_quarters.001 | [182, 186]
[15:08:50] KOMENDA: Select (VIEW3D_OT_select)
[15:08:51] VERTS | A1-base_instantiator-rest_and_hygiene_quarters.001 | [182, 186, 207, 215]
[15:08:52] VERTS | A1-base_instantiator-rest_and_hygiene_quarters.001 | [182, 186, 207, 215, 298, 299]
[15:08:52] KOMENDA: Subdivide (MESH_OT_subdivide)
[15:08:53] VERTS | A1-base_instantiator-rest_and_hygiene_quarters.001 | [182, 186, 207, 215]
[15:09:15] KOMENDA: Select Mode (MESH_OT_select_mode)
[15:09:16] KOMENDA: Select (VIEW3D_OT_select)
[15:09:16] KOMENDA: Select Mode (MESH_OT_select_mode)
[15:09:16] VERTS | A1-base_instantiator-rest_and_hygiene_quarters.001 | [175, 182]
[15:09:16] KOMENDA: Select (VIEW3D_OT_select)
[15:09:18] VERTS | A1-base_instantiator-rest_and_hygiene_quarters.001 | [148, 175, 182, 192]
[15:09:21] VERTS | A1-base_instantiator-rest_and_hygiene_quarters.001 | [148, 175, 182, 192, 298, 299]
[15:09:21] KOMENDA: Subdivide (MESH_OT_subdivide)
[15:09:25] VERTS | A1-base_instantiator-rest_and_hygiene_quarters.001 | [148, 175, 182, 192]
[15:09:26] KOMENDA: Select Mode (MESH_OT_select_mode)
[15:09:26] VERTS | A1-base_instantiator-rest_and_hygiene_quarters.001 | [148, 149, 159, 160, 162, 192, 193]
[15:09:26] KOMENDA: Select (VIEW3D_OT_select)
[15:09:30] KOMENDA: Delete (MESH_OT_delete)
[15:09:33] KOMENDA: Select Mode (MESH_OT_select_mode)
[15:09:34] VERTS | A1-base_instantiator-rest_and_hygiene_quarters.001 | [232, 236]
[15:09:34] KOMENDA: Select (VIEW3D_OT_select)
[15:09:35] VERTS | A1-base_instantiator-rest_and_hygiene_quarters.001 | [181, 185, 232, 236]
[15:09:37] KOMENDA: Bridge Edge Loops (MESH_OT_bridge_edge_loops)
[15:09:38] VERTS | A1-base_instantiator-rest_and_hygiene_quarters.001 | [236, 243]
[15:09:38] KOMENDA: Select (VIEW3D_OT_select)
[15:09:39] VERTS | A1-base_instantiator-rest_and_hygiene_quarters.001 | [185, 191, 236, 243]
[15:09:41] KOMENDA: Bridge Edge Loops (MESH_OT_bridge_edge_loops)
[15:09:42] VERTS | A1-base_instantiator-rest_and_hygiene_quarters.001 | [4, 5, 9, 10, 11, 12, 17, 18, 19, 20, 21, 22, 23, 24, 28, 31, 34, 38, 40, 42, 44, 46, 48, 49, 50, 51, 52, 53, 58, 59, 61, 63, 65, 66, 68, 71, 72, 75, 100, 101, 102, 103, 108, 110, 113, 115, 116, 118, 121, 122, 124, 125, 126, 127, 128, 129, 130, 131, 132, 133, 134, 135, 136, 137, 138, 139, 140, 141, 142, 143, 144, 145, 146, 170, 171, 172, 175, 177, 178, 179, 182, 183, 185, 186, 187, 188, 189, 191, 196, 197, 198, 199, 201, 203, 206, 207, 208, 209, 214, 215, 216, 217, 227, 229, 230, 231, 234, 235, 236, 238, 239, 240, 241, 243, 248, 253, 254, 255, 256, 257, 258, 259, 260, 269, 270, 271, 272, 273, 274, 275, 276, 277, 278, 279, 280, 281, 282, 283, 284, 285, 286, 287]
[15:09:42] KOMENDA: Reveal Hidden (MESH_OT_reveal)
[15:09:50] VERTS | A1-base_instantiator-rest_and_hygiene_quarters.001 | [4, 5, 11, 12, 19, 20, 34, 38, 40, 42, 48, 49, 50, 53, 65, 66, 68, 100, 101, 108, 113, 115, 121]
[15:09:50] KOMENDA: Box Select (VIEW3D_OT_select_box)
[15:09:54] VERTS | A1-base_instantiator-rest_and_hygiene_quarters.001 | [4, 5, 9, 10, 11, 12, 17, 18, 19, 20, 21, 22, 23, 24, 28, 31, 34, 38, 40, 42, 44, 46, 48, 49, 50, 51, 52, 53, 58, 59, 61, 63, 65, 66, 68, 71, 72, 75, 100, 101, 102, 103, 108, 110, 112, 113, 114, 115, 116, 117, 118, 119, 120, 121, 122, 123, 124, 125, 126, 127, 128, 129, 130, 131, 132, 133, 134, 135, 136, 137, 138, 139, 140, 141, 142, 143, 144, 145, 146, 170, 171, 172, 175, 177, 178, 179, 182, 183, 186, 187, 188, 189, 196, 197, 198, 199, 201, 203, 206, 207, 208, 209, 214, 215, 216, 217, 227, 229, 230, 231, 234, 235, 238, 239, 240, 241, 248, 253, 254, 255, 256, 257, 258, 259, 260, 269, 270, 271, 272, 273, 274, 275, 276, 277, 278, 279, 280, 281, 282, 283, 284, 285, 286, 287]
[15:09:56] KOMENDA: Hide Selected (MESH_OT_hide)
[15:09:58] KOMENDA: Edit Mode (OBJECT_OT_editmode_toggle)
[15:10:00] KOMENDA: Select Mode (MESH_OT_select_mode)
[15:10:01] VERTS | A1-base_instantiator-rest_and_hygiene_quarters.001 | [3, 8, 15, 26]
[15:10:01] KOMENDA: Select (VIEW3D_OT_select)
[15:10:02] KOMENDA: Edit Mode (OBJECT_OT_editmode_toggle)
[15:10:03] VERTS | A1-base_instantiator-rest_and_hygiene_quarters.001 | [149, 150, 153, 154, 290]
[15:10:03] KOMENDA: Select (VIEW3D_OT_select)
[15:10:04] VERTS | A1-base_instantiator-rest_and_hygiene_quarters.001 | [153, 154, 155, 156, 164, 167, 288, 292, 293]
[15:10:10] KOMENDA: Select Mode (MESH_OT_select_mode)
[15:10:10] VERTS | A1-base_instantiator-rest_and_hygiene_quarters.001 | [213, 221]
[15:10:10] KOMENDA: Select (VIEW3D_OT_select)
[15:10:11] VERTS | A1-base_instantiator-rest_and_hygiene_quarters.001 | [184, 190, 213, 221]
[15:10:13] KOMENDA: Bridge Edge Loops (MESH_OT_bridge_edge_loops)
[15:10:16] VERTS | A1-base_instantiator-rest_and_hygiene_quarters.001 | [205, 213]
[15:10:16] KOMENDA: Select (VIEW3D_OT_select)
[15:10:19] VERTS | A1-base_instantiator-rest_and_hygiene_quarters.001 | [180, 184, 205, 213]
[15:10:23] KOMENDA: Bridge Edge Loops (MESH_OT_bridge_edge_loops)
[15:10:24] KOMENDA: Select Mode (MESH_OT_select_mode)
[15:10:25] VERTS | A1-base_instantiator-rest_and_hygiene_quarters.001 | [184, 213]
[15:10:25] KOMENDA: Select (VIEW3D_OT_select)
[15:10:25] VERTS | A1-base_instantiator-rest_and_hygiene_quarters.001 | [180, 184, 205, 213]
[15:10:27] VERTS | A1-base_instantiator-rest_and_hygiene_quarters.001 | [180, 184, 205, 213, 296, 297]
[15:10:27] KOMENDA: Subdivide (MESH_OT_subdivide)
[15:10:29] VERTS | A1-base_instantiator-rest_and_hygiene_quarters.001 | [180, 184, 205, 213, 296, 297, 298, 299]
[15:10:29] KOMENDA: Select (VIEW3D_OT_select)
[15:10:30] VERTS | A1-base_instantiator-rest_and_hygiene_quarters.001 | [297, 299]
[15:10:30] KOMENDA: Select Mode (MESH_OT_select_mode)
[15:10:31] VERTS | A1-base_instantiator-rest_and_hygiene_quarters.001 | [296, 297, 298, 299]
[15:10:31] KOMENDA: Select (VIEW3D_OT_select)
[15:10:33] VERTS | A1-base_instantiator-rest_and_hygiene_quarters.001 | [292, 293, 294, 295, 296, 297, 298, 299]
[15:10:38] KOMENDA: Bridge Edge Loops (MESH_OT_bridge_edge_loops)
[15:10:44] KOMENDA: Select Mode (MESH_OT_select_mode)
[15:10:45] VERTS | A1-base_instantiator-rest_and_hygiene_quarters.001 | [292, 295]
[15:10:45] KOMENDA: Select (VIEW3D_OT_select)
[15:10:45] KOMENDA: Select Mode (MESH_OT_select_mode)
[15:10:46] VERTS | A1-base_instantiator-rest_and_hygiene_quarters.001 | [295]
[15:10:46] KOMENDA: Select (VIEW3D_OT_select)
[15:10:49] KOMENDA: Move (TRANSFORM_OT_translate)
[15:10:50] VERTS | A1-base_instantiator-rest_and_hygiene_quarters.001 | [295]
  -> V295 PRE(496.41, -799.66, 78.52) -> POST(496.41, -799.66, 78.53)
[15:10:50] VERTS | A1-base_instantiator-rest_and_hygiene_quarters.001 | [295]
  -> V295 PRE(496.41, -799.66, 78.52) -> POST(496.41, -799.67, 78.53)
[15:10:50] VERTS | A1-base_instantiator-rest_and_hygiene_quarters.001 | [295]
  -> V295 PRE(496.41, -799.66, 78.52) -> POST(496.4, -799.67, 78.54)
[15:10:50] VERTS | A1-base_instantiator-rest_and_hygiene_quarters.001 | [295]
  -> V295 PRE(496.41, -799.66, 78.52) -> POST(496.4, -799.68, 78.54)
[15:10:50] VERTS | A1-base_instantiator-rest_and_hygiene_quarters.001 | [295]
  -> V295 PRE(496.41, -799.66, 78.52) -> POST(496.4, -799.69, 78.55)
[15:10:50] VERTS | A1-base_instantiator-rest_and_hygiene_quarters.001 | [295]
  -> V295 PRE(496.41, -799.66, 78.52) -> POST(496.39, -799.69, 78.56)
[15:10:50] VERTS | A1-base_instantiator-rest_and_hygiene_quarters.001 | [295]
  -> V295 PRE(496.41, -799.66, 78.52) -> POST(496.39, -799.7, 78.56)
[15:10:50] VERTS | A1-base_instantiator-rest_and_hygiene_quarters.001 | [295]
  -> V295 PRE(496.41, -799.66, 78.52) -> POST(496.39, -799.7, 78.57)
[15:10:50] VERTS | A1-base_instantiator-rest_and_hygiene_quarters.001 | [295]
  -> V295 PRE(496.41, -799.66, 78.52) -> POST(496.38, -799.71, 78.58)
[15:10:50] VERTS | A1-base_instantiator-rest_and_hygiene_quarters.001 | [295]
  -> V295 PRE(496.41, -799.66, 78.52) -> POST(496.41, -799.72, 78.52)
[15:10:50] VERTS | A1-base_instantiator-rest_and_hygiene_quarters.001 | [295]
  -> V295 PRE(496.41, -799.66, 78.52) -> POST(496.41, -799.73, 78.52)
[15:10:50] VERTS | A1-base_instantiator-rest_and_hygiene_quarters.001 | [295]
  -> V295 PRE(496.41, -799.66, 78.52) -> POST(496.41, -799.75, 78.52)
[15:10:50] VERTS | A1-base_instantiator-rest_and_hygiene_quarters.001 | [295]
  -> V295 PRE(496.41, -799.66, 78.52) -> POST(496.41, -799.76, 78.52)
[15:10:50] VERTS | A1-base_instantiator-rest_and_hygiene_quarters.001 | [295]
  -> V295 PRE(496.41, -799.66, 78.52) -> POST(496.41, -799.78, 78.52)
[15:10:50] VERTS | A1-base_instantiator-rest_and_hygiene_quarters.001 | [295]
  -> V295 PRE(496.41, -799.66, 78.52) -> POST(496.41, -799.81, 78.52)
[15:10:50] VERTS | A1-base_instantiator-rest_and_hygiene_quarters.001 | [295]
  -> V295 PRE(496.41, -799.66, 78.52) -> POST(496.41, -799.83, 78.52)
[15:10:50] VERTS | A1-base_instantiator-rest_and_hygiene_quarters.001 | [295]
  -> V295 PRE(496.41, -799.66, 78.52) -> POST(496.41, -799.87, 78.52)
[15:10:50] VERTS | A1-base_instantiator-rest_and_hygiene_quarters.001 | [295]
  -> V295 PRE(496.41, -799.66, 78.52) -> POST(496.41, -799.89, 78.52)
[15:10:50] VERTS | A1-base_instantiator-rest_and_hygiene_quarters.001 | [295]
  -> V295 PRE(496.41, -799.66, 78.52) -> POST(496.41, -799.91, 78.52)
[15:10:50] VERTS | A1-base_instantiator-rest_and_hygiene_quarters.001 | [295]
  -> V295 PRE(496.41, -799.66, 78.52) -> POST(496.41, -799.93, 78.52)
[15:10:50] VERTS | A1-base_instantiator-rest_and_hygiene_quarters.001 | [295]
  -> V295 PRE(496.41, -799.66, 78.52) -> POST(496.41, -799.94, 78.52)
[15:10:50] VERTS | A1-base_instantiator-rest_and_hygiene_quarters.001 | [295]
  -> V295 PRE(496.41, -799.66, 78.52) -> POST(496.41, -799.97, 78.52)
[15:10:50] VERTS | A1-base_instantiator-rest_and_hygiene_quarters.001 | [295]
  -> V295 PRE(496.41, -799.66, 78.52) -> POST(496.41, -799.98, 78.52)
[15:10:50] VERTS | A1-base_instantiator-rest_and_hygiene_quarters.001 | [295]
  -> V295 PRE(496.41, -799.66, 78.52) -> POST(496.41, -800.0, 78.52)
[15:10:50] VERTS | A1-base_instantiator-rest_and_hygiene_quarters.001 | [295]
  -> V295 PRE(496.41, -799.66, 78.52) -> POST(496.41, -799.82, 78.52)
[15:10:51] VERTS | A1-base_instantiator-rest_and_hygiene_quarters.001 | [292]
[15:10:51] KOMENDA: Select (VIEW3D_OT_select)
[15:10:53] VERTS | A1-base_instantiator-rest_and_hygiene_quarters.001 | [297]
[15:11:04] VERTS | A1-base_instantiator-rest_and_hygiene_quarters.001 | [4, 5, 9, 10, 11, 12, 17, 18, 19, 20, 21, 22, 23, 24, 31, 34, 53, 61, 65, 71, 101, 103, 108, 110, 113, 115, 116, 118, 120, 121, 122, 123, 124, 125, 126, 127, 128, 129, 130, 131, 132, 133, 134, 135, 136, 137, 138, 139, 140, 141, 142, 143, 144, 145, 146, 182, 183, 187, 189, 196, 197, 198, 199, 207, 209, 215, 217, 234, 235, 239, 248, 253, 254, 255, 256, 257, 258, 259, 260, 269, 270, 271, 272, 273, 274, 275, 276, 277, 278, 279, 280, 281, 282, 283, 284, 285, 286, 287, 297]
[15:11:04] KOMENDA: Reveal Hidden (MESH_OT_reveal)
[15:11:06] VERTS | A1-base_instantiator-rest_and_hygiene_quarters.001 | [297]
[15:11:06] KOMENDA: Select (VIEW3D_OT_select)
[15:11:09] VERTS | A1-base_instantiator-rest_and_hygiene_quarters.001 | [294]
[15:11:11] VERTS | A1-base_instantiator-rest_and_hygiene_quarters.001 | [299]
[15:11:13] VERTS | A1-base_instantiator-rest_and_hygiene_quarters.001 | [293]
[15:11:17] VERTS | A1-base_instantiator-rest_and_hygiene_quarters.001 | [299]
[15:11:19] VERTS | A1-base_instantiator-rest_and_hygiene_quarters.001 | [293]
[15:11:21] VERTS | A1-base_instantiator-rest_and_hygiene_quarters.001 | [297]
[15:11:22] VERTS | A1-base_instantiator-rest_and_hygiene_quarters.001 | [294]
[15:11:25] VERTS | A1-base_instantiator-rest_and_hygiene_quarters.001 | [295]
[15:11:31] VERTS | A1-base_instantiator-rest_and_hygiene_quarters.001 | [296]
[15:11:40] VERTS | A1-base_instantiator-rest_and_hygiene_quarters.001 | [295]
[15:11:45] VERTS | A1-base_instantiator-rest_and_hygiene_quarters.001 | [294]
[15:11:46] VERTS | A1-base_instantiator-rest_and_hygiene_quarters.001 | [297]
[15:11:47] VERTS | A1-base_instantiator-rest_and_hygiene_quarters.001 | [293]
[15:11:50] VERTS | A1-base_instantiator-rest_and_hygiene_quarters.001 | [295]
[15:12:07] KOMENDA: Move (TRANSFORM_OT_translate)
[15:12:07] VERTS | A1-base_instantiator-rest_and_hygiene_quarters.001 | [295]
  -> V295 PRE(496.31, -799.82, 78.52) -> POST(496.32, -799.82, 78.52)
[15:12:08] VERTS | A1-base_instantiator-rest_and_hygiene_quarters.001 | [295]
[15:12:08] VERTS | A1-base_instantiator-rest_and_hygiene_quarters.001 | [295]
  -> V295 PRE(496.31, -799.82, 78.52) -> POST(496.32, -799.82, 78.52)
[15:12:08] VERTS | A1-base_instantiator-rest_and_hygiene_quarters.001 | [295]
[15:12:11] VERTS | A1-base_instantiator-rest_and_hygiene_quarters.001 | [295]
  -> V295 PRE(496.31, -799.82, 78.52) -> POST(492.91, -807.66, 76.22)
[15:12:11] VERTS | A1-base_instantiator-rest_and_hygiene_quarters.001 | [295]
  -> V295 PRE(496.31, -799.82, 78.52) -> POST(492.91, -807.66, 76.02)
[15:12:11] VERTS | A1-base_instantiator-rest_and_hygiene_quarters.001 | [295]
  -> V295 PRE(496.31, -799.82, 78.52) -> POST(492.91, -807.66, 76.22)
[15:12:11] VERTS | A1-base_instantiator-rest_and_hygiene_quarters.001 | [295]
  -> V295 PRE(496.31, -799.82, 78.52) -> POST(492.91, -807.66, 76.02)
[15:12:11] VERTS | A1-base_instantiator-rest_and_hygiene_quarters.001 | [295]
  -> V295 PRE(496.31, -799.82, 78.52) -> POST(493.11, -807.66, 76.02)
[15:12:11] VERTS | A1-base_instantiator-rest_and_hygiene_quarters.001 | [295]
  -> V295 PRE(496.31, -799.82, 78.52) -> POST(493.11, -807.86, 76.02)
[15:12:11] VERTS | A1-base_instantiator-rest_and_hygiene_quarters.001 | [295]
  -> V295 PRE(496.31, -799.82, 78.52) -> POST(496.35, -799.82, 78.52)
[15:12:11] VERTS | A1-base_instantiator-rest_and_hygiene_quarters.001 | [295]
  -> V295 PRE(496.31, -799.82, 78.52) -> POST(496.36, -799.81, 78.53)
[15:12:12] VERTS | A1-base_instantiator-rest_and_hygiene_quarters.001 | [295]
  -> V295 PRE(496.31, -799.82, 78.52) -> POST(496.36, -799.82, 78.53)
[15:12:12] VERTS | A1-base_instantiator-rest_and_hygiene_quarters.001 | [295]
  -> V295 PRE(496.31, -799.82, 78.52) -> POST(496.35, -799.82, 78.53)
[15:12:12] VERTS | A1-base_instantiator-rest_and_hygiene_quarters.001 | [295]
  -> V295 PRE(496.31, -799.82, 78.52) -> POST(496.35, -799.82, 78.52)
[15:12:12] VERTS | A1-base_instantiator-rest_and_hygiene_quarters.001 | [295]
  -> V295 PRE(496.31, -799.82, 78.52) -> POST(493.11, -807.86, 76.02)
[15:12:13] VERTS | A1-base_instantiator-rest_and_hygiene_quarters.001 | [295]
  -> V295 PRE(496.31, -799.82, 78.52) -> POST(496.35, -799.82, 78.52)
[15:12:14] VERTS | A1-base_instantiator-rest_and_hygiene_quarters.001 | [295]
  -> V295 PRE(496.31, -799.82, 78.52) -> POST(496.36, -799.82, 78.52)
[15:12:14] VERTS | A1-base_instantiator-rest_and_hygiene_quarters.001 | [295]
  -> V295 PRE(496.31, -799.82, 78.52) -> POST(496.37, -799.82, 78.52)
[15:12:14] VERTS | A1-base_instantiator-rest_and_hygiene_quarters.001 | [295]
  -> V295 PRE(496.31, -799.82, 78.52) -> POST(496.38, -799.82, 78.52)
[15:12:14] VERTS | A1-base_instantiator-rest_and_hygiene_quarters.001 | [295]
  -> V295 PRE(496.31, -799.82, 78.52) -> POST(496.39, -799.82, 78.52)
[15:12:14] VERTS | A1-base_instantiator-rest_and_hygiene_quarters.001 | [295]
  -> V295 PRE(496.31, -799.82, 78.52) -> POST(496.4, -799.82, 78.52)
[15:12:14] VERTS | A1-base_instantiator-rest_and_hygiene_quarters.001 | [295]
  -> V295 PRE(496.31, -799.82, 78.52) -> POST(496.41, -799.82, 78.52)
[15:12:14] VERTS | A1-base_instantiator-rest_and_hygiene_quarters.001 | [295]
[15:12:18] VERTS | A1-base_instantiator-rest_and_hygiene_quarters.001 | [295]
  -> V295 PRE(496.31, -799.82, 78.52) -> POST(496.31, -799.82, 78.52)
[15:12:18] VERTS | A1-base_instantiator-rest_and_hygiene_quarters.001 | [295]
  -> V295 PRE(496.31, -799.82, 78.52) -> POST(496.31, -799.82, 78.5)
[15:12:24] VERTS | A1-base_instantiator-rest_and_hygiene_quarters.001 | [298]
[15:12:24] KOMENDA: Select (VIEW3D_OT_select)
[15:12:26] VERTS | A1-base_instantiator-rest_and_hygiene_quarters.001 | [292]
[15:12:29] VERTS | A1-base_instantiator-rest_and_hygiene_quarters.001 | [299]
[15:12:37] VERTS | A1-base_instantiator-rest_and_hygiene_quarters.001 | [297]
[15:12:48] VERTS | A1-base_instantiator-rest_and_hygiene_quarters.001 | [287]
[15:13:02] KOMENDA: Edit Mode (OBJECT_OT_editmode_toggle)
[15:13:08] KOMENDA: Ruler Add (VIEW3D_OT_ruler_add)
[15:13:10] KOMENDA: Remove Annotation Layer (GPENCIL_OT_layer_annotation_remove)
[15:13:27] KOMENDA: Edit Mode (OBJECT_OT_editmode_toggle)
[15:13:29] KOMENDA: Ruler Add (VIEW3D_OT_ruler_add)
[15:13:30] KOMENDA: Remove Annotation Layer (GPENCIL_OT_layer_annotation_remove)
[15:13:32] VERTS | A1-base_instantiator-rest_and_hygiene_quarters.001 | [283]
[15:13:32] KOMENDA: Select (VIEW3D_OT_select)
[15:13:36] VERTS | A1-base_instantiator-rest_and_hygiene_quarters.001 | [292]
[15:13:38] VERTS | A1-base_instantiator-rest_and_hygiene_quarters.001 | [270]
[15:13:40] VERTS | A1-base_instantiator-rest_and_hygiene_quarters.001 | [292]
[15:13:42] VERTS | A1-base_instantiator-rest_and_hygiene_quarters.001 | [282]
[15:13:44] VERTS | A1-base_instantiator-rest_and_hygiene_quarters.001 | [299]
[15:13:45] VERTS | A1-base_instantiator-rest_and_hygiene_quarters.001 | [293]
[15:13:48] VERTS | A1-base_instantiator-rest_and_hygiene_quarters.001 | [294]
[15:13:49] VERTS | A1-base_instantiator-rest_and_hygiene_quarters.001 | [297]
[15:13:51] VERTS | A1-base_instantiator-rest_and_hygiene_quarters.001 | [295]
[15:13:52] VERTS | A1-base_instantiator-rest_and_hygiene_quarters.001 | [296]
[15:13:53] VERTS | A1-base_instantiator-rest_and_hygiene_quarters.001 | [295]
[15:13:54] VERTS | A1-base_instantiator-rest_and_hygiene_quarters.001 | [298]
[15:13:55] VERTS | A1-base_instantiator-rest_and_hygiene_quarters.001 | [292]
[15:13:55] VERTS | A1-base_instantiator-rest_and_hygiene_quarters.001 | [298]
[15:13:55] VERTS | A1-base_instantiator-rest_and_hygiene_quarters.001 | [292]
[15:13:57] VERTS | A1-base_instantiator-rest_and_hygiene_quarters.001 | [282]
[15:13:57] VERTS | A1-base_instantiator-rest_and_hygiene_quarters.001 | [271]
[15:14:00] VERTS | A1-base_instantiator-rest_and_hygiene_quarters.001 | [283]
[15:14:00] VERTS | A1-base_instantiator-rest_and_hygiene_quarters.001 | [270]
[15:14:02] VERTS | A1-base_instantiator-rest_and_hygiene_quarters.001 | [283]
[15:14:03] VERTS | A1-base_instantiator-rest_and_hygiene_quarters.001 | [298]
[15:14:03] VERTS | A1-base_instantiator-rest_and_hygiene_quarters.001 | [292]
[15:14:24] VERTS | A1-base_instantiator-rest_and_hygiene_quarters.001 | [1, 5, 12, 30, 47, 49, 50, 56, 68, 69, 81, 88, 89, 105, 112, 113, 129, 130, 151, 152, 238, 239, 240, 241, 242, 243, 244, 247]
[15:14:24] KOMENDA: Box Select (VIEW3D_OT_select_box)
[15:14:29] VERTS | A1-base_instantiator-rest_and_hygiene_quarters.001 | [0, 1, 4, 5, 7, 9, 12, 13, 14, 19, 20, 23, 24, 25, 30, 33, 34, 35, 36, 39, 40, 47, 48, 49, 50, 51, 55, 56, 57, 61, 62, 63, 64, 65, 66, 67, 68, 69, 70, 71, 72, 73, 74, 75, 76, 77, 78, 79, 80, 81, 82, 83, 84, 85, 86, 87, 88, 89, 90, 91, 92, 93, 94, 95, 96, 97, 98, 99, 100, 101, 102, 103, 104, 105, 106, 107, 108, 109, 110, 111, 112, 113, 114, 115, 116, 117, 118, 119, 120, 121, 122, 123, 124, 126, 129, 130, 133, 134, 137, 139, 140, 143, 145, 146, 147, 148, 151, 152, 155, 156, 159, 161, 162, 165, 167, 168, 172, 226, 227, 228, 229, 230, 231, 232, 233, 234, 235, 236, 237, 238, 239, 240, 241, 242, 243, 244, 245, 246, 247, 248, 253, 254, 255, 256, 257, 258, 259, 260, 261, 262, 263, 264, 265, 266, 267, 268]
[15:14:33] KOMENDA: Hide Selected (MESH_OT_hide)
[15:14:40] KOMENDA: Select Mode (MESH_OT_select_mode)
[15:14:41] VERTS | A1-base_instantiator-rest_and_hygiene_quarters.001 | [185, 193]
[15:14:41] KOMENDA: Select (VIEW3D_OT_select)
[15:14:45] KOMENDA: Select Mode (MESH_OT_select_mode)
[15:14:45] VERTS | A1-base_instantiator-rest_and_hygiene_quarters.001 | [176, 177, 179, 192]
[15:14:45] KOMENDA: Select (VIEW3D_OT_select)
[15:14:47] VERTS | A1-base_instantiator-rest_and_hygiene_quarters.001 | [174, 175, 178, 193]
[15:14:52] VERTS | A1-base_instantiator-rest_and_hygiene_quarters.001 | [0, 1, 4, 5, 6, 7, 8, 9, 10, 11, 12, 13, 14, 19, 20, 21, 22, 23, 24, 25, 26, 27, 30, 32, 33, 34, 35, 36, 39, 40, 41, 42, 47, 48, 49, 50, 51, 52, 54, 55, 56, 57, 58, 59, 60, 61, 62, 63, 64, 65, 66, 67, 68, 69, 70, 71, 72, 73, 74, 75, 76, 77, 78, 79, 80, 81, 82, 83, 84, 85, 86, 87, 88, 89, 90, 91, 92, 93, 94, 95, 96, 97, 98, 99, 100, 101, 102, 103, 104, 105, 106, 107, 108, 109, 110, 111, 112, 113, 114, 115, 116, 117, 118, 119, 120, 121, 122, 123, 124, 125, 126, 127, 128, 129, 130, 131, 132, 133, 134, 135, 136, 137, 138, 139, 140, 141, 142, 143, 144, 145, 146, 147, 148, 149, 150, 151, 153, 154, 155, 156, 159, 161, 162, 163, 164, 165, 166, 167, 168, 171, 172, 173, 174, 175, 178, 180, 181, 185, 191, 193, 226, 227, 228, 229, 230, 231, 232, 233, 234, 235, 236, 237, 238, 239, 240, 241, 242, 243, 244, 245, 246, 247, 248, 253, 254, 255, 256, 257, 258, 259, 260, 261, 262, 263, 264, 265, 266, 267, 268, 269, 270, 271, 274, 275, 288, 289, 292, 293]
[15:14:52] KOMENDA: Reveal Hidden (MESH_OT_reveal)
[15:14:56] VERTS | A1-base_instantiator-rest_and_hygiene_quarters.001 | [1, 5, 8, 11, 12, 13, 14, 19, 20, 30, 34, 35, 36, 39, 40, 41, 42, 47, 48, 49, 50, 56, 64, 65, 66, 67, 68, 69, 72, 73, 74, 75, 76, 77, 80, 81, 84, 85, 88, 89, 90, 91, 94, 95, 96, 97, 99, 100, 101, 104, 105, 106, 107, 108, 109, 111, 112, 113, 114, 115, 118, 119, 120, 121]
[15:14:56] KOMENDA: Box Select (VIEW3D_OT_select_box)
[15:14:56] VERTS | A1-base_instantiator-rest_and_hygiene_quarters.001 | [41, 42, 47, 50]
[15:14:56] KOMENDA: Select (VIEW3D_OT_select)
[15:15:00] VERTS | A1-base_instantiator-rest_and_hygiene_quarters.001 | [0, 1, 4, 5, 7, 8, 11, 12, 13, 14, 19, 20, 30, 33, 34, 35, 36, 39, 40, 41, 42, 47, 48, 49, 50, 56, 59, 60, 61, 62, 64, 65, 66, 67, 68, 69, 72, 73, 74, 75, 76, 77, 80, 81, 84, 85, 88, 89, 90, 91, 94, 95, 96, 97, 98, 99, 100, 101, 104, 105, 108, 109, 112, 113, 114, 115, 118, 119, 120, 121, 122, 123]
[15:15:00] KOMENDA: Box Select (VIEW3D_OT_select_box)
[15:15:01] KOMENDA: Hide Selected (MESH_OT_hide)
[15:15:03] VERTS | A1-base_instantiator-rest_and_hygiene_quarters.001 | [51, 55, 70, 71, 74, 75]
[15:15:03] KOMENDA: Select (VIEW3D_OT_select)
[15:15:04] VERTS | A1-base_instantiator-rest_and_hygiene_quarters.001 | [0, 4, 5, 6, 7, 9, 10, 11, 12, 13, 14, 19, 20, 21, 22, 23, 24, 25, 26, 27, 32, 33, 39, 40, 51, 55, 57, 58, 61, 62, 63, 70, 71, 72, 73, 74, 75, 76, 77, 78, 79, 80, 81, 82, 83, 84, 86, 87, 88, 89, 92, 93, 94, 95, 98, 99, 100, 101, 102, 103, 104, 105, 106, 107, 108, 109, 110, 111, 112, 113, 116, 117, 118, 119, 122, 123, 124, 125, 126, 127, 128, 129, 130, 131, 132, 133, 134, 136, 137, 138, 139, 140, 141, 142, 143, 144, 145, 146, 147, 148, 149, 151, 153, 154, 155, 156, 159, 161, 163, 164, 165, 166, 167, 168, 253, 254, 255, 256, 257, 258, 261, 262, 265, 266, 267, 268, 269, 270, 271, 274, 275, 288, 292, 293]
[15:15:04] KOMENDA: Box Select (VIEW3D_OT_select_box)
[15:15:05] KOMENDA: Hide Selected (MESH_OT_hide)
[15:15:08] VERTS | A1-base_instantiator-rest_and_hygiene_quarters.001 | [230, 234, 238, 239]
[15:15:08] KOMENDA: Select (VIEW3D_OT_select)
[15:16:06] KOMENDA: Select Mode (MESH_OT_select_mode)
[15:16:08] VERTS | A1-base_instantiator-rest_and_hygiene_quarters.001 | [230, 238, 242, 246]
[15:16:08] KOMENDA: Select (VIEW3D_OT_select)
[15:16:09] VERTS | A1-base_instantiator-rest_and_hygiene_quarters.001 | [230, 237, 238, 242, 244, 246]
[15:16:09] VERTS | A1-base_instantiator-rest_and_hygiene_quarters.001 | [230, 234, 237, 238, 239, 242, 244, 246]
[15:16:16] KOMENDA: Delete (MESH_OT_delete)
[15:16:22] VERTS | A1-base_instantiator-rest_and_hygiene_quarters.001 | [236, 243, 245, 247]
[15:16:22] KOMENDA: Select (VIEW3D_OT_select)
[15:16:22] VERTS | A1-base_instantiator-rest_and_hygiene_quarters.001 | [231, 236, 240, 243, 245, 247]
[15:16:22] VERTS | A1-base_instantiator-rest_and_hygiene_quarters.001 | [231, 235, 236, 240, 241, 243, 245, 247]
[15:16:24] KOMENDA: Delete (MESH_OT_delete)
[15:16:25] VERTS | A1-base_instantiator-rest_and_hygiene_quarters.001 | [242, 245, 246, 247]
[15:16:25] KOMENDA: Select (VIEW3D_OT_select)
[15:16:32] KOMENDA: Delete (MESH_OT_delete)
[15:16:35] VERTS | A1-base_instantiator-rest_and_hygiene_quarters.001 | [228, 232, 236, 245]
[15:16:35] KOMENDA: Select (VIEW3D_OT_select)
[15:16:37] VERTS | A1-base_instantiator-rest_and_hygiene_quarters.001 | [172, 229, 231, 235]
[15:16:37] KOMENDA: Select Mode (MESH_OT_select_mode)
[15:16:37] VERTS | A1-base_instantiator-rest_and_hygiene_quarters.001 | [231, 235]
[15:16:37] KOMENDA: Select (VIEW3D_OT_select)
[15:16:38] VERTS | A1-base_instantiator-rest_and_hygiene_quarters.001 | [230, 231, 234, 235]
[15:16:44] KOMENDA: Select Mode (MESH_OT_select_mode)
[15:16:44] VERTS | A1-base_instantiator-rest_and_hygiene_quarters.001 | [234, 235, 239, 241]
[15:16:44] KOMENDA: Select (VIEW3D_OT_select)
[15:16:54] KOMENDA: Flip Normals (MESH_OT_flip_normals)
[15:16:56] VERTS | A1-base_instantiator-rest_and_hygiene_quarters.001 | [236, 237, 243, 244]
[15:16:56] KOMENDA: Select (VIEW3D_OT_select)
[15:16:56] KOMENDA: Flip Normals (MESH_OT_flip_normals)
[15:17:02] KOMENDA: Select (VIEW3D_OT_select)
[15:17:04] KOMENDA: Select Mode (MESH_OT_select_mode)
[15:17:04] VERTS | A1-base_instantiator-rest_and_hygiene_quarters.001 | [237, 244]
[15:17:04] KOMENDA: Select (VIEW3D_OT_select)
[15:17:05] VERTS | A1-base_instantiator-rest_and_hygiene_quarters.001 | [236, 237, 243, 244]
[15:17:08] KOMENDA: Bridge Edge Loops (MESH_OT_bridge_edge_loops)
[15:17:10] VERTS | A1-base_instantiator-rest_and_hygiene_quarters.001 | [236, 237, 243, 244, 300, 301]
[15:17:10] KOMENDA: Subdivide (MESH_OT_subdivide)
[15:17:12] VERTS | A1-base_instantiator-rest_and_hygiene_quarters.001 | [235, 241]
[15:17:12] KOMENDA: Select (VIEW3D_OT_select)
[15:17:13] VERTS | A1-base_instantiator-rest_and_hygiene_quarters.001 | [234, 239]
[15:17:14] VERTS | A1-base_instantiator-rest_and_hygiene_quarters.001 | [234, 235, 239, 241]
[15:17:15] VERTS | A1-base_instantiator-rest_and_hygiene_quarters.001 | [234, 235, 239, 241, 302, 303]
[15:17:15] KOMENDA: Subdivide (MESH_OT_subdivide)
[15:17:16] KOMENDA: Select Mode (MESH_OT_select_mode)
[15:17:17] VERTS | A1-base_instantiator-rest_and_hygiene_quarters.001 | [228, 232, 236, 245]
[15:17:17] KOMENDA: Select (VIEW3D_OT_select)
[15:17:18] VERTS | A1-base_instantiator-rest_and_hygiene_quarters.001 | [236, 237, 300, 301]
[15:17:23] VERTS | A1-base_instantiator-rest_and_hygiene_quarters.001 | [304, 305, 306, 307]
[15:17:27] KOMENDA: Edit Mode (OBJECT_OT_editmode_toggle)
[15:17:27] KOMENDA: Select (VIEW3D_OT_select)
[15:17:52] KOMENDA: Edit Mode (OBJECT_OT_editmode_toggle)
[15:18:00] VERTS | A1-base_instantiator-rest_and_hygiene_quarters.001 | [3, 8, 37, 41]
[15:18:00] KOMENDA: Select (VIEW3D_OT_select)
[15:18:01] VERTS | A1-base_instantiator-rest_and_hygiene_quarters.001 | [236, 237, 304, 305]
[15:18:03] KOMENDA: Delete (MESH_OT_delete)
[15:18:05] KOMENDA: Select Mode (MESH_OT_select_mode)
[15:18:06] VERTS | A1-base_instantiator-rest_and_hygiene_quarters.001 | [245, 246, 304, 305]
[15:18:06] KOMENDA: Box Select (VIEW3D_OT_select_box)
[15:18:16] VERTS | A1-base_instantiator-rest_and_hygiene_quarters.001 | [302, 303]
[15:18:16] KOMENDA: Merge by Distance (MESH_OT_remove_doubles)
[15:18:29] KOMENDA: Select (VIEW3D_OT_select)
[15:18:29] KOMENDA: Select Mode (MESH_OT_select_mode)
[15:18:30] VERTS | A1-base_instantiator-rest_and_hygiene_quarters.001 | [230, 231, 302, 303]
[15:18:30] KOMENDA: Select (VIEW3D_OT_select)
[15:18:31] KOMENDA: Delete (MESH_OT_delete)
[15:18:32] VERTS | A1-base_instantiator-rest_and_hygiene_quarters.001 | [302, 303, 304, 305]
[15:18:32] KOMENDA: Select (VIEW3D_OT_select)
[15:18:34] VERTS | A1-base_instantiator-rest_and_hygiene_quarters.001 | [245, 246, 308, 309]
[15:18:39] VERTS | A1-base_instantiator-rest_and_hygiene_quarters.001 | [18, 28, 31, 44]
[15:18:40] VERTS | A1-base_instantiator-rest_and_hygiene_quarters.001 | [234, 235, 302, 303]
[15:18:43] KOMENDA: Delete (MESH_OT_delete)
[15:18:45] VERTS | A1-base_instantiator-rest_and_hygiene_quarters.001 | [245, 246, 308, 309]
[15:18:45] KOMENDA: Select (VIEW3D_OT_select)
[15:18:47] VERTS | A1-base_instantiator-rest_and_hygiene_quarters.001 | [310, 311, 312, 313]
[15:18:50] VERTS | A1-base_instantiator-rest_and_hygiene_quarters.001 | [245, 246, 312, 313]
[15:18:52] KOMENDA: Delete (MESH_OT_delete)
[15:18:52] KOMENDA: Select Mode (MESH_OT_select_mode)
[15:18:53] VERTS | A1-base_instantiator-rest_and_hygiene_quarters.001 | [234, 235, 312, 313]
[15:18:53] KOMENDA: Box Select (VIEW3D_OT_select_box)
[15:18:54] VERTS | A1-base_instantiator-rest_and_hygiene_quarters.001 | [310, 311]
[15:18:54] KOMENDA: Merge by Distance (MESH_OT_remove_doubles)
[15:18:55] VERTS | A1-base_instantiator-rest_and_hygiene_quarters.001 | [189, 230, 231, 243, 244, 267, 273]
[15:18:55] KOMENDA: Box Select (VIEW3D_OT_select_box)
[15:18:56] VERTS | A1-base_instantiator-rest_and_hygiene_quarters.001 | [189, 241, 242, 265, 271]
[15:18:56] KOMENDA: Merge by Distance (MESH_OT_remove_doubles)
[15:19:04] VERTS | A1-base_instantiator-rest_and_hygiene_quarters.001 | [200]
[15:19:04] KOMENDA: Select (VIEW3D_OT_select)
[15:19:06] VERTS | A1-base_instantiator-rest_and_hygiene_quarters.001 | [160]
[15:19:07] KOMENDA: Select Mode (MESH_OT_select_mode)
[15:19:07] VERTS | A1-base_instantiator-rest_and_hygiene_quarters.001 | [302, 303, 304, 305]
[15:19:07] KOMENDA: Select (VIEW3D_OT_select)
[15:19:10] VERTS | A1-base_instantiator-rest_and_hygiene_quarters.001 | [296, 297, 302, 303, 304, 305]
[15:19:11] VERTS | A1-base_instantiator-rest_and_hygiene_quarters.001 | [296, 297, 302, 303, 304, 305, 306, 307]
[15:19:15] VERTS | A1-base_instantiator-rest_and_hygiene_quarters.001 | [234, 236, 238, 243]
[15:19:19] KOMENDA: Delete (MESH_OT_delete)
[15:19:22] KOMENDA: Select (VIEW3D_OT_select)
[15:19:26] VERTS | A1-base_instantiator-rest_and_hygiene_quarters.001 | [234, 235, 236, 237]
[15:19:28] KOMENDA: Delete (MESH_OT_delete)
[15:19:29] VERTS | A1-base_instantiator-rest_and_hygiene_quarters.001 | [236, 237, 238, 241]
[15:19:29] KOMENDA: Select (VIEW3D_OT_select)
[15:19:30] KOMENDA: Delete (MESH_OT_delete)
[15:19:32] VERTS | A1-base_instantiator-rest_and_hygiene_quarters.001 | [292, 293, 298, 299]
[15:19:32] KOMENDA: Select (VIEW3D_OT_select)
[15:19:33] VERTS | A1-base_instantiator-rest_and_hygiene_quarters.001 | [292, 293, 298, 299, 300, 301]
[15:19:33] VERTS | A1-base_instantiator-rest_and_hygiene_quarters.001 | [125, 262, 268, 271, 292, 293, 298, 299, 300, 301]
[15:19:34] VERTS | A1-base_instantiator-rest_and_hygiene_quarters.001 | [292, 293, 298, 299, 300, 301]
[15:19:34] VERTS | A1-base_instantiator-rest_and_hygiene_quarters.001 | [292, 293, 298, 299, 300, 301, 302, 303]
[15:19:36] VERTS | A1-base_instantiator-rest_and_hygiene_quarters.001 | [306, 307, 308, 309, 310, 311, 312, 313]
[15:19:41] VERTS | A1-base_instantiator-rest_and_hygiene_quarters.001 | [236, 237, 292, 293]
[15:19:42] KOMENDA: Delete (MESH_OT_delete)
[15:19:43] VERTS | A1-base_instantiator-rest_and_hygiene_quarters.001 | [234, 235, 293, 294]
[15:19:43] KOMENDA: Select (VIEW3D_OT_select)
[15:19:44] KOMENDA: Delete (MESH_OT_delete)
[15:19:46] VERTS | A1-base_instantiator-rest_and_hygiene_quarters.001 | [290, 291, 306, 307]
[15:19:46] KOMENDA: Select (VIEW3D_OT_select)
[15:19:52] KOMENDA: Flip Normals (MESH_OT_flip_normals)
[15:19:53] VERTS | A1-base_instantiator-rest_and_hygiene_quarters.001 | [298, 299, 308, 309]
[15:19:53] KOMENDA: Select (VIEW3D_OT_select)
[15:19:53] KOMENDA: Flip Normals (MESH_OT_flip_normals)
[15:20:03] KOMENDA: Select Mode (MESH_OT_select_mode)
[15:20:11] VERTS | A1-base_instantiator-rest_and_hygiene_quarters.001 | [290, 291, 306, 307]
[15:20:12] VERTS | A1-base_instantiator-rest_and_hygiene_quarters.001 | [234, 235, 293, 294]
[15:20:12] VERTS | A1-base_instantiator-rest_and_hygiene_quarters.001 | [236, 237, 292, 293]
[15:20:13] VERTS | A1-base_instantiator-rest_and_hygiene_quarters.001 | [306, 307, 308, 309, 310, 311, 312, 313]
[15:20:13] VERTS | A1-base_instantiator-rest_and_hygiene_quarters.001 | [292, 293, 298, 299, 300, 301, 302, 303]
[15:20:17] KOMENDA: Edit Mode (OBJECT_OT_editmode_toggle)
[15:20:30] KOMENDA: Move (TRANSFORM_OT_translate)
[15:20:31] VERTS | A1-base_instantiator-rest_and_hygiene_quarters.001 | [292, 293, 298, 299, 300, 301, 302, 303]
  -> V292 PRE(496.41, -805.6, 78.86) -> POST(496.41, -805.6, 78.85)
  -> V293 PRE(496.41, -805.5, 78.86) -> POST(496.41, -805.5, 78.85)
  -> V298 PRE(497.48, -805.6, 78.86) -> POST(497.48, -805.6, 78.85)
  -> V299 PRE(497.48, -805.5, 78.86) -> POST(497.48, -805.5, 78.85)
  -> V300 PRE(498.55, -805.6, 78.86) -> POST(498.55, -805.6, 78.85)
  -> V301 PRE(498.55, -805.5, 78.86) -> POST(498.55, -805.5, 78.85)
  -> V302 PRE(499.61, -805.5, 78.86) -> POST(499.61, -805.5, 78.85)
  -> V303 PRE(499.61, -805.6, 78.86) -> POST(499.61, -805.6, 78.85)
[15:20:31] VERTS | A1-base_instantiator-rest_and_hygiene_quarters.001 | [292, 293, 298, 299, 300, 301, 302, 303]
  -> V292 PRE(496.41, -805.6, 78.86) -> POST(496.41, -805.6, 78.84)
  -> V293 PRE(496.41, -805.5, 78.86) -> POST(496.41, -805.5, 78.84)
  -> V298 PRE(497.48, -805.6, 78.86) -> POST(497.48, -805.6, 78.84)
  -> V299 PRE(497.48, -805.5, 78.86) -> POST(497.48, -805.5, 78.84)
  -> V300 PRE(498.55, -805.6, 78.86) -> POST(498.55, -805.6, 78.84)
  -> V301 PRE(498.55, -805.5, 78.86) -> POST(498.55, -805.5, 78.84)
  -> V302 PRE(499.61, -805.5, 78.86) -> POST(499.61, -805.5, 78.84)
  -> V303 PRE(499.61, -805.6, 78.86) -> POST(499.61, -805.6, 78.84)
[15:20:31] VERTS | A1-base_instantiator-rest_and_hygiene_quarters.001 | [292, 293, 298, 299, 300, 301, 302, 303]
  -> V292 PRE(496.41, -805.6, 78.86) -> POST(496.41, -805.6, 78.82)
  -> V293 PRE(496.41, -805.5, 78.86) -> POST(496.41, -805.5, 78.82)
  -> V298 PRE(497.48, -805.6, 78.86) -> POST(497.48, -805.6, 78.82)
  -> V299 PRE(497.48, -805.5, 78.86) -> POST(497.48, -805.5, 78.82)
  -> V300 PRE(498.55, -805.6, 78.86) -> POST(498.55, -805.6, 78.82)
  -> V301 PRE(498.55, -805.5, 78.86) -> POST(498.55, -805.5, 78.82)
  -> V302 PRE(499.61, -805.5, 78.86) -> POST(499.61, -805.5, 78.82)
  -> V303 PRE(499.61, -805.6, 78.86) -> POST(499.61, -805.6, 78.82)
[15:20:31] VERTS | A1-base_instantiator-rest_and_hygiene_quarters.001 | [292, 293, 298, 299, 300, 301, 302, 303]
  -> V292 PRE(496.41, -805.6, 78.86) -> POST(496.41, -805.6, 78.81)
  -> V293 PRE(496.41, -805.5, 78.86) -> POST(496.41, -805.5, 78.81)
  -> V298 PRE(497.48, -805.6, 78.86) -> POST(497.48, -805.6, 78.81)
  -> V299 PRE(497.48, -805.5, 78.86) -> POST(497.48, -805.5, 78.81)
  -> V300 PRE(498.55, -805.6, 78.86) -> POST(498.55, -805.6, 78.81)
  -> V301 PRE(498.55, -805.5, 78.86) -> POST(498.55, -805.5, 78.81)
  -> V302 PRE(499.61, -805.5, 78.86) -> POST(499.61, -805.5, 78.81)
  -> V303 PRE(499.61, -805.6, 78.86) -> POST(499.61, -805.6, 78.81)
[15:20:31] VERTS | A1-base_instantiator-rest_and_hygiene_quarters.001 | [292, 293, 298, 299, 300, 301, 302, 303]
  -> V292 PRE(496.41, -805.6, 78.86) -> POST(496.41, -805.6, 78.8)
  -> V293 PRE(496.41, -805.5, 78.86) -> POST(496.41, -805.5, 78.8)
  -> V298 PRE(497.48, -805.6, 78.86) -> POST(497.48, -805.6, 78.8)
  -> V299 PRE(497.48, -805.5, 78.86) -> POST(497.48, -805.5, 78.8)
  -> V300 PRE(498.55, -805.6, 78.86) -> POST(498.55, -805.6, 78.8)
  -> V301 PRE(498.55, -805.5, 78.86) -> POST(498.55, -805.5, 78.8)
  -> V302 PRE(499.61, -805.5, 78.86) -> POST(499.61, -805.5, 78.8)
  -> V303 PRE(499.61, -805.6, 78.86) -> POST(499.61, -805.6, 78.8)
[15:20:31] VERTS | A1-base_instantiator-rest_and_hygiene_quarters.001 | [292, 293, 298, 299, 300, 301, 302, 303]
  -> V292 PRE(496.41, -805.6, 78.86) -> POST(496.41, -805.6, 78.79)
  -> V293 PRE(496.41, -805.5, 78.86) -> POST(496.41, -805.5, 78.79)
  -> V298 PRE(497.48, -805.6, 78.86) -> POST(497.48, -805.6, 78.79)
  -> V299 PRE(497.48, -805.5, 78.86) -> POST(497.48, -805.5, 78.79)
  -> V300 PRE(498.55, -805.6, 78.86) -> POST(498.55, -805.6, 78.79)
  -> V301 PRE(498.55, -805.5, 78.86) -> POST(498.55, -805.5, 78.79)
  -> V302 PRE(499.61, -805.5, 78.86) -> POST(499.61, -805.5, 78.79)
  -> V303 PRE(499.61, -805.6, 78.86) -> POST(499.61, -805.6, 78.79)
[15:20:31] VERTS | A1-base_instantiator-rest_and_hygiene_quarters.001 | [292, 293, 298, 299, 300, 301, 302, 303]
  -> V292 PRE(496.41, -805.6, 78.86) -> POST(496.41, -805.6, 78.78)
  -> V293 PRE(496.41, -805.5, 78.86) -> POST(496.41, -805.5, 78.78)
  -> V298 PRE(497.48, -805.6, 78.86) -> POST(497.48, -805.6, 78.78)
  -> V299 PRE(497.48, -805.5, 78.86) -> POST(497.48, -805.5, 78.78)
  -> V300 PRE(498.55, -805.6, 78.86) -> POST(498.55, -805.6, 78.78)
  -> V301 PRE(498.55, -805.5, 78.86) -> POST(498.55, -805.5, 78.78)
  -> V302 PRE(499.61, -805.5, 78.86) -> POST(499.61, -805.5, 78.78)
  -> V303 PRE(499.61, -805.6, 78.86) -> POST(499.61, -805.6, 78.78)
[15:20:31] VERTS | A1-base_instantiator-rest_and_hygiene_quarters.001 | [292, 293, 298, 299, 300, 301, 302, 303]
  -> V292 PRE(496.41, -805.6, 78.86) -> POST(496.41, -805.6, 78.77)
  -> V293 PRE(496.41, -805.5, 78.86) -> POST(496.41, -805.5, 78.77)
  -> V298 PRE(497.48, -805.6, 78.86) -> POST(497.48, -805.6, 78.77)
  -> V299 PRE(497.48, -805.5, 78.86) -> POST(497.48, -805.5, 78.77)
  -> V300 PRE(498.55, -805.6, 78.86) -> POST(498.55, -805.6, 78.77)
  -> V301 PRE(498.55, -805.5, 78.86) -> POST(498.55, -805.5, 78.77)
  -> V302 PRE(499.61, -805.5, 78.86) -> POST(499.61, -805.5, 78.77)
  -> V303 PRE(499.61, -805.6, 78.86) -> POST(499.61, -805.6, 78.77)
[15:20:31] VERTS | A1-base_instantiator-rest_and_hygiene_quarters.001 | [292, 293, 298, 299, 300, 301, 302, 303]
  -> V292 PRE(496.41, -805.6, 78.86) -> POST(496.41, -805.6, 78.75)
  -> V293 PRE(496.41, -805.5, 78.86) -> POST(496.41, -805.5, 78.75)
  -> V298 PRE(497.48, -805.6, 78.86) -> POST(497.48, -805.6, 78.75)
  -> V299 PRE(497.48, -805.5, 78.86) -> POST(497.48, -805.5, 78.75)
  -> V300 PRE(498.55, -805.6, 78.86) -> POST(498.55, -805.6, 78.75)
  -> V301 PRE(498.55, -805.5, 78.86) -> POST(498.55, -805.5, 78.75)
  -> V302 PRE(499.61, -805.5, 78.86) -> POST(499.61, -805.5, 78.75)
  -> V303 PRE(499.61, -805.6, 78.86) -> POST(499.61, -805.6, 78.75)
[15:20:31] VERTS | A1-base_instantiator-rest_and_hygiene_quarters.001 | [292, 293, 298, 299, 300, 301, 302, 303]
  -> V292 PRE(496.41, -805.6, 78.86) -> POST(496.41, -805.6, 78.74)
  -> V293 PRE(496.41, -805.5, 78.86) -> POST(496.41, -805.5, 78.74)
  -> V298 PRE(497.48, -805.6, 78.86) -> POST(497.48, -805.6, 78.74)
  -> V299 PRE(497.48, -805.5, 78.86) -> POST(497.48, -805.5, 78.74)
  -> V300 PRE(498.55, -805.6, 78.86) -> POST(498.55, -805.6, 78.74)
  -> V301 PRE(498.55, -805.5, 78.86) -> POST(498.55, -805.5, 78.74)
  -> V302 PRE(499.61, -805.5, 78.86) -> POST(499.61, -805.5, 78.74)
  -> V303 PRE(499.61, -805.6, 78.86) -> POST(499.61, -805.6, 78.74)
[15:20:31] VERTS | A1-base_instantiator-rest_and_hygiene_quarters.001 | [292, 293, 298, 299, 300, 301, 302, 303]
  -> V292 PRE(496.41, -805.6, 78.86) -> POST(496.41, -805.6, 78.73)
  -> V293 PRE(496.41, -805.5, 78.86) -> POST(496.41, -805.5, 78.73)
  -> V298 PRE(497.48, -805.6, 78.86) -> POST(497.48, -805.6, 78.73)
  -> V299 PRE(497.48, -805.5, 78.86) -> POST(497.48, -805.5, 78.73)
  -> V300 PRE(498.55, -805.6, 78.86) -> POST(498.55, -805.6, 78.73)
  -> V301 PRE(498.55, -805.5, 78.86) -> POST(498.55, -805.5, 78.73)
  -> V302 PRE(499.61, -805.5, 78.86) -> POST(499.61, -805.5, 78.73)
  -> V303 PRE(499.61, -805.6, 78.86) -> POST(499.61, -805.6, 78.73)
[15:20:31] VERTS | A1-base_instantiator-rest_and_hygiene_quarters.001 | [292, 293, 298, 299, 300, 301, 302, 303]
  -> V292 PRE(496.41, -805.6, 78.86) -> POST(496.41, -805.6, 78.72)
  -> V293 PRE(496.41, -805.5, 78.86) -> POST(496.41, -805.5, 78.72)
  -> V298 PRE(497.48, -805.6, 78.86) -> POST(497.48, -805.6, 78.72)
  -> V299 PRE(497.48, -805.5, 78.86) -> POST(497.48, -805.5, 78.72)
  -> V300 PRE(498.55, -805.6, 78.86) -> POST(498.55, -805.6, 78.72)
  -> V301 PRE(498.55, -805.5, 78.86) -> POST(498.55, -805.5, 78.72)
  -> V302 PRE(499.61, -805.5, 78.86) -> POST(499.61, -805.5, 78.72)
  -> V303 PRE(499.61, -805.6, 78.86) -> POST(499.61, -805.6, 78.72)
[15:20:31] VERTS | A1-base_instantiator-rest_and_hygiene_quarters.001 | [292, 293, 298, 299, 300, 301, 302, 303]
  -> V292 PRE(496.41, -805.6, 78.86) -> POST(496.41, -805.6, 78.71)
  -> V293 PRE(496.41, -805.5, 78.86) -> POST(496.41, -805.5, 78.71)
  -> V298 PRE(497.48, -805.6, 78.86) -> POST(497.48, -805.6, 78.71)
  -> V299 PRE(497.48, -805.5, 78.86) -> POST(497.48, -805.5, 78.71)
  -> V300 PRE(498.55, -805.6, 78.86) -> POST(498.55, -805.6, 78.71)
  -> V301 PRE(498.55, -805.5, 78.86) -> POST(498.55, -805.5, 78.71)
  -> V302 PRE(499.61, -805.5, 78.86) -> POST(499.61, -805.5, 78.71)
  -> V303 PRE(499.61, -805.6, 78.86) -> POST(499.61, -805.6, 78.71)
[15:20:31] VERTS | A1-base_instantiator-rest_and_hygiene_quarters.001 | [292, 293, 298, 299, 300, 301, 302, 303]
  -> V292 PRE(496.41, -805.6, 78.86) -> POST(496.41, -805.6, 78.69)
  -> V293 PRE(496.41, -805.5, 78.86) -> POST(496.41, -805.5, 78.69)
  -> V298 PRE(497.48, -805.6, 78.86) -> POST(497.48, -805.6, 78.69)
  -> V299 PRE(497.48, -805.5, 78.86) -> POST(497.48, -805.5, 78.69)
  -> V300 PRE(498.55, -805.6, 78.86) -> POST(498.55, -805.6, 78.69)
  -> V301 PRE(498.55, -805.5, 78.86) -> POST(498.55, -805.5, 78.69)
  -> V302 PRE(499.61, -805.5, 78.86) -> POST(499.61, -805.5, 78.69)
  -> V303 PRE(499.61, -805.6, 78.86) -> POST(499.61, -805.6, 78.69)
[15:20:31] VERTS | A1-base_instantiator-rest_and_hygiene_quarters.001 | [292, 293, 298, 299, 300, 301, 302, 303]
  -> V292 PRE(496.41, -805.6, 78.86) -> POST(496.41, -805.6, 78.68)
  -> V293 PRE(496.41, -805.5, 78.86) -> POST(496.41, -805.5, 78.68)
  -> V298 PRE(497.48, -805.6, 78.86) -> POST(497.48, -805.6, 78.68)
  -> V299 PRE(497.48, -805.5, 78.86) -> POST(497.48, -805.5, 78.68)
  -> V300 PRE(498.55, -805.6, 78.86) -> POST(498.55, -805.6, 78.68)
  -> V301 PRE(498.55, -805.5, 78.86) -> POST(498.55, -805.5, 78.68)
  -> V302 PRE(499.61, -805.5, 78.86) -> POST(499.61, -805.5, 78.68)
  -> V303 PRE(499.61, -805.6, 78.86) -> POST(499.61, -805.6, 78.68)
[15:20:31] VERTS | A1-base_instantiator-rest_and_hygiene_quarters.001 | [292, 293, 298, 299, 300, 301, 302, 303]
  -> V292 PRE(496.41, -805.6, 78.86) -> POST(496.41, -805.6, 78.67)
  -> V293 PRE(496.41, -805.5, 78.86) -> POST(496.41, -805.5, 78.67)
  -> V298 PRE(497.48, -805.6, 78.86) -> POST(497.48, -805.6, 78.67)
  -> V299 PRE(497.48, -805.5, 78.86) -> POST(497.48, -805.5, 78.67)
  -> V300 PRE(498.55, -805.6, 78.86) -> POST(498.55, -805.6, 78.67)
  -> V301 PRE(498.55, -805.5, 78.86) -> POST(498.55, -805.5, 78.67)
  -> V302 PRE(499.61, -805.5, 78.86) -> POST(499.61, -805.5, 78.67)
  -> V303 PRE(499.61, -805.6, 78.86) -> POST(499.61, -805.6, 78.67)
[15:20:31] VERTS | A1-base_instantiator-rest_and_hygiene_quarters.001 | [292, 293, 298, 299, 300, 301, 302, 303]
  -> V292 PRE(496.41, -805.6, 78.86) -> POST(496.41, -805.6, 78.66)
  -> V293 PRE(496.41, -805.5, 78.86) -> POST(496.41, -805.5, 78.66)
  -> V298 PRE(497.48, -805.6, 78.86) -> POST(497.48, -805.6, 78.66)
  -> V299 PRE(497.48, -805.5, 78.86) -> POST(497.48, -805.5, 78.66)
  -> V300 PRE(498.55, -805.6, 78.86) -> POST(498.55, -805.6, 78.66)
  -> V301 PRE(498.55, -805.5, 78.86) -> POST(498.55, -805.5, 78.66)
  -> V302 PRE(499.61, -805.5, 78.86) -> POST(499.61, -805.5, 78.66)
  -> V303 PRE(499.61, -805.6, 78.86) -> POST(499.61, -805.6, 78.66)
[15:20:31] VERTS | A1-base_instantiator-rest_and_hygiene_quarters.001 | [292, 293, 298, 299, 300, 301, 302, 303]
  -> V292 PRE(496.41, -805.6, 78.86) -> POST(496.41, -805.6, 78.65)
  -> V293 PRE(496.41, -805.5, 78.86) -> POST(496.41, -805.5, 78.65)
  -> V298 PRE(497.48, -805.6, 78.86) -> POST(497.48, -805.6, 78.65)
  -> V299 PRE(497.48, -805.5, 78.86) -> POST(497.48, -805.5, 78.65)
  -> V300 PRE(498.55, -805.6, 78.86) -> POST(498.55, -805.6, 78.65)
  -> V301 PRE(498.55, -805.5, 78.86) -> POST(498.55, -805.5, 78.65)
  -> V302 PRE(499.61, -805.5, 78.86) -> POST(499.61, -805.5, 78.65)
  -> V303 PRE(499.61, -805.6, 78.86) -> POST(499.61, -805.6, 78.65)
[15:20:31] VERTS | A1-base_instantiator-rest_and_hygiene_quarters.001 | [292, 293, 298, 299, 300, 301, 302, 303]
  -> V292 PRE(496.41, -805.6, 78.86) -> POST(496.41, -805.6, 78.64)
  -> V293 PRE(496.41, -805.5, 78.86) -> POST(496.41, -805.5, 78.64)
  -> V298 PRE(497.48, -805.6, 78.86) -> POST(497.48, -805.6, 78.64)
  -> V299 PRE(497.48, -805.5, 78.86) -> POST(497.48, -805.5, 78.64)
  -> V300 PRE(498.55, -805.6, 78.86) -> POST(498.55, -805.6, 78.64)
  -> V301 PRE(498.55, -805.5, 78.86) -> POST(498.55, -805.5, 78.64)
  -> V302 PRE(499.61, -805.5, 78.86) -> POST(499.61, -805.5, 78.64)
  -> V303 PRE(499.61, -805.6, 78.86) -> POST(499.61, -805.6, 78.64)
[15:20:31] VERTS | A1-base_instantiator-rest_and_hygiene_quarters.001 | [292, 293, 298, 299, 300, 301, 302, 303]
  -> V292 PRE(496.41, -805.6, 78.86) -> POST(496.41, -805.6, 78.63)
  -> V293 PRE(496.41, -805.5, 78.86) -> POST(496.41, -805.5, 78.63)
  -> V298 PRE(497.48, -805.6, 78.86) -> POST(497.48, -805.6, 78.63)
  -> V299 PRE(497.48, -805.5, 78.86) -> POST(497.48, -805.5, 78.63)
  -> V300 PRE(498.55, -805.6, 78.86) -> POST(498.55, -805.6, 78.63)
  -> V301 PRE(498.55, -805.5, 78.86) -> POST(498.55, -805.5, 78.63)
  -> V302 PRE(499.61, -805.5, 78.86) -> POST(499.61, -805.5, 78.63)
  -> V303 PRE(499.61, -805.6, 78.86) -> POST(499.61, -805.6, 78.63)
[15:20:31] VERTS | A1-base_instantiator-rest_and_hygiene_quarters.001 | [292, 293, 298, 299, 300, 301, 302, 303]
  -> V292 PRE(496.41, -805.6, 78.86) -> POST(496.41, -805.6, 78.62)
  -> V293 PRE(496.41, -805.5, 78.86) -> POST(496.41, -805.5, 78.62)
  -> V298 PRE(497.48, -805.6, 78.86) -> POST(497.48, -805.6, 78.62)
  -> V299 PRE(497.48, -805.5, 78.86) -> POST(497.48, -805.5, 78.62)
  -> V300 PRE(498.55, -805.6, 78.86) -> POST(498.55, -805.6, 78.62)
  -> V301 PRE(498.55, -805.5, 78.86) -> POST(498.55, -805.5, 78.62)
  -> V302 PRE(499.61, -805.5, 78.86) -> POST(499.61, -805.5, 78.62)
  -> V303 PRE(499.61, -805.6, 78.86) -> POST(499.61, -805.6, 78.62)
[15:20:31] VERTS | A1-base_instantiator-rest_and_hygiene_quarters.001 | [292, 293, 298, 299, 300, 301, 302, 303]
  -> V292 PRE(496.41, -805.6, 78.86) -> POST(496.41, -805.6, 78.61)
  -> V293 PRE(496.41, -805.5, 78.86) -> POST(496.41, -805.5, 78.61)
  -> V298 PRE(497.48, -805.6, 78.86) -> POST(497.48, -805.6, 78.61)
  -> V299 PRE(497.48, -805.5, 78.86) -> POST(497.48, -805.5, 78.61)
  -> V300 PRE(498.55, -805.6, 78.86) -> POST(498.55, -805.6, 78.61)
  -> V301 PRE(498.55, -805.5, 78.86) -> POST(498.55, -805.5, 78.61)
  -> V302 PRE(499.61, -805.5, 78.86) -> POST(499.61, -805.5, 78.61)
  -> V303 PRE(499.61, -805.6, 78.86) -> POST(499.61, -805.6, 78.61)
[15:20:31] VERTS | A1-base_instantiator-rest_and_hygiene_quarters.001 | [292, 293, 298, 299, 300, 301, 302, 303]
  -> V292 PRE(496.41, -805.6, 78.86) -> POST(496.41, -805.6, 78.6)
  -> V293 PRE(496.41, -805.5, 78.86) -> POST(496.41, -805.5, 78.6)
  -> V298 PRE(497.48, -805.6, 78.86) -> POST(497.48, -805.6, 78.6)
  -> V299 PRE(497.48, -805.5, 78.86) -> POST(497.48, -805.5, 78.6)
  -> V300 PRE(498.55, -805.6, 78.86) -> POST(498.55, -805.6, 78.6)
  -> V301 PRE(498.55, -805.5, 78.86) -> POST(498.55, -805.5, 78.6)
  -> V302 PRE(499.61, -805.5, 78.86) -> POST(499.61, -805.5, 78.6)
  -> V303 PRE(499.61, -805.6, 78.86) -> POST(499.61, -805.6, 78.6)
[15:20:31] VERTS | A1-base_instantiator-rest_and_hygiene_quarters.001 | [292, 293, 298, 299, 300, 301, 302, 303]
  -> V292 PRE(496.41, -805.6, 78.86) -> POST(496.41, -805.6, 78.59)
  -> V293 PRE(496.41, -805.5, 78.86) -> POST(496.41, -805.5, 78.59)
  -> V298 PRE(497.48, -805.6, 78.86) -> POST(497.48, -805.6, 78.59)
  -> V299 PRE(497.48, -805.5, 78.86) -> POST(497.48, -805.5, 78.59)
  -> V300 PRE(498.55, -805.6, 78.86) -> POST(498.55, -805.6, 78.59)
  -> V301 PRE(498.55, -805.5, 78.86) -> POST(498.55, -805.5, 78.59)
  -> V302 PRE(499.61, -805.5, 78.86) -> POST(499.61, -805.5, 78.59)
  -> V303 PRE(499.61, -805.6, 78.86) -> POST(499.61, -805.6, 78.59)
[15:20:31] VERTS | A1-base_instantiator-rest_and_hygiene_quarters.001 | [292, 293, 298, 299, 300, 301, 302, 303]
  -> V292 PRE(496.41, -805.6, 78.86) -> POST(496.41, -805.6, 78.58)
  -> V293 PRE(496.41, -805.5, 78.86) -> POST(496.41, -805.5, 78.58)
  -> V298 PRE(497.48, -805.6, 78.86) -> POST(497.48, -805.6, 78.58)
  -> V299 PRE(497.48, -805.5, 78.86) -> POST(497.48, -805.5, 78.58)
  -> V300 PRE(498.55, -805.6, 78.86) -> POST(498.55, -805.6, 78.58)
  -> V301 PRE(498.55, -805.5, 78.86) -> POST(498.55, -805.5, 78.58)
  -> V302 PRE(499.61, -805.5, 78.86) -> POST(499.61, -805.5, 78.58)
  -> V303 PRE(499.61, -805.6, 78.86) -> POST(499.61, -805.6, 78.58)
[15:20:38] VERTS | A1-base_instantiator-rest_and_hygiene_quarters.001 | [232, 293, 296, 299]
[15:20:38] KOMENDA: Select (VIEW3D_OT_select)
[15:20:38] VERTS | A1-base_instantiator-rest_and_hygiene_quarters.001 | [232, 238, 239, 293, 296, 297, 299]
[15:20:39] VERTS | A1-base_instantiator-rest_and_hygiene_quarters.001 | [232, 238, 239, 293, 296, 297, 299, 301, 302, 304]
[15:20:42] VERTS | A1-base_instantiator-rest_and_hygiene_quarters.001 | [239, 296, 299, 301]
[15:20:44] VERTS | A1-base_instantiator-rest_and_hygiene_quarters.001 | [232, 293, 296, 299]
[15:20:45] VERTS | A1-base_instantiator-rest_and_hygiene_quarters.001 | [232, 239, 293, 296, 299, 301]
[15:20:45] KOMENDA: Pick Shortest Path (MESH_OT_shortest_path_pick)
[15:20:46] VERTS | A1-base_instantiator-rest_and_hygiene_quarters.001 | [232, 239, 293, 296, 299, 300, 301, 302, 303, 304]
[15:20:49] VERTS | A1-base_instantiator-rest_and_hygiene_quarters.001 | [306, 307, 308, 309, 310, 311, 312, 313, 314, 315]
[15:20:51] VERTS | A1-base_instantiator-rest_and_hygiene_quarters.001 | [232, 239, 293, 296, 299, 300, 301, 302, 303, 304]
[15:21:39] KOMENDA: Select (VIEW3D_OT_select)
[15:21:39] KOMENDA: Edit Mode (OBJECT_OT_editmode_toggle)
[15:21:40] KOMENDA: Select (VIEW3D_OT_select)
[15:21:40] KOMENDA: Edit Mode (OBJECT_OT_editmode_toggle)
[15:21:42] VERTS | A1-base_instantiator-rest_and_hygiene_quarters.001 | [238, 239, 296, 297]
[15:21:42] KOMENDA: Select (VIEW3D_OT_select)
[15:21:47] VERTS | A1-base_instantiator-rest_and_hygiene_quarters.001 | [232, 293, 296, 299]
[15:21:50] VERTS | A1-base_instantiator-rest_and_hygiene_quarters.001 | [232, 239, 293, 296, 299, 301, 302, 304]
[15:21:50] KOMENDA: Pick Shortest Path (MESH_OT_shortest_path_pick)
[15:21:52] VERTS | A1-base_instantiator-rest_and_hygiene_quarters.001 | [306, 307, 308, 309, 310, 311, 312, 313]
[15:22:00] VERTS | A1-base_instantiator-rest_and_hygiene_quarters.001 | [0, 1, 2, 3, 4, 5, 6, 7]
[15:22:00] KOMENDA: Extrude Region and Move (MESH_OT_extrude_context_move)
[15:22:00] VERTS | A1-base_instantiator-rest_and_hygiene_quarters.001 | [306, 307, 308, 309, 310, 311, 312, 313]
