[14:30:56] === SESJA ATOMIC START: 2026_04_19_14_30_56 ===
[14:31:06] KOMENDA: Edit Mode (OBJECT_OT_editmode_toggle)
[14:31:08] KOMENDA: Select (VIEW3D_OT_select)
[14:31:17] KOMENDA: Edit Mode (OBJECT_OT_editmode_toggle)
[14:31:19] KOMENDA: Select (VIEW3D_OT_select)
[14:31:19] KOMENDA: Edit Mode (OBJECT_OT_editmode_toggle)
[14:31:20] VERTS | A1-base_instantiator-rest_and_hygiene_quarters.001 | [213]
[14:31:20] KOMENDA: Select (VIEW3D_OT_select)
[14:31:20] VERTS | A1-base_instantiator-rest_and_hygiene_quarters.001 | [225]
[14:31:25] VERTS | A1-base_instantiator-rest_and_hygiene_quarters.001 | [228]
[14:31:25] VERTS | A1-base_instantiator-rest_and_hygiene_quarters.001 | [222]
[14:31:27] KOMENDA: Select Mode (MESH_OT_select_mode)
[14:31:27] VERTS | A1-base_instantiator-rest_and_hygiene_quarters.001 | [181, 182, 195, 196]
[14:31:27] KOMENDA: Select (VIEW3D_OT_select)
[14:32:19] KOMENDA: Edit Mode (OBJECT_OT_editmode_toggle)
[14:32:24] VERTS | A1-base_instantiator-rest_and_hygiene_quarters.001 | [0, 1, 2, 3, 4, 5, 6, 7, 8, 9, 10, 11, 12, 13, 14, 15, 16, 17, 18, 19, 20, 21, 22, 23, 24, 25, 26, 27, 28, 29, 30, 31, 32, 33, 34, 35, 36, 37, 38, 39, 40, 41, 42, 43, 44, 45, 46, 47, 48, 49, 50, 51, 52, 53, 54, 55, 56, 57, 58, 59, 60, 61, 62, 63, 64, 65, 66, 67, 68, 69, 70, 71, 72, 73, 74, 75, 76, 77, 78, 79, 80, 81, 82, 83, 84, 85, 86, 87, 88, 89, 90, 91, 92, 93, 94, 95, 96, 97, 98, 99, 100, 101, 102, 103, 104, 105, 106, 107, 108, 109, 110, 111, 112, 113, 114, 115, 116, 117, 118, 119, 120, 121, 122, 123, 124, 125, 126, 127, 128, 129, 130, 131, 132, 133, 134, 135, 136, 137, 138, 139, 140, 141, 142, 143, 144, 145, 146, 147, 148, 149, 150, 151, 152, 153, 154, 155, 156, 157, 158, 159, 160, 161, 162, 163, 164, 165, 166, 167, 168, 169, 170, 171, 172, 173, 174, 175, 176, 177, 178, 179, 180, 181, 182, 183, 184, 185, 186, 187, 188, 189, 190, 191, 192, 193, 194, 195, 196, 197, 198, 199, 200, 201, 202, 203, 204, 205, 206, 207, 208, 209, 210, 211, 212, 213, 214, 215, 216, 217, 218, 219, 220, 221, 222, 223, 224, 225, 226, 227, 228, 229, 230, 231, 232, 233, 234, 235, 236, 237, 238, 239, 240, 241, 242, 243, 244, 245, 246, 247, 248, 249, 250, 251, 252, 253, 254, 255, 256, 257, 258, 259, 260, 261, 262, 263, 264, 265, 266, 267, 268, 269, 270, 271]
[14:32:24] KOMENDA: (De)select All (MESH_OT_select_all)
[14:32:32] VERTS | A1-base_instantiator-rest_and_hygiene_quarters.001 | [178, 181, 185, 199]
[14:32:32] KOMENDA: Select (VIEW3D_OT_select)
[14:32:32] KOMENDA: Edit Mode (OBJECT_OT_editmode_toggle)
[14:32:33] VERTS | A1-base_instantiator-rest_and_hygiene_quarters.001 | [181, 189, 196, 198]
[14:32:33] KOMENDA: Select (VIEW3D_OT_select)
[14:32:33] VERTS | A1-base_instantiator-rest_and_hygiene_quarters.001 | [181, 182, 195, 196]
[14:32:55] VERTS | A1-base_instantiator-rest_and_hygiene_quarters.001 | [181, 185, 189, 190]
[14:32:56] VERTS | A1-base_instantiator-rest_and_hygiene_quarters.001 | [181, 182, 195, 196]
[14:33:07] KOMENDA: Fill (MESH_OT_fill)
[14:33:12] KOMENDA: Flip Normals (MESH_OT_flip_normals)
[14:33:14] VERTS | A1-base_instantiator-rest_and_hygiene_quarters.001 | [209, 217, 226, 228]
[14:33:14] KOMENDA: Select (VIEW3D_OT_select)
[14:33:16] VERTS | A1-base_instantiator-rest_and_hygiene_quarters.001 | [181, 182, 195, 196]
[14:33:22] VERTS | A1-base_instantiator-rest_and_hygiene_quarters.001 | [59, 60, 61, 62, 72, 73, 181, 182, 195, 196]
[14:33:22] VERTS | A1-base_instantiator-rest_and_hygiene_quarters.001 | [59, 60, 61, 62, 72, 73]
[14:33:24] VERTS | A1-base_instantiator-rest_and_hygiene_quarters.001 | [181, 182, 195, 196]
[14:33:25] VERTS | A1-base_instantiator-rest_and_hygiene_quarters.001 | [177, 178, 179, 180]
[14:33:28] KOMENDA: Flip Normals (MESH_OT_flip_normals)
[14:33:31] VERTS | A1-base_instantiator-rest_and_hygiene_quarters.001 | [177, 178, 179, 180, 181, 182, 195, 196]
[14:33:31] KOMENDA: Select (VIEW3D_OT_select)
[14:33:31] VERTS | A1-base_instantiator-rest_and_hygiene_quarters.001 | [177, 179, 195, 196]
[14:33:34] KOMENDA: Delete (MESH_OT_delete)
[14:33:35] VERTS | A1-base_instantiator-rest_and_hygiene_quarters.001 | [178, 180, 181, 182]
[14:33:35] KOMENDA: Select (VIEW3D_OT_select)
[14:33:36] KOMENDA: Delete (MESH_OT_delete)
[14:33:37] VERTS | A1-base_instantiator-rest_and_hygiene_quarters.001 | [179, 183, 187, 195]
[14:33:37] KOMENDA: Select (VIEW3D_OT_select)
[14:33:39] VERTS | A1-base_instantiator-rest_and_hygiene_quarters.001 | [181, 182, 195, 196]
[14:33:40] VERTS | A1-base_instantiator-rest_and_hygiene_quarters.001 | [174, 175, 176, 181, 182, 183, 184, 195, 196, 235]
[14:33:41] VERTS | A1-base_instantiator-rest_and_hygiene_quarters.001 | [177, 178, 179, 180]
[14:33:42] VERTS | A1-base_instantiator-rest_and_hygiene_quarters.001 | [177, 178, 179, 180, 181, 182, 195, 196]
[14:33:44] KOMENDA: Bridge Edge Loops (MESH_OT_bridge_edge_loops)
[14:34:02] VERTS | A1-base_instantiator-rest_and_hygiene_quarters.001 | [173, 174, 175, 244]
[14:34:02] KOMENDA: Select (VIEW3D_OT_select)
[14:34:32] VERTS | A1-base_instantiator-rest_and_hygiene_quarters.001 | [125, 126, 136, 137, 139]
[14:34:41] VERTS | A1-base_instantiator-rest_and_hygiene_quarters.001 | [179, 180, 182, 195]
[14:34:43] VERTS | A1-base_instantiator-rest_and_hygiene_quarters.001 | [177, 178, 179, 180, 181, 182, 195, 196]
[14:34:46] VERTS | A1-base_instantiator-rest_and_hygiene_quarters.001 | [272, 273, 274, 275, 276, 277, 278, 279]
[14:34:47] KOMENDA: Edit Mode (OBJECT_OT_editmode_toggle)
[14:34:48] VERTS | A1-base_instantiator-rest_and_hygiene_quarters.001 | [274, 275, 277, 278]
[14:34:48] KOMENDA: Select (VIEW3D_OT_select)
[14:34:48] KOMENDA: Select Mode (MESH_OT_select_mode)
[14:34:49] VERTS | A1-base_instantiator-rest_and_hygiene_quarters.001 | [277, 278]
[14:34:49] KOMENDA: Select (VIEW3D_OT_select)
[14:34:50] VERTS | A1-base_instantiator-rest_and_hygiene_quarters.001 | [276, 277, 278, 279]
[14:34:52] VERTS | A1-base_instantiator-rest_and_hygiene_quarters.001 | [272, 276, 277, 278, 279]
[14:34:52] VERTS | A1-base_instantiator-rest_and_hygiene_quarters.001 | [276, 279]
[14:34:53] VERTS | A1-base_instantiator-rest_and_hygiene_quarters.001 | [276, 277, 278, 279]
[14:34:58] KOMENDA: Bridge Edge Loops (MESH_OT_bridge_edge_loops)
[14:34:59] VERTS | A1-base_instantiator-rest_and_hygiene_quarters.001 | [272, 279]
[14:34:59] KOMENDA: Select (VIEW3D_OT_select)
[14:35:00] VERTS | A1-base_instantiator-rest_and_hygiene_quarters.001 | [272, 274, 278, 279]
[14:35:02] KOMENDA: Bridge Edge Loops (MESH_OT_bridge_edge_loops)
[14:35:06] KOMENDA: Edit Mode (OBJECT_OT_editmode_toggle)
[14:35:08] VERTS | A1-base_instantiator-rest_and_hygiene_quarters.001 | [275, 277]
[14:35:08] KOMENDA: Select (VIEW3D_OT_select)
[14:35:11] KOMENDA: Edit Mode (OBJECT_OT_editmode_toggle)
[14:35:12] KOMENDA: Select (VIEW3D_OT_select)
[14:35:12] KOMENDA: Edit Mode (OBJECT_OT_editmode_toggle)
[14:35:13] VERTS | A1-base_instantiator-rest_and_hygiene_quarters.001 | [274, 278]
[14:35:13] KOMENDA: Select (VIEW3D_OT_select)
[14:35:15] VERTS | A1-base_instantiator-rest_and_hygiene_quarters.001 | [274, 275]
[14:35:16] VERTS | A1-base_instantiator-rest_and_hygiene_quarters.001 | [272, 273, 274, 275]
[14:35:18] KOMENDA: Bridge Edge Loops (MESH_OT_bridge_edge_loops)
[14:35:21] VERTS | A1-base_instantiator-rest_and_hygiene_quarters.001 | [275, 277]
[14:35:21] KOMENDA: Select (VIEW3D_OT_select)
[14:35:22] VERTS | A1-base_instantiator-rest_and_hygiene_quarters.001 | [273, 275, 276, 277]
[14:35:24] KOMENDA: Bridge Edge Loops (MESH_OT_bridge_edge_loops)
[14:35:46] VERTS | A1-base_instantiator-rest_and_hygiene_quarters.001 | [272, 279]
[14:35:46] KOMENDA: Select (VIEW3D_OT_select)
[14:35:47] VERTS | A1-base_instantiator-rest_and_hygiene_quarters.001 | [274, 278]
[14:35:48] KOMENDA: Select Mode (MESH_OT_select_mode)
[14:35:54] VERTS | A1-base_instantiator-rest_and_hygiene_quarters.001 | [272, 273, 274, 275, 276, 277, 278, 279]
[14:35:54] KOMENDA: Box Select (VIEW3D_OT_select_box)
[14:35:54] VERTS | A1-base_instantiator-rest_and_hygiene_quarters.001 | [272, 274, 278, 279]
[14:35:54] KOMENDA: Select (VIEW3D_OT_select)
[14:35:55] KOMENDA: Move (TRANSFORM_OT_translate)
[14:35:58] KOMENDA: Select Mode (MESH_OT_select_mode)
[14:36:02] VERTS | A1-base_instantiator-rest_and_hygiene_quarters.001 | [272, 273, 274, 275, 276, 277, 278, 279]
[14:36:02] KOMENDA: Box Select (VIEW3D_OT_select_box)
[14:36:06] VERTS | A1-base_instantiator-rest_and_hygiene_quarters.001 | [180, 200]
[14:36:06] KOMENDA: Select (VIEW3D_OT_select)
[14:36:07] KOMENDA: Select Mode (MESH_OT_select_mode)
[14:36:08] VERTS | A1-base_instantiator-rest_and_hygiene_quarters.001 | [274, 275, 277, 278]
[14:36:08] KOMENDA: Select (VIEW3D_OT_select)
[14:36:17] KOMENDA: Edit Mode (OBJECT_OT_editmode_toggle)
[14:36:20] VERTS | A1-base_instantiator-rest_and_hygiene_quarters.001 | [272, 273, 274, 275, 276, 277, 278, 279]
[14:36:20] KOMENDA: Box Select (VIEW3D_OT_select_box)
[14:36:24] KOMENDA: Separate (MESH_OT_separate)
[14:36:27] KOMENDA: Edit Mode (OBJECT_OT_editmode_toggle)
[14:36:28] KOMENDA: Select (VIEW3D_OT_select)
[14:36:41] KOMENDA: Edit Mode (OBJECT_OT_editmode_toggle)
[14:36:48] VERTS | A1-base_instantiator-rest_and_hygiene_quarters.083 | [0, 1, 2, 3]
[14:36:48] KOMENDA: Select (VIEW3D_OT_select)
[14:36:56] KOMENDA: Edit Mode (OBJECT_OT_editmode_toggle)
[14:36:56] KOMENDA: Select (VIEW3D_OT_select)
[14:37:06] KOMENDA: Edit Mode (OBJECT_OT_editmode_toggle)
[14:37:06] VERTS | A1-base_instantiator-rest_and_hygiene_quarters.003 | [178, 181, 185, 199]
[14:37:06] KOMENDA: Select (VIEW3D_OT_select)
[14:37:08] VERTS | A1-base_instantiator-rest_and_hygiene_quarters.003 | [177, 178, 181, 196]
[14:37:09] KOMENDA: Edit Mode (OBJECT_OT_editmode_toggle)
[14:37:10] KOMENDA: Select (VIEW3D_OT_select)
[14:37:29] KOMENDA: Edit Mode (OBJECT_OT_editmode_toggle)
[14:37:30] KOMENDA: Select (VIEW3D_OT_select)
[14:37:39] KOMENDA: Set Origin (OBJECT_OT_origin_set)
[14:37:50] KOMENDA: Move (TRANSFORM_OT_translate)
[14:37:53] KOMENDA: Edit Mode (OBJECT_OT_editmode_toggle)
[14:37:53] KOMENDA: Select (VIEW3D_OT_select)
[14:37:54] KOMENDA: Edit Mode (OBJECT_OT_editmode_toggle)
[14:37:54] KOMENDA: Select (VIEW3D_OT_select)
[14:38:08] KOMENDA: Select (OUTLINER_OT_item_activate)
[14:38:15] KOMENDA: Add Modifier (OBJECT_OT_modifier_add)
[14:38:30] KOMENDA: Select (OUTLINER_OT_item_activate)
[14:38:32] KOMENDA: Select (VIEW3D_OT_select)
[14:38:39] KOMENDA: Select (OUTLINER_OT_item_activate)
[14:38:44] KOMENDA: Rename (OUTLINER_OT_item_rename)
[14:38:49] KOMENDA: Select (VIEW3D_OT_select)
[14:38:58] VERTS | A1-base_instantiator-rest_and_hygiene_quarters.001 | [177, 178, 181, 196]
[14:38:58] KOMENDA: Edit Mode (OBJECT_OT_editmode_toggle)
[14:38:59] KOMENDA: Select (VIEW3D_OT_select)
[14:39:07] KOMENDA: Duplicate Objects (OBJECT_OT_duplicate_move)
[14:39:10] KOMENDA: Edit Mode (OBJECT_OT_editmode_toggle)
[14:39:15] VERTS | A1-base_instantiator- substractor | [0, 1, 2, 3, 4, 5, 6, 7]
[14:39:15] KOMENDA: Box Select (VIEW3D_OT_select_box)
[14:39:18] VERTS | A1-base_instantiator- substractor | [8, 9, 10, 11, 12, 13, 14, 15]
[14:39:20] KOMENDA: Add Duplicate (MESH_OT_duplicate_move)
[14:39:23] VERTS | A1-base_instantiator- substractor | [0, 1, 2, 3, 4, 5, 6, 7]
[14:39:26] VERTS | A1-base_instantiator- substractor | [8, 9, 10, 11, 12, 13, 14, 15]
[14:39:41] VERTS | A1-base_instantiator- substractor | [0, 1, 2, 3, 4, 5, 6, 7, 8, 9, 10, 11, 12, 13, 14, 15]
[14:39:41] KOMENDA: Box Select (VIEW3D_OT_select_box)
[14:39:46] VERTS | A1-base_instantiator- substractor | [8, 9, 10, 11]
[14:39:46] KOMENDA: Select (VIEW3D_OT_select)
[14:39:52] KOMENDA: Edit Mode (OBJECT_OT_editmode_toggle)
[14:39:59] VERTS | A1-base_instantiator- substractor | [0, 1, 2, 3]
[14:39:59] KOMENDA: Select (VIEW3D_OT_select)
[14:40:01] VERTS | A1-base_instantiator- substractor | [0, 1, 2, 3, 8, 9, 10, 11]
[14:40:20] KOMENDA: Select (OUTLINER_OT_item_activate)
[14:40:28] KOMENDA: Edit Mode (OBJECT_OT_editmode_toggle)
[14:40:28] KOMENDA: Select (VIEW3D_OT_select)
[14:40:44] KOMENDA: Apply Modifier (OBJECT_OT_modifier_apply)
[14:40:45] VERTS | A1-base_instantiator-rest_and_hygiene_quarters.001 | [0, 3, 4, 7, 17, 19, 20, 23, 193, 194, 197, 212, 286, 287, 290, 293, 294, 295, 298, 300, 304, 305, 308, 309]
[14:40:45] KOMENDA: Edit Mode (OBJECT_OT_editmode_toggle)
[14:40:53] KOMENDA: Select (VIEW3D_OT_select)
[14:41:14] VERTS | A1-base_instantiator-rest_and_hygiene_quarters.001 | [177, 178, 181, 196]
[14:41:14] KOMENDA: Edit Mode (OBJECT_OT_editmode_toggle)
[14:41:15] KOMENDA: Select (VIEW3D_OT_select)
[14:41:15] KOMENDA: Edit Mode (OBJECT_OT_editmode_toggle)
[14:41:18] KOMENDA: Select (VIEW3D_OT_select)
[14:41:19] KOMENDA: Edit Mode (OBJECT_OT_editmode_toggle)
[14:41:22] KOMENDA: Apply Modifier (OBJECT_OT_modifier_apply)
[14:41:23] KOMENDA: Select (VIEW3D_OT_select)
[14:41:25] KOMENDA: Move (TRANSFORM_OT_translate)
[14:41:26] OBJECT_ORIGIN | A1-base_instantiator- substractor | TRANSFORMING...
  -> LOC: PRE(500.12, -797.34, 77.73) -> POST(500.13, -797.33, 77.73)
[14:41:26] OBJECT_ORIGIN | A1-base_instantiator- substractor | TRANSFORMING...
  -> LOC: PRE(500.12, -797.34, 77.73) -> POST(500.13, -797.32, 77.73)
[14:41:26] OBJECT_ORIGIN | A1-base_instantiator- substractor | TRANSFORMING...
  -> LOC: PRE(500.12, -797.34, 77.73) -> POST(500.13, -797.31, 77.73)
[14:41:26] OBJECT_ORIGIN | A1-base_instantiator- substractor | TRANSFORMING...
  -> LOC: PRE(500.12, -797.34, 77.73) -> POST(500.13, -797.29, 77.73)
[14:41:26] OBJECT_ORIGIN | A1-base_instantiator- substractor | TRANSFORMING...
  -> LOC: PRE(500.12, -797.34, 77.73) -> POST(500.13, -797.27, 77.73)
[14:41:26] OBJECT_ORIGIN | A1-base_instantiator- substractor | TRANSFORMING...
  -> LOC: PRE(500.12, -797.34, 77.73) -> POST(500.14, -797.22, 77.73)
[14:41:26] OBJECT_ORIGIN | A1-base_instantiator- substractor | TRANSFORMING...
  -> LOC: PRE(500.12, -797.34, 77.73) -> POST(500.15, -797.14, 77.73)
[14:41:26] OBJECT_ORIGIN | A1-base_instantiator- substractor | TRANSFORMING...
  -> LOC: PRE(500.12, -797.34, 77.73) -> POST(500.16, -797.09, 77.73)
[14:41:26] OBJECT_ORIGIN | A1-base_instantiator- substractor | TRANSFORMING...
  -> LOC: PRE(500.12, -797.34, 77.73) -> POST(500.2, -796.76, 77.72)
[14:41:26] OBJECT_ORIGIN | A1-base_instantiator- substractor | TRANSFORMING...
  -> LOC: PRE(500.12, -797.34, 77.73) -> POST(500.21, -796.72, 77.71)
[14:41:26] OBJECT_ORIGIN | A1-base_instantiator- substractor | TRANSFORMING...
  -> LOC: PRE(500.12, -797.34, 77.73) -> POST(500.21, -796.69, 77.71)
[14:41:26] OBJECT_ORIGIN | A1-base_instantiator- substractor | TRANSFORMING...
  -> LOC: PRE(500.12, -797.34, 77.73) -> POST(500.21, -796.68, 77.71)
[14:41:26] OBJECT_ORIGIN | A1-base_instantiator- substractor | TRANSFORMING...
  -> LOC: PRE(500.12, -797.34, 77.73) -> POST(500.22, -796.65, 77.71)
[14:41:26] OBJECT_ORIGIN | A1-base_instantiator- substractor | TRANSFORMING...
  -> LOC: PRE(500.12, -797.34, 77.73) -> POST(500.22, -796.64, 77.71)
[14:41:26] OBJECT_ORIGIN | A1-base_instantiator- substractor | TRANSFORMING...
  -> LOC: PRE(500.12, -797.34, 77.73) -> POST(500.22, -796.63, 77.71)
[14:41:26] OBJECT_ORIGIN | A1-base_instantiator- substractor | TRANSFORMING...
  -> LOC: PRE(500.12, -797.34, 77.73) -> POST(500.22, -796.62, 77.71)
[14:41:27] VERTS | A1-base_instantiator- substractor | [0, 1, 2, 3, 8, 9, 10, 11]
[14:41:27] KOMENDA: Edit Mode (OBJECT_OT_editmode_toggle)
[14:41:35] KOMENDA: Select (VIEW3D_OT_select)
[14:41:36] KOMENDA: Edit Mode (OBJECT_OT_editmode_toggle)
[14:41:36] KOMENDA: Select (VIEW3D_OT_select)
[14:41:42] VERTS | A1-base_instantiator-rest_and_hygiene_quarters.001 | [0, 3, 4, 7, 17, 19, 20, 23, 286, 287, 290, 293, 294, 295, 298, 300, 304, 305, 308, 309]
[14:41:42] KOMENDA: Edit Mode (OBJECT_OT_editmode_toggle)
[14:41:42] VERTS | A1-base_instantiator-rest_and_hygiene_quarters.001 | [7, 11, 287, 289]
[14:41:42] KOMENDA: Select (VIEW3D_OT_select)
[14:41:43] VERTS | A1-base_instantiator-rest_and_hygiene_quarters.001 | [0, 3, 8, 14]
[14:41:45] VERTS | A1-base_instantiator-rest_and_hygiene_quarters.001 | [0, 14, 290, 291]
[14:41:48] VERTS | A1-base_instantiator-rest_and_hygiene_quarters.001 | [287, 289, 307, 308]
[14:41:49] VERTS | A1-base_instantiator-rest_and_hygiene_quarters.001 | [0, 3, 8, 14]
[14:41:50] KOMENDA: Delete (MESH_OT_delete)
[14:41:53] VERTS | A1-base_instantiator-rest_and_hygiene_quarters.001 | [4, 7, 11, 12]
[14:41:53] KOMENDA: Select (VIEW3D_OT_select)
[14:41:55] KOMENDA: Delete (MESH_OT_delete)
[14:41:57] VERTS | A1-base_instantiator-rest_and_hygiene_quarters.001 | [290, 291, 292, 293]
[14:41:57] KOMENDA: Select (VIEW3D_OT_select)
[14:42:03] KOMENDA: Delete (MESH_OT_delete)
[14:42:03] VERTS | A1-base_instantiator-rest_and_hygiene_quarters.001 | [286, 287, 288, 289]
[14:42:03] KOMENDA: Select (VIEW3D_OT_select)
[14:42:05] KOMENDA: Delete (MESH_OT_delete)
[14:42:09] VERTS | A1-base_instantiator-rest_and_hygiene_quarters.001 | [306, 307, 308, 309]
[14:42:09] KOMENDA: Select (VIEW3D_OT_select)
[14:42:11] KOMENDA: Delete (MESH_OT_delete)
[14:42:12] VERTS | A1-base_instantiator-rest_and_hygiene_quarters.001 | [3, 8, 292, 293]
[14:42:12] KOMENDA: Select (VIEW3D_OT_select)
[14:42:13] VERTS | A1-base_instantiator-rest_and_hygiene_quarters.001 | [0, 3, 8, 290, 292, 293]
[14:42:14] VERTS | A1-base_instantiator-rest_and_hygiene_quarters.001 | [0, 3, 8, 14, 290, 291, 292, 293]
[14:42:15] VERTS | A1-base_instantiator-rest_and_hygiene_quarters.001 | [0, 3, 8, 14, 145, 149, 158, 159, 161, 290, 291, 292, 293]
[14:42:15] VERTS | A1-base_instantiator-rest_and_hygiene_quarters.001 | [8, 14, 291, 292]
[14:42:16] VERTS | A1-base_instantiator-rest_and_hygiene_quarters.001 | [0, 8, 14, 290, 291, 292]
[14:42:16] VERTS | A1-base_instantiator-rest_and_hygiene_quarters.001 | [0, 3, 8, 14, 290, 291, 292, 293]
[14:42:18] KOMENDA: Delete (MESH_OT_delete)
[14:42:20] VERTS | A1-base_instantiator-rest_and_hygiene_quarters.001 | [13, 15, 21, 27]
[14:42:20] KOMENDA: Select (VIEW3D_OT_select)
[14:42:22] KOMENDA: Delete (MESH_OT_delete)
[14:42:23] VERTS | A1-base_instantiator-rest_and_hygiene_quarters.001 | [298, 299, 300, 301]
[14:42:23] KOMENDA: Select (VIEW3D_OT_select)
[14:42:23] KOMENDA: Delete (MESH_OT_delete)
[14:42:24] VERTS | A1-base_instantiator-rest_and_hygiene_quarters.001 | [13, 27, 290, 292]
[14:42:24] KOMENDA: Select (VIEW3D_OT_select)
[14:42:25] KOMENDA: Delete (MESH_OT_delete)
[14:42:25] VERTS | A1-base_instantiator-rest_and_hygiene_quarters.001 | [290, 291, 292, 293]
[14:42:25] KOMENDA: Select (VIEW3D_OT_select)
[14:42:26] KOMENDA: Delete (MESH_OT_delete)
[14:42:26] VERTS | A1-base_instantiator-rest_and_hygiene_quarters.001 | [294, 295, 296, 297]
[14:42:26] KOMENDA: Select (VIEW3D_OT_select)
[14:42:27] KOMENDA: Delete (MESH_OT_delete)
[14:42:28] VERTS | A1-base_instantiator-rest_and_hygiene_quarters.001 | [16, 19, 23, 25]
[14:42:28] KOMENDA: Select (VIEW3D_OT_select)
[14:42:29] KOMENDA: Delete (MESH_OT_delete)
[14:42:40] VERTS | A1-base_instantiator-rest_and_hygiene_quarters.001 | [23, 25, 295, 297]
[14:42:40] KOMENDA: Select (VIEW3D_OT_select)
[14:42:41] KOMENDA: Delete (MESH_OT_delete)
[14:42:41] VERTS | A1-base_instantiator-rest_and_hygiene_quarters.001 | [16, 25, 294, 295]
[14:42:41] KOMENDA: Select (VIEW3D_OT_select)
[14:42:42] KOMENDA: Delete (MESH_OT_delete)
[14:42:43] VERTS | A1-base_instantiator-rest_and_hygiene_quarters.001 | [16, 19, 293, 295]
[14:42:43] KOMENDA: Select (VIEW3D_OT_select)
[14:42:43] KOMENDA: Delete (MESH_OT_delete)
[14:42:43] VERTS | A1-base_instantiator-rest_and_hygiene_quarters.001 | [18, 22, 294, 295]
[14:42:43] KOMENDA: Select (VIEW3D_OT_select)
[14:42:44] KOMENDA: Delete (MESH_OT_delete)
[14:42:49] VERTS | A1-base_instantiator-rest_and_hygiene_quarters.001 | [13, 15, 286, 287]
[14:42:49] KOMENDA: Select (VIEW3D_OT_select)
[14:42:50] KOMENDA: Delete (MESH_OT_delete)
[14:42:51] VERTS | A1-base_instantiator-rest_and_hygiene_quarters.001 | [14, 18, 286, 288]
[14:42:51] KOMENDA: Select (VIEW3D_OT_select)
[14:42:51] KOMENDA: Delete (MESH_OT_delete)
[14:42:55] VERTS | A1-base_instantiator-rest_and_hygiene_quarters.001 | [17, 21, 286, 287]
[14:42:55] KOMENDA: Select (VIEW3D_OT_select)
[14:42:56] KOMENDA: Delete (MESH_OT_delete)
[14:42:59] KOMENDA: Select Mode (MESH_OT_select_mode)
[14:43:00] VERTS | A1-base_instantiator-rest_and_hygiene_quarters.001 | [286, 288]
[14:43:00] KOMENDA: Select (VIEW3D_OT_select)
[14:43:00] VERTS | A1-base_instantiator-rest_and_hygiene_quarters.001 | [286, 288, 292, 293]
[14:43:03] KOMENDA: Bridge Edge Loops (MESH_OT_bridge_edge_loops)
[14:43:04] VERTS | A1-base_instantiator-rest_and_hygiene_quarters.001 | [290, 292]
[14:43:04] KOMENDA: Select (VIEW3D_OT_select)
[14:43:04] VERTS | A1-base_instantiator-rest_and_hygiene_quarters.001 | [286, 287, 290, 292]
[14:43:05] KOMENDA: Bridge Edge Loops (MESH_OT_bridge_edge_loops)
[14:43:07] VERTS | A1-base_instantiator-rest_and_hygiene_quarters.001 | [290, 291]
[14:43:07] KOMENDA: Select (VIEW3D_OT_select)
[14:43:07] VERTS | A1-base_instantiator-rest_and_hygiene_quarters.001 | [287, 289, 290, 291]
[14:43:08] KOMENDA: Bridge Edge Loops (MESH_OT_bridge_edge_loops)
[14:43:09] VERTS | A1-base_instantiator-rest_and_hygiene_quarters.001 | [291, 293]
[14:43:09] KOMENDA: Select (VIEW3D_OT_select)
[14:43:10] VERTS | A1-base_instantiator-rest_and_hygiene_quarters.001 | [288, 289, 291, 293]
[14:43:11] KOMENDA: Bridge Edge Loops (MESH_OT_bridge_edge_loops)
[14:43:12] VERTS | A1-base_instantiator-rest_and_hygiene_quarters.001 | [286, 288]
[14:43:12] KOMENDA: Select (VIEW3D_OT_select)
[14:43:12] KOMENDA: Select Mode (MESH_OT_select_mode)
[14:43:13] VERTS | A1-base_instantiator-rest_and_hygiene_quarters.001 | [178, 179, 180, 187, 188, 239]
[14:43:13] KOMENDA: Select (VIEW3D_OT_select)
[14:43:14] VERTS | A1-base_instantiator-rest_and_hygiene_quarters.001 | [180, 187, 292, 293]
[14:43:18] VERTS | A1-base_instantiator-rest_and_hygiene_quarters.001 | [160, 161, 162, 163, 171, 174]
[14:43:21] VERTS | A1-base_instantiator-rest_and_hygiene_quarters.001 | [63, 64, 65, 66, 76, 77]
[14:43:25] KOMENDA: Select Mode (MESH_OT_select_mode)
[14:43:26] VERTS | A1-base_instantiator-rest_and_hygiene_quarters.001 | [292, 293]
[14:43:26] KOMENDA: Select (VIEW3D_OT_select)
[14:43:27] VERTS | A1-base_instantiator-rest_and_hygiene_quarters.001 | [286, 288, 292, 293]
[14:43:31] KOMENDA: Select Mode (MESH_OT_select_mode)
[14:43:31] KOMENDA: Select (VIEW3D_OT_select)
[14:43:34] KOMENDA: Flip Normals (MESH_OT_flip_normals)
[14:43:38] VERTS | A1-base_instantiator-rest_and_hygiene_quarters.001 | [286, 287, 290, 292]
[14:43:38] KOMENDA: Select (VIEW3D_OT_select)
[14:43:39] KOMENDA: Flip Normals (MESH_OT_flip_normals)
[14:43:41] VERTS | A1-base_instantiator-rest_and_hygiene_quarters.001 | [287, 289, 290, 291]
[14:43:41] KOMENDA: Select (VIEW3D_OT_select)
[14:43:41] KOMENDA: Flip Normals (MESH_OT_flip_normals)
[14:43:43] VERTS | A1-base_instantiator-rest_and_hygiene_quarters.001 | [288, 289, 291, 293]
[14:43:43] KOMENDA: Select (VIEW3D_OT_select)
[14:43:43] KOMENDA: Flip Normals (MESH_OT_flip_normals)
[14:43:45] VERTS | A1-base_instantiator-rest_and_hygiene_quarters.001 | [63, 64, 65, 66, 76, 77]
[14:43:45] KOMENDA: Select (VIEW3D_OT_select)
[14:43:46] VERTS | A1-base_instantiator-rest_and_hygiene_quarters.001 | [286, 288, 292, 293]
[14:43:48] VERTS | A1-base_instantiator-rest_and_hygiene_quarters.001 | [180, 187, 292, 293]
[14:43:58] VERTS | A1-base_instantiator-rest_and_hygiene_quarters.001 | [153, 154, 164, 165, 167, 282, 283, 284, 285]
[14:43:58] KOMENDA: Select Mode (MESH_OT_select_mode)
[14:43:58] VERTS | A1-base_instantiator-rest_and_hygiene_quarters.001 | [180, 187]
[14:43:58] KOMENDA: Select (VIEW3D_OT_select)
[14:44:04] VERTS | A1-base_instantiator-rest_and_hygiene_quarters.001 | [20, 181, 188]
[14:44:04] KOMENDA: Subdivide (MESH_OT_subdivide)
[14:44:05] VERTS | A1-base_instantiator-rest_and_hygiene_quarters.001 | [180, 187, 298, 299]
[14:44:06] VERTS | A1-base_instantiator-rest_and_hygiene_quarters.001 | [298, 299]
[14:44:06] KOMENDA: Select (VIEW3D_OT_select)
[14:44:07] VERTS | A1-base_instantiator-rest_and_hygiene_quarters.001 | [187, 299]
[14:44:08] VERTS | A1-base_instantiator-rest_and_hygiene_quarters.001 | [154, 164]
[14:44:09] VERTS | A1-base_instantiator-rest_and_hygiene_quarters.001 | [298, 299]
[14:44:10] KOMENDA: Select Mode (MESH_OT_select_mode)
[14:44:10] VERTS | A1-base_instantiator-rest_and_hygiene_quarters.001 | [180, 187, 292, 293, 298, 299]
[14:44:10] KOMENDA: Select (VIEW3D_OT_select)
[14:44:12] KOMENDA: Delete (MESH_OT_delete)
[14:44:13] VERTS | A1-base_instantiator-rest_and_hygiene_quarters.001 | [153, 154, 164, 165, 167, 282, 283, 284, 285]
[14:44:13] KOMENDA: Select (VIEW3D_OT_select)
[14:44:15] KOMENDA: Select Mode (MESH_OT_select_mode)
[14:44:16] VERTS | A1-base_instantiator-rest_and_hygiene_quarters.001 | [292, 293]
[14:44:16] KOMENDA: Select (VIEW3D_OT_select)
[14:44:16] VERTS | A1-base_instantiator-rest_and_hygiene_quarters.001 | [187, 299]
[14:44:17] KOMENDA: Select Mode (MESH_OT_select_mode)
[14:44:17] VERTS | A1-base_instantiator-rest_and_hygiene_quarters.001 | [153, 154, 164, 165, 167, 282, 283, 284, 285]
[14:44:17] KOMENDA: Select (VIEW3D_OT_select)
[14:44:24] KOMENDA: Delete (MESH_OT_delete)
[14:44:29] KOMENDA: Select Mode (MESH_OT_select_mode)
[14:44:29] VERTS | A1-base_instantiator-rest_and_hygiene_quarters.001 | [292, 293]
[14:44:29] KOMENDA: Select (VIEW3D_OT_select)
[14:44:31] VERTS | A1-base_instantiator-rest_and_hygiene_quarters.001 | [187, 292]
[14:44:33] VERTS | A1-base_instantiator-rest_and_hygiene_quarters.001 | [286, 292]
[14:44:34] KOMENDA: Edit Mode (OBJECT_OT_editmode_toggle)
[14:44:35] VERTS | A1-base_instantiator-rest_and_hygiene_quarters.001 | [161, 171]
[14:44:35] KOMENDA: Select (VIEW3D_OT_select)
[14:44:35] KOMENDA: Select Mode (MESH_OT_select_mode)
[14:44:36] VERTS | A1-base_instantiator-rest_and_hygiene_quarters.001 | [63, 64, 65, 66, 76, 77]
[14:44:36] KOMENDA: Select (VIEW3D_OT_select)
[14:44:38] KOMENDA: Select Mode (MESH_OT_select_mode)
[14:44:39] VERTS | A1-base_instantiator-rest_and_hygiene_quarters.001 | [161, 171]
[14:44:39] KOMENDA: Select (VIEW3D_OT_select)
[14:44:41] VERTS | A1-base_instantiator-rest_and_hygiene_quarters.001 | [187, 299]
[14:44:42] KOMENDA: Select Mode (MESH_OT_select_mode)
[14:44:43] VERTS | A1-base_instantiator-rest_and_hygiene_quarters.001 | [299]
[14:44:43] KOMENDA: Select (VIEW3D_OT_select)
[14:44:55] VERTS | A1-base_instantiator-rest_and_hygiene_quarters.001 | [298]
[14:45:00] KOMENDA: Select Mode (MESH_OT_select_mode)
[14:45:01] KOMENDA: Select (VIEW3D_OT_select)
[14:45:02] KOMENDA: Select Mode (MESH_OT_select_mode)
[14:45:02] VERTS | A1-base_instantiator-rest_and_hygiene_quarters.001 | [298, 299]
[14:45:02] KOMENDA: Select (VIEW3D_OT_select)
[14:45:08] VERTS | A1-base_instantiator-rest_and_hygiene_quarters.001 | [282, 283]
[14:45:08] VERTS | A1-base_instantiator-rest_and_hygiene_quarters.001 | [298, 299]
[14:45:09] VERTS | A1-base_instantiator-rest_and_hygiene_quarters.001 | [282, 283]
[14:45:14] VERTS | A1-base_instantiator-rest_and_hygiene_quarters.001 | [282, 284]
[14:45:15] KOMENDA: Select Mode (MESH_OT_select_mode)
[14:45:15] VERTS | A1-base_instantiator-rest_and_hygiene_quarters.001 | [292]
[14:45:15] KOMENDA: Select (VIEW3D_OT_select)
[14:45:16] VERTS | A1-base_instantiator-rest_and_hygiene_quarters.001 | [292, 293]
[14:45:22] VERTS | A1-base_instantiator-rest_and_hygiene_quarters.001 | [283, 292, 293]
[14:45:23] VERTS | A1-base_instantiator-rest_and_hygiene_quarters.001 | [292, 293]
[14:45:29] VERTS | A1-base_instantiator-rest_and_hygiene_quarters.001 | [283]
[14:45:33] VERTS | A1-base_instantiator-rest_and_hygiene_quarters.001 | [282]
[14:45:36] VERTS | A1-base_instantiator-rest_and_hygiene_quarters.001 | [282, 292, 299]
[14:45:36] KOMENDA: Box Select (VIEW3D_OT_select_box)
[14:45:42] VERTS | A1-base_instantiator-rest_and_hygiene_quarters.001 | [282, 298]
[14:45:42] KOMENDA: Merge (MESH_OT_merge)
[14:45:44] VERTS | A1-base_instantiator-rest_and_hygiene_quarters.001 | [283, 292, 297]
[14:45:44] KOMENDA: Box Select (VIEW3D_OT_select_box)
[14:45:46] VERTS | A1-base_instantiator-rest_and_hygiene_quarters.001 | [283, 296]
[14:45:46] KOMENDA: Merge (MESH_OT_merge)
[14:45:47] KOMENDA: Box Select (VIEW3D_OT_select_box)
[14:45:49] KOMENDA: Edit Mode (OBJECT_OT_editmode_toggle)
[14:45:49] VERTS | A1-base_instantiator-rest_and_hygiene_quarters.001 | [283]
[14:45:49] KOMENDA: Select (VIEW3D_OT_select)
[14:45:51] VERTS | A1-base_instantiator-rest_and_hygiene_quarters.001 | [296]
[14:46:03] VERTS | A1-base_instantiator-rest_and_hygiene_quarters.001 | [283, 296]
[14:46:03] KOMENDA: Box Select (VIEW3D_OT_select_box)
[14:46:16] KOMENDA: Delete (MESH_OT_delete)
