[12:40:07] === SESJA ATOMIC START: 2026_04_13_12_40_07 ===
[12:40:10] KOMENDA: Select (VIEW3D_OT_select)
[12:40:10] KOMENDA: Edit Mode (OBJECT_OT_editmode_toggle)
[12:40:15] KOMENDA: Box Select (VIEW3D_OT_select_box)
[12:40:15] KOMENDA: Edit Mode (OBJECT_OT_editmode_toggle)
[12:40:16] VERTS | Area | [10, 11, 12, 13, 14, 15]
[12:40:16] KOMENDA: Select (VIEW3D_OT_select)
[12:40:18] KOMENDA: Edit Mode (OBJECT_OT_editmode_toggle)
[12:40:19] KOMENDA: Box Select (VIEW3D_OT_select_box)
[12:40:21] KOMENDA: Select (VIEW3D_OT_select)
[12:40:24] KOMENDA: Edit Mode (OBJECT_OT_editmode_toggle)
[12:40:26] KOMENDA: Select (VIEW3D_OT_select)
[12:40:27] KOMENDA: Edit Mode (OBJECT_OT_editmode_toggle)
[12:40:29] KOMENDA: Select Mode (MESH_OT_select_mode)
[12:40:30] VERTS | Area | [12]
[12:40:30] KOMENDA: Box Select (VIEW3D_OT_select_box)
[12:40:30] KOMENDA: Move (TRANSFORM_OT_translate)
[12:40:30] VERTS | Area | [12]
  -> V12 PRE(646.0, -433.0, 0.0) -> POST(766.0, -325.0, 0.0)
[12:40:30] VERTS | Area | [12]
  -> V12 PRE(646.0, -433.0, 0.0) -> POST(803.0, -276.0, 0.0)
[12:40:30] VERTS | Area | [12]
  -> V12 PRE(646.0, -433.0, 0.0) -> POST(828.0, -251.0, 0.0)
[12:40:30] VERTS | Area | [12]
  -> V12 PRE(646.0, -433.0, 0.0) -> POST(840.0, -232.0, 0.0)
[12:40:30] VERTS | Area | [12]
  -> V12 PRE(646.0, -433.0, 0.0) -> POST(852.0, -220.0, 0.0)
[12:40:30] VERTS | Area | [12]
  -> V12 PRE(646.0, -433.0, 0.0) -> POST(852.0, -201.0, 0.0)
[12:40:30] VERTS | Area | [12]
  -> V12 PRE(646.0, -433.0, 0.0) -> POST(865.0, -176.0, 0.0)
[12:40:30] VERTS | Area | [12]
  -> V12 PRE(646.0, -433.0, 0.0) -> POST(865.0, -170.0, 0.0)
[12:40:31] VERTS | Area | [12]
  -> V12 PRE(646.0, -433.0, 0.0) -> POST(766.0, -232.0, 0.0)
[12:40:31] VERTS | Area | [12]
  -> V12 PRE(646.0, -433.0, 0.0) -> POST(642.0, -306.0, 0.0)
[12:40:31] VERTS | Area | [12]
  -> V12 PRE(646.0, -433.0, 0.0) -> POST(592.0, -337.0, 0.0)
[12:40:31] VERTS | Area | [12]
  -> V12 PRE(646.0, -433.0, 0.0) -> POST(568.0, -356.0, 0.0)
[12:40:31] VERTS | Area | [12]
  -> V12 PRE(646.0, -433.0, 0.0) -> POST(555.0, -368.0, 0.0)
[12:40:31] VERTS | Area | [12]
  -> V12 PRE(646.0, -433.0, 0.0) -> POST(543.0, -368.0, 0.0)
[12:40:31] VERTS | Area | [12]
  -> V12 PRE(646.0, -433.0, 0.0) -> POST(506.0, -424.0, 0.0)
[12:40:31] VERTS | Area | [12]
  -> V12 PRE(646.0, -433.0, 0.0) -> POST(469.0, -486.0, 0.0)
[12:40:31] VERTS | Area | [12]
  -> V12 PRE(646.0, -433.0, 0.0) -> POST(456.0, -505.0, 0.0)
[12:40:31] VERTS | Area | [12]
  -> V12 PRE(646.0, -433.0, 0.0) -> POST(462.0, -519.0, 0.0)
[12:40:31] VERTS | Area | [12]
  -> V12 PRE(646.0, -433.0, 0.0) -> POST(462.0, -538.0, 0.0)
[12:40:31] VERTS | Area | [12]
  -> V12 PRE(646.0, -433.0, 0.0) -> POST(589.0, -601.0, 0.0)
[12:40:31] VERTS | Area | [12]
  -> V12 PRE(646.0, -433.0, 0.0) -> POST(625.0, -607.0, 0.0)
[12:40:31] VERTS | Area | [12]
  -> V12 PRE(646.0, -433.0, 0.0) -> POST(650.0, -607.0, 0.0)
[12:40:31] VERTS | Area | [12]
  -> V12 PRE(646.0, -433.0, 0.0) -> POST(662.0, -601.0, 0.0)
[12:40:31] VERTS | Area | [12]
  -> V12 PRE(646.0, -433.0, 0.0) -> POST(674.0, -595.0, 0.0)
[12:40:32] VERTS | Area | [12]
  -> V12 PRE(646.0, -433.0, 0.0) -> POST(774.0, -572.0, 0.0)
[12:40:32] VERTS | Area | [12]
  -> V12 PRE(646.0, -433.0, 0.0) -> POST(798.0, -566.0, 0.0)
[12:40:32] KOMENDA: Edit Mode (OBJECT_OT_editmode_toggle)
[12:40:33] KOMENDA: Select (VIEW3D_OT_select)
[12:40:34] KOMENDA: Move (TRANSFORM_OT_translate)
[12:40:36] KOMENDA: Select (VIEW3D_OT_select)
[12:40:41] KOMENDA: Box Select (VIEW3D_OT_select_box)
[12:40:43] KOMENDA: Move (TRANSFORM_OT_translate)
[12:40:44] OBJECT_ORIGIN | sea level | TRANSFORMING...
  -> LOC: PRE(-1118.16, -2358.38, -107.05) -> POST(-1255.99, -2286.86, -77.63)
  -> ROT: PRE(0.0, -0.0, 0.0) -> POST(-2.0, 0.5, -10.8)
[12:40:44] OBJECT_ORIGIN | sea level | TRANSFORMING...
  -> LOC: PRE(-1118.16, -2358.38, -107.05) -> POST(-1434.35, -2128.85, -35.12)
  -> ROT: PRE(0.0, -0.0, 0.0) -> POST(-5.1, 0.6, -27.3)
[12:40:44] OBJECT_ORIGIN | sea level | TRANSFORMING...
  -> LOC: PRE(-1118.16, -2358.38, -107.05) -> POST(-1493.46, -2048.74, -19.15)
  -> ROT: PRE(0.0, -0.0, 0.0) -> POST(-6.4, 0.4, -34.2)
[12:40:44] OBJECT_ORIGIN | sea level | TRANSFORMING...
  -> LOC: PRE(-1118.16, -2358.38, -107.05) -> POST(-1519.81, -2005.08, -11.5)
  -> ROT: PRE(0.0, -0.0, 0.0) -> POST(-7.1, 0.2, -37.7)
[12:40:44] OBJECT_ORIGIN | sea level | TRANSFORMING...
  -> LOC: PRE(-1118.16, -2358.38, -107.05) -> POST(-1535.55, -1975.66, -6.7)
  -> ROT: PRE(0.0, -0.0, 0.0) -> POST(-7.5, 0.1, -40.0)
[12:40:44] OBJECT_ORIGIN | sea level | TRANSFORMING...
  -> LOC: PRE(-1118.16, -2358.38, -107.05) -> POST(-1584.06, -1858.86, 9.87)
  -> ROT: PRE(0.0, -0.0, 0.0) -> POST(-9.0, -0.6, -48.7)
[12:40:44] OBJECT_ORIGIN | sea level | TRANSFORMING...
  -> LOC: PRE(-1118.16, -2358.38, -107.05) -> POST(-1600.04, -1803.66, 16.46)
  -> ROT: PRE(0.0, -0.0, 0.0) -> POST(-9.6, -0.9, -52.6)
[12:40:44] OBJECT_ORIGIN | sea level | TRANSFORMING...
  -> LOC: PRE(-1118.16, -2358.38, -107.05) -> POST(-1613.63, -1738.99, 23.26)
  -> ROT: PRE(0.0, -0.0, 0.0) -> POST(-10.4, -1.4, -57.2)
[12:40:44] OBJECT_ORIGIN | sea level | TRANSFORMING...
  -> LOC: PRE(-1118.16, -2358.38, -107.05) -> POST(-1622.86, -1663.36, 30.03)
  -> ROT: PRE(0.0, -0.0, 0.0) -> POST(-11.1, -2.0, -62.3)
[12:40:44] OBJECT_ORIGIN | sea level | TRANSFORMING...
  -> LOC: PRE(-1118.16, -2358.38, -107.05) -> POST(-1625.24, -1602.03, 34.61)
  -> ROT: PRE(0.0, -0.0, 0.0) -> POST(-11.7, -2.6, -66.5)
[12:40:44] OBJECT_ORIGIN | sea level | TRANSFORMING...
  -> LOC: PRE(-1118.16, -2358.38, -107.05) -> POST(-1623.3, -1543.21, 38.25)
  -> ROT: PRE(0.0, -0.0, 0.0) -> POST(-12.2, -3.2, -70.5)
[12:40:44] OBJECT_ORIGIN | sea level | TRANSFORMING...
  -> LOC: PRE(-1118.16, -2358.38, -107.05) -> POST(-1618.09, -1490.98, 40.85)
  -> ROT: PRE(0.0, -0.0, 0.0) -> POST(-12.6, -3.7, -74.0)
[12:40:44] OBJECT_ORIGIN | sea level | TRANSFORMING...
  -> LOC: PRE(-1118.16, -2358.38, -107.05) -> POST(-1611.49, -1449.06, 42.52)
  -> ROT: PRE(0.0, -0.0, 0.0) -> POST(-13.0, -4.1, -76.9)
[12:40:44] OBJECT_ORIGIN | sea level | TRANSFORMING...
  -> LOC: PRE(-1118.16, -2358.38, -107.05) -> POST(-1605.75, -1420.51, 43.43)
  -> ROT: PRE(0.0, -0.0, 0.0) -> POST(-13.2, -4.5, -78.9)
[12:40:44] OBJECT_ORIGIN | sea level | TRANSFORMING...
  -> LOC: PRE(-1118.16, -2358.38, -107.05) -> POST(-1600.85, -1399.48, 43.98)
  -> ROT: PRE(0.0, -0.0, 0.0) -> POST(-13.3, -4.7, -80.3)
[12:40:44] OBJECT_ORIGIN | sea level | TRANSFORMING...
  -> LOC: PRE(-1118.16, -2358.38, -107.05) -> POST(-1594.79, -1376.28, 44.47)
  -> ROT: PRE(0.0, -0.0, 0.0) -> POST(-13.5, -5.0, -82.0)
[12:40:44] OBJECT_ORIGIN | sea level | TRANSFORMING...
  -> LOC: PRE(-1118.16, -2358.38, -107.05) -> POST(-1591.04, -1363.16, 44.69)
  -> ROT: PRE(0.0, -0.0, 0.0) -> POST(-13.6, -5.1, -82.9)
[12:40:44] OBJECT_ORIGIN | sea level | TRANSFORMING...
  -> LOC: PRE(-1118.16, -2358.38, -107.05) -> POST(-1589.67, -1358.56, 44.76)
  -> ROT: PRE(0.0, -0.0, 0.0) -> POST(-13.6, -5.2, -83.2)
[12:40:44] KOMENDA: Rotate (TRANSFORM_OT_rotate)
[12:40:45] OBJECT_ORIGIN | sea level | TRANSFORMING...
  -> LOC: PRE(-1118.16, -2358.38, -107.05) -> POST(-1597.71, -1339.14, 47.51)
  -> ROT: PRE(0.0, -0.0, 0.0) -> POST(-13.7, -5.4, -84.3)
[12:40:45] OBJECT_ORIGIN | sea level | TRANSFORMING...
  -> LOC: PRE(-1118.16, -2358.38, -107.05) -> POST(-1613.94, -1296.13, 53.31)
  -> ROT: PRE(0.0, -0.0, 0.0) -> POST(-13.9, -5.8, -86.8)
[12:40:45] OBJECT_ORIGIN | sea level | TRANSFORMING...
  -> LOC: PRE(-1118.16, -2358.38, -107.05) -> POST(-1627.79, -1254.04, 58.63)
  -> ROT: PRE(0.0, -0.0, 0.0) -> POST(-14.1, -6.2, -89.1)
[12:40:45] OBJECT_ORIGIN | sea level | TRANSFORMING...
  -> LOC: PRE(-1118.16, -2358.38, -107.05) -> POST(-1640.73, -1208.05, 64.06)
  -> ROT: PRE(0.0, -0.0, 0.0) -> POST(-14.2, -6.7, -91.6)
[12:40:45] OBJECT_ORIGIN | sea level | TRANSFORMING...
  -> LOC: PRE(-1118.16, -2358.38, -107.05) -> POST(-1653.03, -1154.5, 69.88)
  -> ROT: PRE(0.0, -0.0, 0.0) -> POST(-14.4, -7.2, -94.6)
[12:40:45] OBJECT_ORIGIN | sea level | TRANSFORMING...
  -> LOC: PRE(-1118.16, -2358.38, -107.05) -> POST(-1665.55, -1078.77, 77.24)
  -> ROT: PRE(0.0, -0.0, 0.0) -> POST(-14.6, -8.0, -98.6)
[12:40:45] OBJECT_ORIGIN | sea level | TRANSFORMING...
  -> LOC: PRE(-1118.16, -2358.38, -107.05) -> POST(-1672.46, -1004.6, 83.5)
  -> ROT: PRE(0.0, -0.0, 0.0) -> POST(-14.7, -8.7, -102.6)
[12:40:45] OBJECT_ORIGIN | sea level | TRANSFORMING...
  -> LOC: PRE(-1118.16, -2358.38, -107.05) -> POST(-1673.91, -915.47, 89.8)
  -> ROT: PRE(0.0, -0.0, 0.0) -> POST(-14.8, -9.6, -107.3)
[12:40:45] OBJECT_ORIGIN | sea level | TRANSFORMING...
  -> LOC: PRE(-1118.16, -2358.38, -107.05) -> POST(-1666.83, -816.6, 95.23)
  -> ROT: PRE(0.0, -0.0, 0.0) -> POST(-14.8, -10.6, -112.6)
[12:40:45] OBJECT_ORIGIN | sea level | TRANSFORMING...
  -> LOC: PRE(-1118.16, -2358.38, -107.05) -> POST(-1653.73, -733.71, 98.51)
  -> ROT: PRE(0.0, -0.0, 0.0) -> POST(-14.8, -11.5, -117.1)
[12:40:45] OBJECT_ORIGIN | sea level | TRANSFORMING...
  -> LOC: PRE(-1118.16, -2358.38, -107.05) -> POST(-1641.57, -679.68, 100.0)
  -> ROT: PRE(0.0, -0.0, 0.0) -> POST(-14.7, -12.0, -120.0)
[12:40:45] OBJECT_ORIGIN | sea level | TRANSFORMING...
  -> LOC: PRE(-1118.16, -2358.38, -107.05) -> POST(-1624.92, -620.79, 101.02)
  -> ROT: PRE(0.0, -0.0, 0.0) -> POST(-14.6, -12.6, -123.3)
[12:40:45] OBJECT_ORIGIN | sea level | TRANSFORMING...
  -> LOC: PRE(-1118.16, -2358.38, -107.05) -> POST(-1606.82, -567.9, 101.37)
  -> ROT: PRE(0.0, -0.0, 0.0) -> POST(-14.4, -13.2, -126.3)
[12:40:45] OBJECT_ORIGIN | sea level | TRANSFORMING...
  -> LOC: PRE(-1118.16, -2358.38, -107.05) -> POST(-1590.07, -525.58, 101.25)
  -> ROT: PRE(0.0, -0.0, 0.0) -> POST(-14.3, -13.6, -128.8)
[12:40:45] OBJECT_ORIGIN | sea level | TRANSFORMING...
  -> LOC: PRE(-1118.16, -2358.38, -107.05) -> POST(-1541.48, -424.93, 99.41)
  -> ROT: PRE(0.0, -0.0, 0.0) -> POST(-13.9, -14.7, -134.8)
[12:40:45] OBJECT_ORIGIN | sea level | TRANSFORMING...
  -> LOC: PRE(-1118.16, -2358.38, -107.05) -> POST(-1532.69, -409.21, 98.9)
  -> ROT: PRE(0.0, -0.0, 0.0) -> POST(-13.8, -14.8, -135.8)
[12:40:45] OBJECT_ORIGIN | sea level | TRANSFORMING...
  -> LOC: PRE(-1118.16, -2358.38, -107.05) -> POST(-1526.56, -398.61, 98.53)
  -> ROT: PRE(0.0, -0.0, 0.0) -> POST(-13.8, -15.0, -136.4)
[12:40:45] OBJECT_ORIGIN | sea level | TRANSFORMING...
  -> LOC: PRE(-1118.16, -2358.38, -107.05) -> POST(-1525.38, -396.6, 98.46)
  -> ROT: PRE(0.0, -0.0, 0.0) -> POST(-13.7, -15.0, -136.6)
[12:40:46] OBJECT_ORIGIN | sea level | TRANSFORMING...
  -> LOC: PRE(-1118.16, -2358.38, -107.05) -> POST(-1527.51, -396.56, 98.67)
  -> ROT: PRE(0.0, -0.0, 0.0) -> POST(-13.7, -15.0, -136.6)
  -> SCALE: PRE(3.75, 3.75, 3.75) -> POST(3.76, 3.76, 3.76)
[12:40:46] OBJECT_ORIGIN | sea level | TRANSFORMING...
  -> LOC: PRE(-1118.16, -2358.38, -107.05) -> POST(-1549.46, -396.11, 100.83)
  -> ROT: PRE(0.0, -0.0, 0.0) -> POST(-13.7, -15.0, -136.6)
  -> SCALE: PRE(3.75, 3.75, 3.75) -> POST(3.85, 3.85, 3.85)
[12:40:46] OBJECT_ORIGIN | sea level | TRANSFORMING...
  -> LOC: PRE(-1118.16, -2358.38, -107.05) -> POST(-1641.0, -394.26, 109.85)
  -> ROT: PRE(0.0, -0.0, 0.0) -> POST(-13.7, -15.0, -136.6)
  -> SCALE: PRE(3.75, 3.75, 3.75) -> POST(4.21, 4.21, 4.21)
[12:40:46] OBJECT_ORIGIN | sea level | TRANSFORMING...
  -> LOC: PRE(-1118.16, -2358.38, -107.05) -> POST(-1798.45, -391.07, 125.36)
  -> ROT: PRE(0.0, -0.0, 0.0) -> POST(-13.7, -15.0, -136.6)
  -> SCALE: PRE(3.75, 3.75, 3.75) -> POST(4.84, 4.84, 4.84)
[12:40:46] OBJECT_ORIGIN | sea level | TRANSFORMING...
  -> LOC: PRE(-1118.16, -2358.38, -107.05) -> POST(-1940.69, -388.19, 139.38)
  -> ROT: PRE(0.0, -0.0, 0.0) -> POST(-13.7, -15.0, -136.6)
  -> SCALE: PRE(3.75, 3.75, 3.75) -> POST(5.41, 5.41, 5.41)
[12:40:46] OBJECT_ORIGIN | sea level | TRANSFORMING...
  -> LOC: PRE(-1118.16, -2358.38, -107.05) -> POST(-2053.26, -385.91, 150.47)
  -> ROT: PRE(0.0, -0.0, 0.0) -> POST(-13.7, -15.0, -136.6)
  -> SCALE: PRE(3.75, 3.75, 3.75) -> POST(5.86, 5.86, 5.86)
[12:40:46] OBJECT_ORIGIN | sea level | TRANSFORMING...
  -> LOC: PRE(-1118.16, -2358.38, -107.05) -> POST(-2117.75, -384.61, 156.83)
  -> ROT: PRE(0.0, -0.0, 0.0) -> POST(-13.7, -15.0, -136.6)
  -> SCALE: PRE(3.75, 3.75, 3.75) -> POST(6.12, 6.12, 6.12)
[12:40:46] OBJECT_ORIGIN | sea level | TRANSFORMING...
  -> LOC: PRE(-1118.16, -2358.38, -107.05) -> POST(-2151.56, -383.92, 160.16)
  -> ROT: PRE(0.0, -0.0, 0.0) -> POST(-13.7, -15.0, -136.6)
  -> SCALE: PRE(3.75, 3.75, 3.75) -> POST(6.25, 6.25, 6.25)
[12:40:46] OBJECT_ORIGIN | sea level | TRANSFORMING...
  -> LOC: PRE(-1118.16, -2358.38, -107.05) -> POST(-2165.39, -383.64, 161.52)
  -> ROT: PRE(0.0, -0.0, 0.0) -> POST(-13.7, -15.0, -136.6)
  -> SCALE: PRE(3.75, 3.75, 3.75) -> POST(6.31, 6.31, 6.31)
[12:40:46] OBJECT_ORIGIN | sea level | TRANSFORMING...
  -> LOC: PRE(-1118.16, -2358.38, -107.05) -> POST(-2179.74, -383.35, 162.94)
  -> ROT: PRE(0.0, -0.0, 0.0) -> POST(-13.7, -15.0, -136.6)
  -> SCALE: PRE(3.75, 3.75, 3.75) -> POST(6.36, 6.36, 6.36)
[12:40:46] OBJECT_ORIGIN | sea level | TRANSFORMING...
  -> LOC: PRE(-1118.16, -2358.38, -107.05) -> POST(-2190.5, -383.14, 164.0)
  -> ROT: PRE(0.0, -0.0, 0.0) -> POST(-13.7, -15.0, -136.6)
  -> SCALE: PRE(3.75, 3.75, 3.75) -> POST(6.41, 6.41, 6.41)
[12:40:46] OBJECT_ORIGIN | sea level | TRANSFORMING...
  -> LOC: PRE(-1118.16, -2358.38, -107.05) -> POST(-2207.42, -382.79, 165.66)
  -> ROT: PRE(0.0, -0.0, 0.0) -> POST(-13.7, -15.0, -136.6)
  -> SCALE: PRE(3.75, 3.75, 3.75) -> POST(6.47, 6.47, 6.47)
[12:40:46] OBJECT_ORIGIN | sea level | TRANSFORMING...
  -> LOC: PRE(-1118.16, -2358.38, -107.05) -> POST(-2240.31, -382.13, 168.9)
  -> ROT: PRE(0.0, -0.0, 0.0) -> POST(-13.7, -15.0, -136.6)
  -> SCALE: PRE(3.75, 3.75, 3.75) -> POST(6.6, 6.6, 6.6)
[12:40:46] OBJECT_ORIGIN | sea level | TRANSFORMING...
  -> LOC: PRE(-1118.16, -2358.38, -107.05) -> POST(-2295.13, -381.02, 174.31)
  -> ROT: PRE(0.0, -0.0, 0.0) -> POST(-13.7, -15.0, -136.6)
  -> SCALE: PRE(3.75, 3.75, 3.75) -> POST(6.82, 6.82, 6.82)
[12:40:46] OBJECT_ORIGIN | sea level | TRANSFORMING...
  -> LOC: PRE(-1118.16, -2358.38, -107.05) -> POST(-2369.76, -379.51, 181.66)
  -> ROT: PRE(0.0, -0.0, 0.0) -> POST(-13.7, -15.0, -136.6)
  -> SCALE: PRE(3.75, 3.75, 3.75) -> POST(7.12, 7.12, 7.12)
[12:40:46] OBJECT_ORIGIN | sea level | TRANSFORMING...
  -> LOC: PRE(-1118.16, -2358.38, -107.05) -> POST(-2442.15, -378.04, 188.79)
  -> ROT: PRE(0.0, -0.0, 0.0) -> POST(-13.7, -15.0, -136.6)
  -> SCALE: PRE(3.75, 3.75, 3.75) -> POST(7.41, 7.41, 7.41)
[12:40:46] OBJECT_ORIGIN | sea level | TRANSFORMING...
  -> LOC: PRE(-1118.16, -2358.38, -107.05) -> POST(-2495.49, -376.96, 194.05)
  -> ROT: PRE(0.0, -0.0, 0.0) -> POST(-13.7, -15.0, -136.6)
  -> SCALE: PRE(3.75, 3.75, 3.75) -> POST(7.62, 7.62, 7.62)
[12:40:47] KOMENDA: Resize (TRANSFORM_OT_resize)
[12:40:47] OBJECT_ORIGIN | sea level | TRANSFORMING...
  -> LOC: PRE(-1118.16, -2358.38, -107.05) -> POST(1920.27, 191.15, 282.11)
  -> ROT: PRE(0.0, -0.0, 0.0) -> POST(-13.7, -15.0, -136.6)
  -> SCALE: PRE(3.75, 3.75, 3.75) -> POST(7.62, 7.62, 7.62)
[12:40:47] OBJECT_ORIGIN | sea level | TRANSFORMING...
  -> LOC: PRE(-1118.16, -2358.38, -107.05) -> POST(1920.27, 233.15, 282.11)
  -> ROT: PRE(0.0, -0.0, 0.0) -> POST(-13.7, -15.0, -136.6)
  -> SCALE: PRE(3.75, 3.75, 3.75) -> POST(7.62, 7.62, 7.62)
[12:40:47] OBJECT_ORIGIN | sea level | TRANSFORMING...
  -> LOC: PRE(-1118.16, -2358.38, -107.05) -> POST(2089.27, 233.15, 282.11)
  -> ROT: PRE(0.0, -0.0, 0.0) -> POST(-13.7, -15.0, -136.6)
  -> SCALE: PRE(3.75, 3.75, 3.75) -> POST(7.62, 7.62, 7.62)
[12:40:47] OBJECT_ORIGIN | sea level | TRANSFORMING...
  -> LOC: PRE(-1118.16, -2358.38, -107.05) -> POST(2089.27, 402.15, 282.11)
  -> ROT: PRE(0.0, -0.0, 0.0) -> POST(-13.7, -15.0, -136.6)
  -> SCALE: PRE(3.75, 3.75, 3.75) -> POST(7.62, 7.62, 7.62)
[12:40:47] OBJECT_ORIGIN | sea level | TRANSFORMING...
  -> LOC: PRE(-1118.16, -2358.38, -107.05) -> POST(2089.27, 487.15, 282.11)
  -> ROT: PRE(0.0, -0.0, 0.0) -> POST(-13.7, -15.0, -136.6)
  -> SCALE: PRE(3.75, 3.75, 3.75) -> POST(7.62, 7.62, 7.62)
[12:40:47] OBJECT_ORIGIN | sea level | TRANSFORMING...
  -> LOC: PRE(-1118.16, -2358.38, -107.05) -> POST(2259.27, 614.15, 282.11)
  -> ROT: PRE(0.0, -0.0, 0.0) -> POST(-13.7, -15.0, -136.6)
  -> SCALE: PRE(3.75, 3.75, 3.75) -> POST(7.62, 7.62, 7.62)
[12:40:47] OBJECT_ORIGIN | sea level | TRANSFORMING...
  -> LOC: PRE(-1118.16, -2358.38, -107.05) -> POST(2428.27, 826.15, 282.11)
  -> ROT: PRE(0.0, -0.0, 0.0) -> POST(-13.7, -15.0, -136.6)
  -> SCALE: PRE(3.75, 3.75, 3.75) -> POST(7.62, 7.62, 7.62)
[12:40:47] OBJECT_ORIGIN | sea level | TRANSFORMING...
  -> LOC: PRE(-1118.16, -2358.38, -107.05) -> POST(2597.27, 1037.15, 282.11)
  -> ROT: PRE(0.0, -0.0, 0.0) -> POST(-13.7, -15.0, -136.6)
  -> SCALE: PRE(3.75, 3.75, 3.75) -> POST(7.62, 7.62, 7.62)
[12:40:47] OBJECT_ORIGIN | sea level | TRANSFORMING...
  -> LOC: PRE(-1118.16, -2358.38, -107.05) -> POST(2597.27, 1249.15, 282.11)
  -> ROT: PRE(0.0, -0.0, 0.0) -> POST(-13.7, -15.0, -136.6)
  -> SCALE: PRE(3.75, 3.75, 3.75) -> POST(7.62, 7.62, 7.62)
[12:40:47] OBJECT_ORIGIN | sea level | TRANSFORMING...
  -> LOC: PRE(-1118.16, -2358.38, -107.05) -> POST(2936.27, 1545.15, 282.11)
  -> ROT: PRE(0.0, -0.0, 0.0) -> POST(-13.7, -15.0, -136.6)
  -> SCALE: PRE(3.75, 3.75, 3.75) -> POST(7.62, 7.62, 7.62)
[12:40:47] OBJECT_ORIGIN | sea level | TRANSFORMING...
  -> LOC: PRE(-1118.16, -2358.38, -107.05) -> POST(3275.27, 1672.15, 282.11)
  -> ROT: PRE(0.0, -0.0, 0.0) -> POST(-13.7, -15.0, -136.6)
  -> SCALE: PRE(3.75, 3.75, 3.75) -> POST(7.62, 7.62, 7.62)
[12:40:47] OBJECT_ORIGIN | sea level | TRANSFORMING...
  -> LOC: PRE(-1118.16, -2358.38, -107.05) -> POST(3275.27, 1842.15, 282.11)
  -> ROT: PRE(0.0, -0.0, 0.0) -> POST(-13.7, -15.0, -136.6)
  -> SCALE: PRE(3.75, 3.75, 3.75) -> POST(7.62, 7.62, 7.62)
[12:40:47] OBJECT_ORIGIN | sea level | TRANSFORMING...
  -> LOC: PRE(-1118.16, -2358.38, -107.05) -> POST(3444.27, 1884.15, 282.11)
  -> ROT: PRE(0.0, -0.0, 0.0) -> POST(-13.7, -15.0, -136.6)
  -> SCALE: PRE(3.75, 3.75, 3.75) -> POST(7.62, 7.62, 7.62)
[12:40:47] OBJECT_ORIGIN | sea level | TRANSFORMING...
  -> LOC: PRE(-1118.16, -2358.38, -107.05) -> POST(3613.27, 1969.15, 282.11)
  -> ROT: PRE(0.0, -0.0, 0.0) -> POST(-13.7, -15.0, -136.6)
  -> SCALE: PRE(3.75, 3.75, 3.75) -> POST(7.62, 7.62, 7.62)
[12:40:47] KOMENDA: Move (TRANSFORM_OT_translate)
