[15:09:32] === SESJA ATOMIC START: 2026_04_13_15_09_32 ===
[15:09:41] VERTS | Cube.011 | [44]
[17:08:16] KOMENDA: Select (VIEW3D_OT_select)
[17:08:17] KOMENDA: Edit Mode (OBJECT_OT_editmode_toggle)
[17:08:17] KOMENDA: Select (VIEW3D_OT_select)
[17:08:25] VERTS | Cube.001 | [12]
[17:08:25] KOMENDA: Edit Mode (OBJECT_OT_editmode_toggle)
[17:08:25] KOMENDA: Select (VIEW3D_OT_select)
[17:08:26] KOMENDA: Edit Mode (OBJECT_OT_editmode_toggle)
[17:08:36] KOMENDA: Select (VIEW3D_OT_select)
[17:08:36] KOMENDA: Edit Mode (OBJECT_OT_editmode_toggle)
[17:08:37] KOMENDA: Select (VIEW3D_OT_select)
[17:08:37] KOMENDA: Edit Mode (OBJECT_OT_editmode_toggle)
[17:09:06] KOMENDA: Ruler Add (VIEW3D_OT_ruler_add)
[17:09:06] KOMENDA: Remove Annotation Layer (GPENCIL_OT_layer_annotation_remove)
[17:09:16] KOMENDA: Edit Mode (OBJECT_OT_editmode_toggle)
[17:09:16] KOMENDA: Select (VIEW3D_OT_select)
[17:10:02] KOMENDA: Edit Mode (OBJECT_OT_editmode_toggle)
[17:10:16] KOMENDA: Remove Annotation Layer (GPENCIL_OT_layer_annotation_remove)
[17:10:42] KOMENDA: Edit Mode (OBJECT_OT_editmode_toggle)
[17:10:48] VERTS | Cube.001 | [0, 1, 2, 3, 4, 5, 6, 7, 24, 25, 26, 27, 28, 29, 30, 31, 32, 33, 34, 35, 36, 37, 38, 39, 40, 41, 42, 43, 44, 45, 46, 47, 48, 49, 50, 51, 52, 53, 54, 55, 56, 57, 58, 59, 60, 61, 62, 63]
[17:10:48] KOMENDA: Box Select (VIEW3D_OT_select_box)
[17:10:51] VERTS | Cube.001 | [64, 65, 66, 67, 68, 69, 70, 71, 72, 73, 74, 75, 76, 77, 78, 79, 80, 81, 82, 83, 84, 85, 86, 87, 88, 89, 90, 91, 92, 93, 94, 95, 96, 97, 98, 99, 100, 101, 102, 103, 104, 105, 106, 107, 108, 109, 110, 111]
[17:11:11] KOMENDA: Select Mode (MESH_OT_select_mode)
[17:11:19] KOMENDA: Edit Mode (OBJECT_OT_editmode_toggle)
[17:11:21] KOMENDA: Select Mode (MESH_OT_select_mode)
[17:11:26] VERTS | Cube.001 | [64, 65, 66, 67, 68, 69, 70, 71, 104, 105, 106, 107, 108, 109, 110, 111]
[17:11:26] KOMENDA: Box Select (VIEW3D_OT_select_box)
[17:11:29] KOMENDA: Delete (MESH_OT_delete)
[17:11:33] KOMENDA: Edit Mode (OBJECT_OT_editmode_toggle)
[17:11:38] KOMENDA: Select Mode (MESH_OT_select_mode)
[17:11:42] KOMENDA: Edit Mode (OBJECT_OT_editmode_toggle)
[17:11:46] VERTS | Cube.001 | [88, 90, 92, 94]
[17:11:46] KOMENDA: Select (VIEW3D_OT_select)
[17:11:47] VERTS | Cube.001 | [92, 93, 94, 95]
[17:11:49] VERTS | Cube.001 | [72, 73, 76, 77]
[17:11:51] KOMENDA: Box Select (VIEW3D_OT_select_box)
[17:11:54] VERTS | Cube.001 | [64, 65, 66, 67, 68, 69, 70, 71, 72, 73, 74, 75, 76, 77, 78, 79, 80, 81, 82, 83, 84, 85, 86, 87, 88, 89, 90, 91, 92, 93, 94, 95]
[17:12:49] KOMENDA: Edit Mode (OBJECT_OT_editmode_toggle)
[17:12:55] KOMENDA: Select (OUTLINER_OT_item_activate)
[17:12:59] KOMENDA: Rename (OUTLINER_OT_item_rename)
[17:13:00] KOMENDA: Select (OUTLINER_OT_item_activate)
[17:13:11] KOMENDA: Rename (OUTLINER_OT_item_rename)
[17:13:12] KOMENDA: Select (OUTLINER_OT_item_activate)
[17:13:15] KOMENDA: Rename (OUTLINER_OT_item_rename)
[17:13:17] KOMENDA: Select (OUTLINER_OT_item_activate)
[17:13:38] KOMENDA: Select (VIEW3D_OT_select)
